{"/home/slyxi/Match-Prediction-App/match_prediction_app-front/src/api/client.js": {"path":"/home/slyxi/Match-Prediction-App/match_prediction_app-front/src/api/client.js","statementMap":{"0":{"start":{"line":1,"column":21},"end":{"line":1,"column":44}},"1":{"start":{"line":4,"column":18},"end":{"line":4,"column":47}},"2":{"start":{"line":5,"column":20},"end":{"line":8,"column":5}},"3":{"start":{"line":10,"column":4},"end":{"line":12,"column":5}},"4":{"start":{"line":11,"column":8},"end":{"line":11,"column":53}},"5":{"start":{"line":14,"column":19},"end":{"line":17,"column":5}},"6":{"start":{"line":19,"column":21},"end":{"line":19,"column":70}},"7":{"start":{"line":21,"column":4},"end":{"line":24,"column":5}},"8":{"start":{"line":22,"column":26},"end":{"line":22,"column":65}},"9":{"start":{"line":22,"column":61},"end":{"line":22,"column":63}},"10":{"start":{"line":23,"column":8},"end":{"line":23,"column":71}},"11":{"start":{"line":26,"column":4},"end":{"line":26,"column":27}},"12":{"start":{"line":29,"column":25},"end":{"line":34,"column":1}},"13":{"start":{"line":30,"column":23},"end":{"line":30,"column":59}},"14":{"start":{"line":31,"column":30},"end":{"line":31,"column":95}},"15":{"start":{"line":32,"column":29},"end":{"line":32,"column":93}},"16":{"start":{"line":33,"column":26},"end":{"line":33,"column":65}}},"fnMap":{"0":{"name":"request","decl":{"start":{"line":3,"column":15},"end":{"line":3,"column":22}},"loc":{"start":{"line":3,"column":47},"end":{"line":27,"column":1}},"line":3},"1":{"name":"(anonymous_1)","decl":{"start":{"line":22,"column":54},"end":{"line":22,"column":55}},"loc":{"start":{"line":22,"column":61},"end":{"line":22,"column":63}},"line":22},"2":{"name":"(anonymous_2)","decl":{"start":{"line":30,"column":9},"end":{"line":30,"column":10}},"loc":{"start":{"line":30,"column":23},"end":{"line":30,"column":59}},"line":30},"3":{"name":"(anonymous_3)","decl":{"start":{"line":31,"column":10},"end":{"line":31,"column":11}},"loc":{"start":{"line":31,"column":30},"end":{"line":31,"column":95}},"line":31},"4":{"name":"(anonymous_4)","decl":{"start":{"line":32,"column":9},"end":{"line":32,"column":10}},"loc":{"start":{"line":32,"column":29},"end":{"line":32,"column":93}},"line":32},"5":{"name":"(anonymous_5)","decl":{"start":{"line":33,"column":12},"end":{"line":33,"column":13}},"loc":{"start":{"line":33,"column":26},"end":{"line":33,"column":65}},"line":33}},"branchMap":{"0":{"loc":{"start":{"line":3,"column":33},"end":{"line":3,"column":45}},"type":"default-arg","locations":[{"start":{"line":3,"column":43},"end":{"line":3,"column":45}}],"line":3},"1":{"loc":{"start":{"line":10,"column":4},"end":{"line":12,"column":5}},"type":"if","locations":[{"start":{"line":10,"column":4},"end":{"line":12,"column":5}},{"start":{},"end":{}}],"line":10},"2":{"loc":{"start":{"line":21,"column":4},"end":{"line":24,"column":5}},"type":"if","locations":[{"start":{"line":21,"column":4},"end":{"line":24,"column":5}},{"start":{},"end":{}}],"line":21},"3":{"loc":{"start":{"line":23,"column":24},"end":{"line":23,"column":69}},"type":"binary-expr","locations":[{"start":{"line":23,"column":24},"end":{"line":23,"column":40}},{"start":{"line":23,"column":44},"end":{"line":23,"column":69}}],"line":23}},"s":{"0":6,"1":33,"2":33,"3":33,"4":0,"5":33,"6":33,"7":0,"8":0,"9":0,"10":0,"11":0,"12":6,"13":28,"14":3,"15":1,"16":1},"f":{"0":33,"1":0,"2":28,"3":3,"4":1,"5":1},"b":{"0":[0],"1":[0,33],"2":[0,0],"3":[0,0]},"_coverageSchema":"1a1c01bbd47fc00a2c39e90264f33305004495a9","hash":"44751c1344774acdea9a7445b72c7c2f4a8fe502"}
,"/home/slyxi/Match-Prediction-App/match_prediction_app-front/src/assets/logo.png": {"path":"/home/slyxi/Match-Prediction-App/match_prediction_app-front/src/assets/logo.png","statementMap":{"0":{"start":{"line":1,"column":0},"end":{"line":1,"column":19}}},"fnMap":{},"branchMap":{},"s":{"0":4},"f":{},"b":{},"_coverageSchema":"1a1c01bbd47fc00a2c39e90264f33305004495a9","hash":"b769c7ac23c256c062dbcc5fef552ee7e3565a1c"}
,"/home/slyxi/Match-Prediction-App/match_prediction_app-front/src/components/NavigationBar.vue": {"path":"/home/slyxi/Match-Prediction-App/match_prediction_app-front/src/components/NavigationBar.vue","statementMap":{"0":{"start":{"line":4,"column":0},"end":{"line":6,"column":3}},"1":{"start":{"line":7,"column":0},"end":{"line":7,"column":25}},"2":{"start":{"line":8,"column":15},"end":{"line":10,"column":1}},"3":{"start":{"line":11,"column":0},"end":{"line":11,"column":13}},"4":{"start":{"line":13,"column":0},"end":{"line":15,"column":3}},"5":{"start":{"line":16,"column":0},"end":{"line":16,"column":24}},"6":{"start":{"line":17,"column":11},"end":{"line":17,"column":25}},"7":{"start":{"line":18,"column":12},"end":{"line":18,"column":64}},"8":{"start":{"line":19,"column":37},"end":{"line":19,"column":85}},"9":{"start":{"line":20,"column":33},"end":{"line":20,"column":143}},"10":{"start":{"line":21,"column":32},"end":{"line":21,"column":188}},"11":{"start":{"line":22,"column":45},"end":{"line":22,"column":376}},"12":{"start":{"line":22,"column":54},"end":{"line":22,"column":111}},"13":{"start":{"line":22,"column":80},"end":{"line":22,"column":111}},"14":{"start":{"line":22,"column":120},"end":{"line":22,"column":152}},"15":{"start":{"line":22,"column":154},"end":{"line":22,"column":374}},"16":{"start":{"line":23,"column":31},"end":{"line":23,"column":143}},"17":{"start":{"line":23,"column":122},"end":{"line":23,"column":143}},"18":{"start":{"line":24,"column":33},"end":{"line":24,"column":83}},"19":{"start":{"line":24,"column":55},"end":{"line":24,"column":83}},"20":{"start":{"line":25,"column":35},"end":{"line":25,"column":81}},"21":{"start":{"line":25,"column":82},"end":{"line":25,"column":136}},"22":{"start":{"line":25,"column":95},"end":{"line":25,"column":96}},"23":{"start":{"line":25,"column":102},"end":{"line":25,"column":110}},"24":{"start":{"line":25,"column":124},"end":{"line":25,"column":136}},"25":{"start":{"line":25,"column":137},"end":{"line":25,"column":146}},"26":{"start":{"line":26,"column":17},"end":{"line":28,"column":1}},"27":{"start":{"line":29,"column":17},"end":{"line":31,"column":1}},"28":{"start":{"line":33,"column":31},"end":{"line":33,"column":72}},"29":{"start":{"line":34,"column":2},"end":{"line":80,"column":9}},"30":{"start":{"line":45,"column":6},"end":{"line":45,"column":118}},"31":{"start":{"line":53,"column":6},"end":{"line":53,"column":120}},"32":{"start":{"line":61,"column":6},"end":{"line":61,"column":119}},"33":{"start":{"line":69,"column":6},"end":{"line":69,"column":115}},"34":{"start":{"line":77,"column":6},"end":{"line":77,"column":113}},"35":{"start":{"line":81,"column":2},"end":{"line":81,"column":49}}},"fnMap":{"0":{"name":"_interopRequireDefault","decl":{"start":{"line":19,"column":9},"end":{"line":19,"column":31}},"loc":{"start":{"line":19,"column":35},"end":{"line":19,"column":87}},"line":19},"1":{"name":"_toConsumableArray","decl":{"start":{"line":20,"column":9},"end":{"line":20,"column":27}},"loc":{"start":{"line":20,"column":31},"end":{"line":20,"column":145}},"line":20},"2":{"name":"_nonIterableSpread","decl":{"start":{"line":21,"column":9},"end":{"line":21,"column":27}},"loc":{"start":{"line":21,"column":30},"end":{"line":21,"column":190}},"line":21},"3":{"name":"_unsupportedIterableToArray","decl":{"start":{"line":22,"column":9},"end":{"line":22,"column":36}},"loc":{"start":{"line":22,"column":43},"end":{"line":22,"column":378}},"line":22},"4":{"name":"_iterableToArray","decl":{"start":{"line":23,"column":9},"end":{"line":23,"column":25}},"loc":{"start":{"line":23,"column":29},"end":{"line":23,"column":145}},"line":23},"5":{"name":"_arrayWithoutHoles","decl":{"start":{"line":24,"column":9},"end":{"line":24,"column":27}},"loc":{"start":{"line":24,"column":31},"end":{"line":24,"column":85}},"line":24},"6":{"name":"_arrayLikeToArray","decl":{"start":{"line":25,"column":9},"end":{"line":25,"column":26}},"loc":{"start":{"line":25,"column":33},"end":{"line":25,"column":148}},"line":25},"7":{"name":"render","decl":{"start":{"line":32,"column":9},"end":{"line":32,"column":15}},"loc":{"start":{"line":32,"column":30},"end":{"line":81,"column":1}},"line":32},"8":{"name":"(anonymous_8)","decl":{"start":{"line":44,"column":33},"end":{"line":44,"column":34}},"loc":{"start":{"line":44,"column":45},"end":{"line":46,"column":5}},"line":44},"9":{"name":"(anonymous_9)","decl":{"start":{"line":52,"column":33},"end":{"line":52,"column":34}},"loc":{"start":{"line":52,"column":45},"end":{"line":54,"column":5}},"line":52},"10":{"name":"(anonymous_10)","decl":{"start":{"line":60,"column":33},"end":{"line":60,"column":34}},"loc":{"start":{"line":60,"column":45},"end":{"line":62,"column":5}},"line":60},"11":{"name":"(anonymous_11)","decl":{"start":{"line":68,"column":33},"end":{"line":68,"column":34}},"loc":{"start":{"line":68,"column":45},"end":{"line":70,"column":5}},"line":68},"12":{"name":"(anonymous_12)","decl":{"start":{"line":76,"column":33},"end":{"line":76,"column":34}},"loc":{"start":{"line":76,"column":45},"end":{"line":78,"column":5}},"line":76}},"branchMap":{"0":{"loc":{"start":{"line":19,"column":44},"end":{"line":19,"column":84}},"type":"cond-expr","locations":[{"start":{"line":19,"column":64},"end":{"line":19,"column":65}},{"start":{"line":19,"column":68},"end":{"line":19,"column":84}}],"line":19},"1":{"loc":{"start":{"line":19,"column":44},"end":{"line":19,"column":61}},"type":"binary-expr","locations":[{"start":{"line":19,"column":44},"end":{"line":19,"column":45}},{"start":{"line":19,"column":49},"end":{"line":19,"column":61}}],"line":19},"2":{"loc":{"start":{"line":20,"column":40},"end":{"line":20,"column":142}},"type":"binary-expr","locations":[{"start":{"line":20,"column":40},"end":{"line":20,"column":61}},{"start":{"line":20,"column":65},"end":{"line":20,"column":84}},{"start":{"line":20,"column":88},"end":{"line":20,"column":118}},{"start":{"line":20,"column":122},"end":{"line":20,"column":142}}],"line":20},"3":{"loc":{"start":{"line":22,"column":45},"end":{"line":22,"column":376}},"type":"if","locations":[{"start":{"line":22,"column":45},"end":{"line":22,"column":376}},{"start":{},"end":{}}],"line":22},"4":{"loc":{"start":{"line":22,"column":54},"end":{"line":22,"column":111}},"type":"if","locations":[{"start":{"line":22,"column":54},"end":{"line":22,"column":111}},{"start":{},"end":{}}],"line":22},"5":{"loc":{"start":{"line":22,"column":161},"end":{"line":22,"column":220}},"type":"binary-expr","locations":[{"start":{"line":22,"column":161},"end":{"line":22,"column":175}},{"start":{"line":22,"column":179},"end":{"line":22,"column":192}},{"start":{"line":22,"column":197},"end":{"line":22,"column":219}}],"line":22},"6":{"loc":{"start":{"line":22,"column":222},"end":{"line":22,"column":373}},"type":"cond-expr","locations":[{"start":{"line":22,"column":251},"end":{"line":22,"column":264}},{"start":{"line":22,"column":267},"end":{"line":22,"column":373}}],"line":22},"7":{"loc":{"start":{"line":22,"column":222},"end":{"line":22,"column":248}},"type":"binary-expr","locations":[{"start":{"line":22,"column":222},"end":{"line":22,"column":233}},{"start":{"line":22,"column":237},"end":{"line":22,"column":248}}],"line":22},"8":{"loc":{"start":{"line":22,"column":267},"end":{"line":22,"column":373}},"type":"cond-expr","locations":[{"start":{"line":22,"column":341},"end":{"line":22,"column":364}},{"start":{"line":22,"column":367},"end":{"line":22,"column":373}}],"line":22},"9":{"loc":{"start":{"line":22,"column":267},"end":{"line":22,"column":338}},"type":"binary-expr","locations":[{"start":{"line":22,"column":267},"end":{"line":22,"column":284}},{"start":{"line":22,"column":288},"end":{"line":22,"column":338}}],"line":22},"10":{"loc":{"start":{"line":23,"column":31},"end":{"line":23,"column":143}},"type":"if","locations":[{"start":{"line":23,"column":31},"end":{"line":23,"column":143}},{"start":{},"end":{}}],"line":23},"11":{"loc":{"start":{"line":23,"column":35},"end":{"line":23,"column":120}},"type":"binary-expr","locations":[{"start":{"line":23,"column":35},"end":{"line":23,"column":63}},{"start":{"line":23,"column":67},"end":{"line":23,"column":93}},{"start":{"line":23,"column":97},"end":{"line":23,"column":120}}],"line":23},"12":{"loc":{"start":{"line":24,"column":33},"end":{"line":24,"column":83}},"type":"if","locations":[{"start":{"line":24,"column":33},"end":{"line":24,"column":83}},{"start":{},"end":{}}],"line":24},"13":{"loc":{"start":{"line":25,"column":35},"end":{"line":25,"column":80}},"type":"binary-expr","locations":[{"start":{"line":25,"column":36},"end":{"line":25,"column":45}},{"start":{"line":25,"column":49},"end":{"line":25,"column":61}},{"start":{"line":25,"column":67},"end":{"line":25,"column":79}}],"line":25},"14":{"loc":{"start":{"line":34,"column":81},"end":{"line":40,"column":24}},"type":"binary-expr","locations":[{"start":{"line":34,"column":81},"end":{"line":34,"column":90}},{"start":{"line":34,"column":95},"end":{"line":40,"column":23}}],"line":34},"15":{"loc":{"start":{"line":45,"column":32},"end":{"line":45,"column":116}},"type":"binary-expr","locations":[{"start":{"line":45,"column":32},"end":{"line":45,"column":41}},{"start":{"line":45,"column":46},"end":{"line":45,"column":115}}],"line":45},"16":{"loc":{"start":{"line":53,"column":32},"end":{"line":53,"column":118}},"type":"binary-expr","locations":[{"start":{"line":53,"column":32},"end":{"line":53,"column":41}},{"start":{"line":53,"column":46},"end":{"line":53,"column":117}}],"line":53},"17":{"loc":{"start":{"line":61,"column":32},"end":{"line":61,"column":117}},"type":"binary-expr","locations":[{"start":{"line":61,"column":32},"end":{"line":61,"column":41}},{"start":{"line":61,"column":46},"end":{"line":61,"column":116}}],"line":61},"18":{"loc":{"start":{"line":69,"column":32},"end":{"line":69,"column":113}},"type":"binary-expr","locations":[{"start":{"line":69,"column":32},"end":{"line":69,"column":41}},{"start":{"line":69,"column":46},"end":{"line":69,"column":112}}],"line":69},"19":{"loc":{"start":{"line":77,"column":32},"end":{"line":77,"column":111}},"type":"binary-expr","locations":[{"start":{"line":77,"column":32},"end":{"line":77,"column":41}},{"start":{"line":77,"column":46},"end":{"line":77,"column":110}}],"line":77}},"s":{"0":1,"1":1,"2":1,"3":1,"4":1,"5":1,"6":1,"7":1,"8":1,"9":31,"10":0,"11":0,"12":0,"13":0,"14":0,"15":0,"16":0,"17":0,"18":31,"19":31,"20":31,"21":31,"22":31,"23":31,"24":31,"25":31,"26":1,"27":1,"28":6,"29":6,"30":7,"31":6,"32":6,"33":6,"34":6,"35":1},"f":{"0":1,"1":31,"2":0,"3":0,"4":0,"5":31,"6":31,"7":6,"8":7,"9":6,"10":6,"11":6,"12":6},"b":{"0":[0,1],"1":[1,0],"2":[31,0,0,0],"3":[0,0],"4":[0,0],"5":[0,0,0],"6":[0,0],"7":[0,0],"8":[0,0],"9":[0,0],"10":[0,0],"11":[0,0,0],"12":[31,0],"13":[31,0,31],"14":[6,6],"15":[7,6],"16":[6,6],"17":[6,6],"18":[6,6],"19":[6,6]},"inputSourceMap":{"0":"{","1":"\"","2":"v","3":"e","4":"r","5":"s","6":"i","7":"o","8":"n","9":"\"","10":":","11":"3","12":",","13":"\"","14":"s","15":"o","16":"u","17":"r","18":"c","19":"e","20":"s","21":"\"","22":":","23":"[","24":"\"","25":"/","26":"h","27":"o","28":"m","29":"e","30":"/","31":"s","32":"l","33":"y","34":"x","35":"i","36":"/","37":"M","38":"a","39":"t","40":"c","41":"h","42":"-","43":"P","44":"r","45":"e","46":"d","47":"i","48":"c","49":"t","50":"i","51":"o","52":"n","53":"-","54":"A","55":"p","56":"p","57":"/","58":"m","59":"a","60":"t","61":"c","62":"h","63":"_","64":"p","65":"r","66":"e","67":"d","68":"i","69":"c","70":"t","71":"i","72":"o","73":"n","74":"_","75":"a","76":"p","77":"p","78":"-","79":"f","80":"r","81":"o","82":"n","83":"t","84":"/","85":"s","86":"r","87":"c","88":"/","89":"c","90":"o","91":"m","92":"p","93":"o","94":"n","95":"e","96":"n","97":"t","98":"s","99":"/","100":"N","101":"a","102":"v","103":"i","104":"g","105":"a","106":"t","107":"i","108":"o","109":"n","110":"B","111":"a","112":"r","113":".","114":"v","115":"u","116":"e","117":"\"","118":"]","119":",","120":"\"","121":"n","122":"a","123":"m","124":"e","125":"s","126":"\"","127":":","128":"[","129":"]","130":",","131":"\"","132":"m","133":"a","134":"p","135":"p","136":"i","137":"n","138":"g","139":"s","140":"\"","141":":","142":"\"","143":";","144":";","145":";","146":";","147":";","148":";","149":";","150":"i","151":"C","152":"A","153":"g","154":"B","155":"e","156":";","157":"E","158":"A","159":"C","160":"b","161":",","162":"I","163":"A","164":"A","165":"I","166":",","167":"E","168":"A","169":"A","170":"E","171":";","172":"A","173":"A","174":"C","175":"R","176":",","177":"C","178":"A","179":"A","180":"C","181":"\"","182":",","183":"\"","184":"f","185":"i","186":"l","187":"e","188":"\"","189":":","190":"\"","191":"/","192":"h","193":"o","194":"m","195":"e","196":"/","197":"s","198":"l","199":"y","200":"x","201":"i","202":"/","203":"M","204":"a","205":"t","206":"c","207":"h","208":"-","209":"P","210":"r","211":"e","212":"d","213":"i","214":"c","215":"t","216":"i","217":"o","218":"n","219":"-","220":"A","221":"p","222":"p","223":"/","224":"m","225":"a","226":"t","227":"c","228":"h","229":"_","230":"p","231":"r","232":"e","233":"d","234":"i","235":"c","236":"t","237":"i","238":"o","239":"n","240":"_","241":"a","242":"p","243":"p","244":"-","245":"f","246":"r","247":"o","248":"n","249":"t","250":"/","251":"s","252":"r","253":"c","254":"/","255":"c","256":"o","257":"m","258":"p","259":"o","260":"n","261":"e","262":"n","263":"t","264":"s","265":"/","266":"N","267":"a","268":"v","269":"i","270":"g","271":"a","272":"t","273":"i","274":"o","275":"n","276":"B","277":"a","278":"r","279":".","280":"v","281":"u","282":"e","283":"\"","284":",","285":"\"","286":"s","287":"o","288":"u","289":"r","290":"c","291":"e","292":"s","293":"C","294":"o","295":"n","296":"t","297":"e","298":"n","299":"t","300":"\"","301":":","302":"[","303":"\"","304":"<","305":"t","306":"e","307":"m","308":"p","309":"l","310":"a","311":"t","312":"e","313":">","314":"\\","315":"n","316":" ","317":" ","318":"<","319":"n","320":"a","321":"v","322":" ","323":"c","324":"l","325":"a","326":"s","327":"s","328":"=","329":"\\","330":"\"","331":"n","332":"a","333":"v","334":"b","335":"a","336":"r","337":"\\","338":"\"","339":">","340":"\\","341":"n","342":" ","343":" ","344":" ","345":" ","346":"<","347":"d","348":"i","349":"v","350":" ","351":"c","352":"l","353":"a","354":"s","355":"s","356":"=","357":"\\","358":"\"","359":"n","360":"a","361":"v","362":"-","363":"b","364":"r","365":"a","366":"n","367":"d","368":"\\","369":"\"","370":">","371":"\\","372":"n","373":" ","374":" ","375":" ","376":" ","377":" ","378":" ","379":"<","380":"i","381":"m","382":"g","383":" ","384":"s","385":"r","386":"c","387":"=","388":"\\","389":"\"","390":"@","391":"/","392":"a","393":"s","394":"s","395":"e","396":"t","397":"s","398":"/","399":"l","400":"o","401":"g","402":"o","403":".","404":"p","405":"n","406":"g","407":"\\","408":"\"","409":" ","410":"a","411":"l","412":"t","413":"=","414":"\\","415":"\"","416":"L","417":"o","418":"g","419":"o","420":"\\","421":"\"","422":" ","423":"c","424":"l","425":"a","426":"s","427":"s","428":"=","429":"\\","430":"\"","431":"l","432":"o","433":"g","434":"o","435":"-","436":"i","437":"m","438":"g","439":"\\","440":"\"","441":" ","442":"/","443":">","444":"\\","445":"n","446":" ","447":" ","448":" ","449":" ","450":"<","451":"/","452":"d","453":"i","454":"v","455":">","456":"\\","457":"n","458":" ","459":" ","460":" ","461":" ","462":"<","463":"d","464":"i","465":"v","466":" ","467":"c","468":"l","469":"a","470":"s","471":"s","472":"=","473":"\\","474":"\"","475":"n","476":"a","477":"v","478":"-","479":"m","480":"e","481":"n","482":"u","483":"\\","484":"\"","485":">","486":"\\","487":"n","488":" ","489":" ","490":" ","491":" ","492":" ","493":" ","494":"<","495":"r","496":"o","497":"u","498":"t","499":"e","500":"r","501":"-","502":"l","503":"i","504":"n","505":"k","506":" ","507":"t","508":"o","509":"=","510":"\\","511":"\"","512":"/","513":"\\","514":"\"","515":" ","516":"c","517":"l","518":"a","519":"s","520":"s","521":"=","522":"\\","523":"\"","524":"n","525":"a","526":"v","527":"-","528":"i","529":"t","530":"e","531":"m","532":"\\","533":"\"","534":">","535":"D","536":"a","537":"s","538":"h","539":"b","540":"o","541":"a","542":"r","543":"d","544":"<","545":"/","546":"r","547":"o","548":"u","549":"t","550":"e","551":"r","552":"-","553":"l","554":"i","555":"n","556":"k","557":">","558":"\\","559":"n","560":" ","561":" ","562":" ","563":" ","564":" ","565":" ","566":"<","567":"r","568":"o","569":"u","570":"t","571":"e","572":"r","573":"-","574":"l","575":"i","576":"n","577":"k","578":" ","579":"t","580":"o","581":"=","582":"\\","583":"\"","584":"/","585":"p","586":"r","587":"e","588":"d","589":"i","590":"c","591":"t","592":"i","593":"o","594":"n","595":"s","596":"\\","597":"\"","598":" ","599":"c","600":"l","601":"a","602":"s","603":"s","604":"=","605":"\\","606":"\"","607":"n","608":"a","609":"v","610":"-","611":"i","612":"t","613":"e","614":"m","615":"\\","616":"\"","617":">","618":"P","619":"r","620":"é","621":"d","622":"i","623":"c","624":"t","625":"i","626":"o","627":"n","628":"s","629":"<","630":"/","631":"r","632":"o","633":"u","634":"t","635":"e","636":"r","637":"-","638":"l","639":"i","640":"n","641":"k","642":">","643":"\\","644":"n","645":" ","646":" ","647":" ","648":" ","649":" ","650":" ","651":"<","652":"r","653":"o","654":"u","655":"t","656":"e","657":"r","658":"-","659":"l","660":"i","661":"n","662":"k","663":" ","664":"t","665":"o","666":"=","667":"\\","668":"\"","669":"/","670":"h","671":"i","672":"s","673":"t","674":"o","675":"r","676":"y","677":"\\","678":"\"","679":" ","680":"c","681":"l","682":"a","683":"s","684":"s","685":"=","686":"\\","687":"\"","688":"n","689":"a","690":"v","691":"-","692":"i","693":"t","694":"e","695":"m","696":"\\","697":"\"","698":">","699":"H","700":"i","701":"s","702":"t","703":"o","704":"r","705":"i","706":"q","707":"u","708":"e","709":"<","710":"/","711":"r","712":"o","713":"u","714":"t","715":"e","716":"r","717":"-","718":"l","719":"i","720":"n","721":"k","722":">","723":"\\","724":"n","725":" ","726":" ","727":" ","728":" ","729":" ","730":" ","731":"<","732":"r","733":"o","734":"u","735":"t","736":"e","737":"r","738":"-","739":"l","740":"i","741":"n","742":"k","743":" ","744":"t","745":"o","746":"=","747":"\\","748":"\"","749":"/","750":"p","751":"r","752":"o","753":"f","754":"i","755":"l","756":"e","757":"\\","758":"\"","759":" ","760":"c","761":"l","762":"a","763":"s","764":"s","765":"=","766":"\\","767":"\"","768":"n","769":"a","770":"v","771":"-","772":"i","773":"t","774":"e","775":"m","776":"\\","777":"\"","778":">","779":"P","780":"r","781":"o","782":"f","783":"i","784":"l","785":"<","786":"/","787":"r","788":"o","789":"u","790":"t","791":"e","792":"r","793":"-","794":"l","795":"i","796":"n","797":"k","798":">","799":"\\","800":"n","801":" ","802":" ","803":" ","804":" ","805":" ","806":" ","807":"<","808":"r","809":"o","810":"u","811":"t","812":"e","813":"r","814":"-","815":"l","816":"i","817":"n","818":"k","819":" ","820":"t","821":"o","822":"=","823":"\\","824":"\"","825":"/","826":"e","827":"x","828":"i","829":"t","830":"\\","831":"\"","832":" ","833":"c","834":"l","835":"a","836":"s","837":"s","838":"=","839":"\\","840":"\"","841":"n","842":"a","843":"v","844":"-","845":"i","846":"t","847":"e","848":"m","849":" ","850":"e","851":"x","852":"i","853":"t","854":"\\","855":"\"","856":">","857":"E","858":"x","859":"i","860":"t","861":"<","862":"/","863":"r","864":"o","865":"u","866":"t","867":"e","868":"r","869":"-","870":"l","871":"i","872":"n","873":"k","874":">","875":"\\","876":"n","877":" ","878":" ","879":" ","880":" ","881":"<","882":"/","883":"d","884":"i","885":"v","886":">","887":"\\","888":"n","889":" ","890":" ","891":"<","892":"/","893":"n","894":"a","895":"v","896":">","897":"\\","898":"n","899":"<","900":"/","901":"t","902":"e","903":"m","904":"p","905":"l","906":"a","907":"t","908":"e","909":">","910":"\\","911":"n","912":"\\","913":"n","914":"<","915":"s","916":"c","917":"r","918":"i","919":"p","920":"t","921":">","922":"\\","923":"n","924":"e","925":"x","926":"p","927":"o","928":"r","929":"t","930":" ","931":"d","932":"e","933":"f","934":"a","935":"u","936":"l","937":"t","938":" ","939":"{","940":"\\","941":"n","942":" ","943":" ","944":"n","945":"a","946":"m","947":"e","948":":","949":" ","950":"\\","951":"\"","952":"N","953":"a","954":"v","955":"i","956":"g","957":"a","958":"t","959":"i","960":"o","961":"n","962":"B","963":"a","964":"r","965":"\\","966":"\"","967":",","968":"\\","969":"n","970":"}","971":";","972":"\\","973":"n","974":"<","975":"/","976":"s","977":"c","978":"r","979":"i","980":"p","981":"t","982":">","983":"\\","984":"n","985":"\\","986":"n","987":"<","988":"s","989":"t","990":"y","991":"l","992":"e","993":" ","994":"s","995":"c","996":"o","997":"p","998":"e","999":"d","1000":">","1001":"\\","1002":"n","1003":".","1004":"n","1005":"a","1006":"v","1007":"b","1008":"a","1009":"r","1010":" ","1011":"{","1012":"\\","1013":"n","1014":" ","1015":" ","1016":"d","1017":"i","1018":"s","1019":"p","1020":"l","1021":"a","1022":"y","1023":":","1024":" ","1025":"f","1026":"l","1027":"e","1028":"x","1029":";","1030":"\\","1031":"n","1032":" ","1033":" ","1034":"j","1035":"u","1036":"s","1037":"t","1038":"i","1039":"f","1040":"y","1041":"-","1042":"c","1043":"o","1044":"n","1045":"t","1046":"e","1047":"n","1048":"t","1049":":","1050":" ","1051":"s","1052":"p","1053":"a","1054":"c","1055":"e","1056":"-","1057":"b","1058":"e","1059":"t","1060":"w","1061":"e","1062":"e","1063":"n","1064":";","1065":"\\","1066":"n","1067":" ","1068":" ","1069":"a","1070":"l","1071":"i","1072":"g","1073":"n","1074":"-","1075":"i","1076":"t","1077":"e","1078":"m","1079":"s","1080":":","1081":" ","1082":"c","1083":"e","1084":"n","1085":"t","1086":"e","1087":"r","1088":";","1089":"\\","1090":"n","1091":" ","1092":" ","1093":"b","1094":"a","1095":"c","1096":"k","1097":"g","1098":"r","1099":"o","1100":"u","1101":"n","1102":"d","1103":":","1104":" ","1105":"l","1106":"i","1107":"n","1108":"e","1109":"a","1110":"r","1111":"-","1112":"g","1113":"r","1114":"a","1115":"d","1116":"i","1117":"e","1118":"n","1119":"t","1120":"(","1121":"1","1122":"3","1123":"5","1124":"d","1125":"e","1126":"g","1127":",","1128":" ","1129":"#","1130":"6","1131":"6","1132":"7","1133":"e","1134":"e","1135":"a","1136":" ","1137":"0","1138":"%","1139":",","1140":" ","1141":"#","1142":"7","1143":"6","1144":"4","1145":"b","1146":"a","1147":"2","1148":" ","1149":"1","1150":"0","1151":"0","1152":"%","1153":")","1154":";","1155":"\\","1156":"n","1157":" ","1158":" ","1159":"p","1160":"a","1161":"d","1162":"d","1163":"i","1164":"n","1165":"g","1166":":","1167":" ","1168":"1","1169":".","1170":"5","1171":"r","1172":"e","1173":"m","1174":" ","1175":"2","1176":"r","1177":"e","1178":"m","1179":";","1180":"\\","1181":"n","1182":" ","1183":" ","1184":"b","1185":"o","1186":"x","1187":"-","1188":"s","1189":"h","1190":"a","1191":"d","1192":"o","1193":"w","1194":":","1195":" ","1196":"0","1197":" ","1198":"2","1199":"p","1200":"x","1201":" ","1202":"1","1203":"0","1204":"p","1205":"x","1206":" ","1207":"r","1208":"g","1209":"b","1210":"a","1211":"(","1212":"0","1213":",","1214":" ","1215":"0","1216":",","1217":" ","1218":"0","1219":",","1220":" ","1221":"0","1222":".","1223":"1","1224":")","1225":";","1226":"\\","1227":"n","1228":"}","1229":"\\","1230":"n","1231":"\\","1232":"n","1233":".","1234":"n","1235":"a","1236":"v","1237":"-","1238":"b","1239":"r","1240":"a","1241":"n","1242":"d","1243":" ","1244":"{","1245":"\\","1246":"n","1247":" ","1248":" ","1249":"f","1250":"o","1251":"n","1252":"t","1253":"-","1254":"s","1255":"i","1256":"z","1257":"e","1258":":","1259":" ","1260":"1","1261":".","1262":"5","1263":"r","1264":"e","1265":"m","1266":";","1267":"\\","1268":"n","1269":" ","1270":" ","1271":"f","1272":"o","1273":"n","1274":"t","1275":"-","1276":"w","1277":"e","1278":"i","1279":"g","1280":"h","1281":"t","1282":":","1283":" ","1284":"b","1285":"o","1286":"l","1287":"d","1288":";","1289":"\\","1290":"n","1291":" ","1292":" ","1293":"c","1294":"o","1295":"l","1296":"o","1297":"r","1298":":","1299":" ","1300":"w","1301":"h","1302":"i","1303":"t","1304":"e","1305":";","1306":"\\","1307":"n","1308":"}","1309":"\\","1310":"n","1311":"\\","1312":"n","1313":".","1314":"l","1315":"o","1316":"g","1317":"o","1318":"-","1319":"i","1320":"m","1321":"g","1322":" ","1323":"{","1324":"\\","1325":"n","1326":" ","1327":" ","1328":"h","1329":"e","1330":"i","1331":"g","1332":"h","1333":"t","1334":":","1335":" ","1336":"4","1337":"r","1338":"e","1339":"m","1340":";","1341":"\\","1342":"n","1343":" ","1344":" ","1345":"w","1346":"i","1347":"d","1348":"t","1349":"h","1350":":","1351":" ","1352":"a","1353":"u","1354":"t","1355":"o","1356":";","1357":"\\","1358":"n","1359":"}","1360":"\\","1361":"n","1362":"\\","1363":"n","1364":".","1365":"n","1366":"a","1367":"v","1368":"-","1369":"m","1370":"e","1371":"n","1372":"u","1373":" ","1374":"{","1375":"\\","1376":"n","1377":" ","1378":" ","1379":"d","1380":"i","1381":"s","1382":"p","1383":"l","1384":"a","1385":"y","1386":":","1387":" ","1388":"f","1389":"l","1390":"e","1391":"x","1392":";","1393":"\\","1394":"n","1395":" ","1396":" ","1397":"g","1398":"a","1399":"p","1400":":","1401":" ","1402":"2","1403":"r","1404":"e","1405":"m","1406":";","1407":"\\","1408":"n","1409":"}","1410":"\\","1411":"n","1412":"\\","1413":"n","1414":".","1415":"n","1416":"a","1417":"v","1418":"-","1419":"i","1420":"t","1421":"e","1422":"m","1423":" ","1424":"{","1425":"\\","1426":"n","1427":" ","1428":" ","1429":"c","1430":"o","1431":"l","1432":"o","1433":"r","1434":":","1435":" ","1436":"w","1437":"h","1438":"i","1439":"t","1440":"e","1441":";","1442":"\\","1443":"n","1444":" ","1445":" ","1446":"t","1447":"e","1448":"x","1449":"t","1450":"-","1451":"d","1452":"e","1453":"c","1454":"o","1455":"r","1456":"a","1457":"t","1458":"i","1459":"o","1460":"n","1461":":","1462":" ","1463":"n","1464":"o","1465":"n","1466":"e","1467":";","1468":"\\","1469":"n","1470":" ","1471":" ","1472":"p","1473":"a","1474":"d","1475":"d","1476":"i","1477":"n","1478":"g","1479":":","1480":" ","1481":"0","1482":".","1483":"5","1484":"r","1485":"e","1486":"m","1487":" ","1488":"1","1489":"r","1490":"e","1491":"m","1492":";","1493":"\\","1494":"n","1495":" ","1496":" ","1497":"b","1498":"o","1499":"r","1500":"d","1501":"e","1502":"r","1503":"-","1504":"r","1505":"a","1506":"d","1507":"i","1508":"u","1509":"s","1510":":","1511":" ","1512":"4","1513":"p","1514":"x","1515":";","1516":"\\","1517":"n","1518":" ","1519":" ","1520":"t","1521":"r","1522":"a","1523":"n","1524":"s","1525":"i","1526":"t","1527":"i","1528":"o","1529":"n","1530":":","1531":" ","1532":"b","1533":"a","1534":"c","1535":"k","1536":"g","1537":"r","1538":"o","1539":"u","1540":"n","1541":"d","1542":"-","1543":"c","1544":"o","1545":"l","1546":"o","1547":"r","1548":" ","1549":"0","1550":".","1551":"3","1552":"s","1553":";","1554":"\\","1555":"n","1556":"}","1557":"\\","1558":"n","1559":"\\","1560":"n","1561":".","1562":"n","1563":"a","1564":"v","1565":"-","1566":"i","1567":"t","1568":"e","1569":"m","1570":":","1571":"h","1572":"o","1573":"v","1574":"e","1575":"r","1576":" ","1577":"{","1578":"\\","1579":"n","1580":" ","1581":" ","1582":"b","1583":"a","1584":"c","1585":"k","1586":"g","1587":"r","1588":"o","1589":"u","1590":"n","1591":"d","1592":"-","1593":"c","1594":"o","1595":"l","1596":"o","1597":"r","1598":":","1599":" ","1600":"r","1601":"g","1602":"b","1603":"a","1604":"(","1605":"2","1606":"5","1607":"5","1608":",","1609":" ","1610":"2","1611":"5","1612":"5","1613":",","1614":" ","1615":"2","1616":"5","1617":"5","1618":",","1619":" ","1620":"0","1621":".","1622":"1","1623":")","1624":";","1625":"\\","1626":"n","1627":"}","1628":"\\","1629":"n","1630":"\\","1631":"n","1632":".","1633":"n","1634":"a","1635":"v","1636":"-","1637":"i","1638":"t","1639":"e","1640":"m","1641":".","1642":"a","1643":"c","1644":"t","1645":"i","1646":"v","1647":"e","1648":" ","1649":"{","1650":"\\","1651":"n","1652":" ","1653":" ","1654":"b","1655":"a","1656":"c","1657":"k","1658":"g","1659":"r","1660":"o","1661":"u","1662":"n","1663":"d","1664":"-","1665":"c","1666":"o","1667":"l","1668":"o","1669":"r","1670":":","1671":" ","1672":"r","1673":"g","1674":"b","1675":"a","1676":"(","1677":"2","1678":"5","1679":"5","1680":",","1681":" ","1682":"2","1683":"5","1684":"5","1685":",","1686":" ","1687":"2","1688":"5","1689":"5","1690":",","1691":" ","1692":"0","1693":".","1694":"2","1695":")","1696":";","1697":"\\","1698":"n","1699":"}","1700":"\\","1701":"n","1702":"\\","1703":"n","1704":".","1705":"n","1706":"a","1707":"v","1708":"-","1709":"i","1710":"t","1711":"e","1712":"m","1713":".","1714":"e","1715":"x","1716":"i","1717":"t","1718":" ","1719":"{","1720":"\\","1721":"n","1722":" ","1723":" ","1724":"b","1725":"a","1726":"c","1727":"k","1728":"g","1729":"r","1730":"o","1731":"u","1732":"n","1733":"d","1734":"-","1735":"c","1736":"o","1737":"l","1738":"o","1739":"r","1740":":","1741":" ","1742":"#","1743":"e","1744":"7","1745":"4","1746":"c","1747":"3","1748":"c","1749":";","1750":"\\","1751":"n","1752":"}","1753":"\\","1754":"n","1755":"\\","1756":"n","1757":".","1758":"n","1759":"a","1760":"v","1761":"-","1762":"i","1763":"t","1764":"e","1765":"m","1766":".","1767":"e","1768":"x","1769":"i","1770":"t","1771":":","1772":"h","1773":"o","1774":"v","1775":"e","1776":"r","1777":" ","1778":"{","1779":"\\","1780":"n","1781":" ","1782":" ","1783":"b","1784":"a","1785":"c","1786":"k","1787":"g","1788":"r","1789":"o","1790":"u","1791":"n","1792":"d","1793":"-","1794":"c","1795":"o","1796":"l","1797":"o","1798":"r","1799":":","1800":" ","1801":"#","1802":"c","1803":"0","1804":"3","1805":"9","1806":"2","1807":"b","1808":";","1809":"\\","1810":"n","1811":"}","1812":"\\","1813":"n","1814":"\\","1815":"n","1816":"@","1817":"m","1818":"e","1819":"d","1820":"i","1821":"a","1822":" ","1823":"(","1824":"m","1825":"a","1826":"x","1827":"-","1828":"w","1829":"i","1830":"d","1831":"t","1832":"h","1833":":","1834":" ","1835":"7","1836":"6","1837":"8","1838":"p","1839":"x","1840":")","1841":" ","1842":"{","1843":"\\","1844":"n","1845":" ","1846":" ","1847":".","1848":"n","1849":"a","1850":"v","1851":"b","1852":"a","1853":"r","1854":" ","1855":"{","1856":"\\","1857":"n","1858":" ","1859":" ","1860":" ","1861":" ","1862":"f","1863":"l","1864":"e","1865":"x","1866":"-","1867":"d","1868":"i","1869":"r","1870":"e","1871":"c","1872":"t","1873":"i","1874":"o","1875":"n","1876":":","1877":" ","1878":"c","1879":"o","1880":"l","1881":"u","1882":"m","1883":"n","1884":";","1885":"\\","1886":"n","1887":" ","1888":" ","1889":" ","1890":" ","1891":"g","1892":"a","1893":"p","1894":":","1895":" ","1896":"1","1897":"r","1898":"e","1899":"m","1900":";","1901":"\\","1902":"n","1903":" ","1904":" ","1905":" ","1906":" ","1907":"p","1908":"a","1909":"d","1910":"d","1911":"i","1912":"n","1913":"g","1914":":","1915":" ","1916":"1","1917":"r","1918":"e","1919":"m","1920":";","1921":"\\","1922":"n","1923":" ","1924":" ","1925":"}","1926":"\\","1927":"n","1928":"\\","1929":"n","1930":" ","1931":" ","1932":".","1933":"n","1934":"a","1935":"v","1936":"-","1937":"m","1938":"e","1939":"n","1940":"u","1941":" ","1942":"{","1943":"\\","1944":"n","1945":" ","1946":" ","1947":" ","1948":" ","1949":"f","1950":"l","1951":"e","1952":"x","1953":"-","1954":"w","1955":"r","1956":"a","1957":"p","1958":":","1959":" ","1960":"w","1961":"r","1962":"a","1963":"p","1964":";","1965":"\\","1966":"n","1967":" ","1968":" ","1969":" ","1970":" ","1971":"j","1972":"u","1973":"s","1974":"t","1975":"i","1976":"f","1977":"y","1978":"-","1979":"c","1980":"o","1981":"n","1982":"t","1983":"e","1984":"n","1985":"t","1986":":","1987":" ","1988":"c","1989":"e","1990":"n","1991":"t","1992":"e","1993":"r","1994":";","1995":"\\","1996":"n","1997":" ","1998":" ","1999":" ","2000":" ","2001":"g","2002":"a","2003":"p","2004":":","2005":" ","2006":"1","2007":"r","2008":"e","2009":"m","2010":";","2011":"\\","2012":"n","2013":" ","2014":" ","2015":"}","2016":"\\","2017":"n","2018":"}","2019":"\\","2020":"n","2021":"<","2022":"/","2023":"s","2024":"t","2025":"y","2026":"l","2027":"e","2028":">","2029":"\\","2030":"n","2031":"\"","2032":"]","2033":"}"},"_coverageSchema":"1a1c01bbd47fc00a2c39e90264f33305004495a9","hash":"aa6ff260a80027cd325ae83c4a3b9e9ede40a03a"}
,"/home/slyxi/Match-Prediction-App/match_prediction_app-front/src/router/index.js": {"path":"/home/slyxi/Match-Prediction-App/match_prediction_app-front/src/router/index.js","statementMap":{"0":{"start":{"line":11,"column":15},"end":{"line":68,"column":1}},"1":{"start":{"line":64,"column":6},"end":{"line":64,"column":39}},"2":{"start":{"line":65,"column":6},"end":{"line":65,"column":21}},"3":{"start":{"line":70,"column":15},"end":{"line":73,"column":2}},"4":{"start":{"line":75,"column":0},"end":{"line":85,"column":2}},"5":{"start":{"line":76,"column":16},"end":{"line":76,"column":45}},"6":{"start":{"line":78,"column":2},"end":{"line":84,"column":3}},"7":{"start":{"line":79,"column":4},"end":{"line":79,"column":27}},"8":{"start":{"line":80,"column":9},"end":{"line":84,"column":3}},"9":{"start":{"line":81,"column":4},"end":{"line":81,"column":26}},"10":{"start":{"line":83,"column":4},"end":{"line":83,"column":10}}},"fnMap":{"0":{"name":"(anonymous_0)","decl":{"start":{"line":63,"column":17},"end":{"line":63,"column":18}},"loc":{"start":{"line":63,"column":37},"end":{"line":66,"column":5}},"line":63},"1":{"name":"(anonymous_1)","decl":{"start":{"line":75,"column":18},"end":{"line":75,"column":19}},"loc":{"start":{"line":75,"column":38},"end":{"line":85,"column":1}},"line":75}},"branchMap":{"0":{"loc":{"start":{"line":78,"column":2},"end":{"line":84,"column":3}},"type":"if","locations":[{"start":{"line":78,"column":2},"end":{"line":84,"column":3}},{"start":{"line":80,"column":9},"end":{"line":84,"column":3}}],"line":78},"1":{"loc":{"start":{"line":78,"column":6},"end":{"line":78,"column":36}},"type":"binary-expr","locations":[{"start":{"line":78,"column":6},"end":{"line":78,"column":26}},{"start":{"line":78,"column":30},"end":{"line":78,"column":36}}],"line":78},"2":{"loc":{"start":{"line":80,"column":9},"end":{"line":84,"column":3}},"type":"if","locations":[{"start":{"line":80,"column":9},"end":{"line":84,"column":3}},{"start":{"line":82,"column":9},"end":{"line":84,"column":3}}],"line":80},"3":{"loc":{"start":{"line":80,"column":13},"end":{"line":80,"column":39}},"type":"binary-expr","locations":[{"start":{"line":80,"column":13},"end":{"line":80,"column":30}},{"start":{"line":80,"column":34},"end":{"line":80,"column":39}}],"line":80}},"s":{"0":1,"1":0,"2":0,"3":1,"4":1,"5":0,"6":0,"7":0,"8":0,"9":0,"10":0},"f":{"0":0,"1":0},"b":{"0":[0,0],"1":[0,0],"2":[0,0],"3":[0,0]},"_coverageSchema":"1a1c01bbd47fc00a2c39e90264f33305004495a9","hash":"8b0231057b7de283dd7d2170e89af691c100bd3f"}
,"/home/slyxi/Match-Prediction-App/match_prediction_app-front/src/views/ForgotView.vue": {"path":"/home/slyxi/Match-Prediction-App/match_prediction_app-front/src/views/ForgotView.vue","statementMap":{"0":{"start":{"line":4,"column":0},"end":{"line":6,"column":3}},"1":{"start":{"line":7,"column":0},"end":{"line":7,"column":25}},"2":{"start":{"line":44,"column":0},"end":{"line":44,"column":13}},"3":{"start":{"line":46,"column":0},"end":{"line":48,"column":3}},"4":{"start":{"line":49,"column":0},"end":{"line":49,"column":24}},"5":{"start":{"line":50,"column":11},"end":{"line":50,"column":25}},"6":{"start":{"line":51,"column":33},"end":{"line":51,"column":143}},"7":{"start":{"line":52,"column":32},"end":{"line":52,"column":188}},"8":{"start":{"line":53,"column":45},"end":{"line":53,"column":376}},"9":{"start":{"line":53,"column":54},"end":{"line":53,"column":111}},"10":{"start":{"line":53,"column":80},"end":{"line":53,"column":111}},"11":{"start":{"line":53,"column":120},"end":{"line":53,"column":152}},"12":{"start":{"line":53,"column":154},"end":{"line":53,"column":374}},"13":{"start":{"line":54,"column":31},"end":{"line":54,"column":143}},"14":{"start":{"line":54,"column":122},"end":{"line":54,"column":143}},"15":{"start":{"line":55,"column":33},"end":{"line":55,"column":83}},"16":{"start":{"line":55,"column":55},"end":{"line":55,"column":83}},"17":{"start":{"line":56,"column":35},"end":{"line":56,"column":81}},"18":{"start":{"line":56,"column":82},"end":{"line":56,"column":136}},"19":{"start":{"line":56,"column":95},"end":{"line":56,"column":96}},"20":{"start":{"line":56,"column":102},"end":{"line":56,"column":110}},"21":{"start":{"line":56,"column":124},"end":{"line":56,"column":136}},"22":{"start":{"line":56,"column":137},"end":{"line":56,"column":146}},"23":{"start":{"line":57,"column":17},"end":{"line":59,"column":1}},"24":{"start":{"line":60,"column":17},"end":{"line":62,"column":1}},"25":{"start":{"line":63,"column":17},"end":{"line":65,"column":1}},"26":{"start":{"line":66,"column":17},"end":{"line":69,"column":1}},"27":{"start":{"line":70,"column":17},"end":{"line":73,"column":1}},"28":{"start":{"line":74,"column":17},"end":{"line":74,"column":29}},"29":{"start":{"line":75,"column":17},"end":{"line":77,"column":1}},"30":{"start":{"line":79,"column":31},"end":{"line":79,"column":72}},"31":{"start":{"line":80,"column":2},"end":{"line":112,"column":11}},"32":{"start":{"line":86,"column":6},"end":{"line":86,"column":75}},"33":{"start":{"line":95,"column":6},"end":{"line":95,"column":33}},"34":{"start":{"line":109,"column":6},"end":{"line":109,"column":130}},"35":{"start":{"line":113,"column":2},"end":{"line":113,"column":49}}},"fnMap":{"0":{"name":"_toConsumableArray","decl":{"start":{"line":51,"column":9},"end":{"line":51,"column":27}},"loc":{"start":{"line":51,"column":31},"end":{"line":51,"column":145}},"line":51},"1":{"name":"_nonIterableSpread","decl":{"start":{"line":52,"column":9},"end":{"line":52,"column":27}},"loc":{"start":{"line":52,"column":30},"end":{"line":52,"column":190}},"line":52},"2":{"name":"_unsupportedIterableToArray","decl":{"start":{"line":53,"column":9},"end":{"line":53,"column":36}},"loc":{"start":{"line":53,"column":43},"end":{"line":53,"column":378}},"line":53},"3":{"name":"_iterableToArray","decl":{"start":{"line":54,"column":9},"end":{"line":54,"column":25}},"loc":{"start":{"line":54,"column":29},"end":{"line":54,"column":145}},"line":54},"4":{"name":"_arrayWithoutHoles","decl":{"start":{"line":55,"column":9},"end":{"line":55,"column":27}},"loc":{"start":{"line":55,"column":31},"end":{"line":55,"column":85}},"line":55},"5":{"name":"_arrayLikeToArray","decl":{"start":{"line":56,"column":9},"end":{"line":56,"column":26}},"loc":{"start":{"line":56,"column":33},"end":{"line":56,"column":148}},"line":56},"6":{"name":"render","decl":{"start":{"line":78,"column":9},"end":{"line":78,"column":15}},"loc":{"start":{"line":78,"column":30},"end":{"line":113,"column":1}},"line":78},"7":{"name":"(anonymous_7)","decl":{"start":{"line":85,"column":64},"end":{"line":85,"column":65}},"loc":{"start":{"line":85,"column":76},"end":{"line":87,"column":5}},"line":85},"8":{"name":"(anonymous_8)","decl":{"start":{"line":94,"column":53},"end":{"line":94,"column":54}},"loc":{"start":{"line":94,"column":71},"end":{"line":96,"column":5}},"line":94},"9":{"name":"(anonymous_9)","decl":{"start":{"line":108,"column":33},"end":{"line":108,"column":34}},"loc":{"start":{"line":108,"column":45},"end":{"line":110,"column":5}},"line":108}},"branchMap":{"0":{"loc":{"start":{"line":51,"column":40},"end":{"line":51,"column":142}},"type":"binary-expr","locations":[{"start":{"line":51,"column":40},"end":{"line":51,"column":61}},{"start":{"line":51,"column":65},"end":{"line":51,"column":84}},{"start":{"line":51,"column":88},"end":{"line":51,"column":118}},{"start":{"line":51,"column":122},"end":{"line":51,"column":142}}],"line":51},"1":{"loc":{"start":{"line":53,"column":45},"end":{"line":53,"column":376}},"type":"if","locations":[{"start":{"line":53,"column":45},"end":{"line":53,"column":376}},{"start":{},"end":{}}],"line":53},"2":{"loc":{"start":{"line":53,"column":54},"end":{"line":53,"column":111}},"type":"if","locations":[{"start":{"line":53,"column":54},"end":{"line":53,"column":111}},{"start":{},"end":{}}],"line":53},"3":{"loc":{"start":{"line":53,"column":161},"end":{"line":53,"column":220}},"type":"binary-expr","locations":[{"start":{"line":53,"column":161},"end":{"line":53,"column":175}},{"start":{"line":53,"column":179},"end":{"line":53,"column":192}},{"start":{"line":53,"column":197},"end":{"line":53,"column":219}}],"line":53},"4":{"loc":{"start":{"line":53,"column":222},"end":{"line":53,"column":373}},"type":"cond-expr","locations":[{"start":{"line":53,"column":251},"end":{"line":53,"column":264}},{"start":{"line":53,"column":267},"end":{"line":53,"column":373}}],"line":53},"5":{"loc":{"start":{"line":53,"column":222},"end":{"line":53,"column":248}},"type":"binary-expr","locations":[{"start":{"line":53,"column":222},"end":{"line":53,"column":233}},{"start":{"line":53,"column":237},"end":{"line":53,"column":248}}],"line":53},"6":{"loc":{"start":{"line":53,"column":267},"end":{"line":53,"column":373}},"type":"cond-expr","locations":[{"start":{"line":53,"column":341},"end":{"line":53,"column":364}},{"start":{"line":53,"column":367},"end":{"line":53,"column":373}}],"line":53},"7":{"loc":{"start":{"line":53,"column":267},"end":{"line":53,"column":338}},"type":"binary-expr","locations":[{"start":{"line":53,"column":267},"end":{"line":53,"column":284}},{"start":{"line":53,"column":288},"end":{"line":53,"column":338}}],"line":53},"8":{"loc":{"start":{"line":54,"column":31},"end":{"line":54,"column":143}},"type":"if","locations":[{"start":{"line":54,"column":31},"end":{"line":54,"column":143}},{"start":{},"end":{}}],"line":54},"9":{"loc":{"start":{"line":54,"column":35},"end":{"line":54,"column":120}},"type":"binary-expr","locations":[{"start":{"line":54,"column":35},"end":{"line":54,"column":63}},{"start":{"line":54,"column":67},"end":{"line":54,"column":93}},{"start":{"line":54,"column":97},"end":{"line":54,"column":120}}],"line":54},"10":{"loc":{"start":{"line":55,"column":33},"end":{"line":55,"column":83}},"type":"if","locations":[{"start":{"line":55,"column":33},"end":{"line":55,"column":83}},{"start":{},"end":{}}],"line":55},"11":{"loc":{"start":{"line":56,"column":35},"end":{"line":56,"column":80}},"type":"binary-expr","locations":[{"start":{"line":56,"column":36},"end":{"line":56,"column":45}},{"start":{"line":56,"column":49},"end":{"line":56,"column":61}},{"start":{"line":56,"column":67},"end":{"line":56,"column":79}}],"line":56},"12":{"loc":{"start":{"line":80,"column":130},"end":{"line":82,"column":45}},"type":"binary-expr","locations":[{"start":{"line":80,"column":130},"end":{"line":80,"column":139}},{"start":{"line":80,"column":144},"end":{"line":82,"column":44}}],"line":80},"13":{"loc":{"start":{"line":82,"column":47},"end":{"line":84,"column":115}},"type":"binary-expr","locations":[{"start":{"line":82,"column":47},"end":{"line":82,"column":56}},{"start":{"line":82,"column":61},"end":{"line":84,"column":114}}],"line":82},"14":{"loc":{"start":{"line":85,"column":14},"end":{"line":87,"column":20}},"type":"binary-expr","locations":[{"start":{"line":85,"column":14},"end":{"line":85,"column":23}},{"start":{"line":85,"column":28},"end":{"line":87,"column":19}}],"line":85},"15":{"loc":{"start":{"line":86,"column":13},"end":{"line":86,"column":74}},"type":"binary-expr","locations":[{"start":{"line":86,"column":13},"end":{"line":86,"column":30}},{"start":{"line":86,"column":34},"end":{"line":86,"column":74}}],"line":86},"16":{"loc":{"start":{"line":89,"column":55},"end":{"line":91,"column":31}},"type":"binary-expr","locations":[{"start":{"line":89,"column":55},"end":{"line":89,"column":64}},{"start":{"line":89,"column":69},"end":{"line":91,"column":30}}],"line":89},"17":{"loc":{"start":{"line":94,"column":27},"end":{"line":96,"column":6}},"type":"binary-expr","locations":[{"start":{"line":94,"column":27},"end":{"line":94,"column":36}},{"start":{"line":94,"column":41},"end":{"line":96,"column":5}}],"line":94},"18":{"loc":{"start":{"line":100,"column":70},"end":{"line":100,"column":257}},"type":"cond-expr","locations":[{"start":{"line":100,"column":86},"end":{"line":100,"column":211}},{"start":{"line":100,"column":215},"end":{"line":100,"column":257}}],"line":100},"19":{"loc":{"start":{"line":100,"column":259},"end":{"line":100,"column":442}},"type":"cond-expr","locations":[{"start":{"line":100,"column":273},"end":{"line":100,"column":396}},{"start":{"line":100,"column":400},"end":{"line":100,"column":442}}],"line":100},"20":{"loc":{"start":{"line":104,"column":31},"end":{"line":104,"column":78}},"type":"cond-expr","locations":[{"start":{"line":104,"column":48},"end":{"line":104,"column":58}},{"start":{"line":104,"column":61},"end":{"line":104,"column":78}}],"line":104},"21":{"loc":{"start":{"line":109,"column":32},"end":{"line":109,"column":128}},"type":"binary-expr","locations":[{"start":{"line":109,"column":32},"end":{"line":109,"column":41}},{"start":{"line":109,"column":46},"end":{"line":109,"column":127}}],"line":109}},"s":{"0":1,"1":1,"2":1,"3":1,"4":1,"5":1,"6":0,"7":0,"8":0,"9":0,"10":0,"11":0,"12":0,"13":0,"14":0,"15":0,"16":0,"17":0,"18":0,"19":0,"20":0,"21":0,"22":0,"23":1,"24":1,"25":1,"26":1,"27":1,"28":1,"29":1,"30":0,"31":0,"32":0,"33":0,"34":0,"35":1},"f":{"0":0,"1":0,"2":0,"3":0,"4":0,"5":0,"6":0,"7":0,"8":0,"9":0},"b":{"0":[0,0,0,0],"1":[0,0],"2":[0,0],"3":[0,0,0],"4":[0,0],"5":[0,0],"6":[0,0],"7":[0,0],"8":[0,0],"9":[0,0,0],"10":[0,0],"11":[0,0,0],"12":[0,0],"13":[0,0],"14":[0,0],"15":[0,0],"16":[0,0],"17":[0,0],"18":[0,0],"19":[0,0],"20":[0,0],"21":[0,0]},"inputSourceMap":{"0":"{","1":"\"","2":"v","3":"e","4":"r","5":"s","6":"i","7":"o","8":"n","9":"\"","10":":","11":"3","12":",","13":"\"","14":"s","15":"o","16":"u","17":"r","18":"c","19":"e","20":"s","21":"\"","22":":","23":"[","24":"\"","25":"/","26":"h","27":"o","28":"m","29":"e","30":"/","31":"s","32":"l","33":"y","34":"x","35":"i","36":"/","37":"M","38":"a","39":"t","40":"c","41":"h","42":"-","43":"P","44":"r","45":"e","46":"d","47":"i","48":"c","49":"t","50":"i","51":"o","52":"n","53":"-","54":"A","55":"p","56":"p","57":"/","58":"m","59":"a","60":"t","61":"c","62":"h","63":"_","64":"p","65":"r","66":"e","67":"d","68":"i","69":"c","70":"t","71":"i","72":"o","73":"n","74":"_","75":"a","76":"p","77":"p","78":"-","79":"f","80":"r","81":"o","82":"n","83":"t","84":"/","85":"s","86":"r","87":"c","88":"/","89":"v","90":"i","91":"e","92":"w","93":"s","94":"/","95":"F","96":"o","97":"r","98":"g","99":"o","100":"t","101":"V","102":"i","103":"e","104":"w","105":".","106":"v","107":"u","108":"e","109":"\"","110":"]","111":",","112":"\"","113":"n","114":"a","115":"m","116":"e","117":"s","118":"\"","119":":","120":"[","121":"]","122":",","123":"\"","124":"m","125":"a","126":"p","127":"p","128":"i","129":"n","130":"g","131":"s","132":"\"","133":":","134":"\"","135":";","136":";","137":";","138":";","139":";","140":";","141":";","142":"A","143":"A","144":"m","145":"C","146":"A","147":";","148":"A","149":"A","150":"A","151":"A","152":";","153":"A","154":"A","155":"A","156":"A","157":";","158":"A","159":"A","160":"A","161":"w","162":"C","163":";","164":"A","165":"A","166":"A","167":"A","168":",","169":"i","170":"C","171":"A","172":"E","173":"z","174":"B","175":";","176":"E","177":"A","178":"C","179":"b","180":",","181":"I","182":"A","183":"A","184":"I","185":",","186":"E","187":"A","188":"A","189":"E","190":",","191":"Y","192":"A","193":"A","194":"Y","195":";","196":"E","197":"A","198":"C","199":"l","200":"B","201":",","202":"I","203":"A","204":"A","205":"I","206":",","207":"G","208":"A","209":"A","210":"G","211":";","212":"I","213":"A","214":"C","215":"L","216":",","217":"O","218":"A","219":"A","220":"O","221":";","222":"M","223":"A","224":"C","225":"L","226":",","227":"K","228":"A","229":"A","230":"K","231":",","232":"E","233":"A","234":"A","235":"E","236":",","237":"E","238":"A","239":"A","240":"E","241":";","242":"M","243":"A","244":"C","245":"T","246":",","247":"O","248":"A","249":"A","250":"O","251":",","252":"E","253":"A","254":"A","255":"E","256":",","257":"E","258":"A","259":"A","260":"E","261":";","262":"M","263":"A","264":"C","265":"X","266":",","267":"K","268":"A","269":"A","270":"K","271":",","272":"E","273":"A","274":"A","275":"E","276":",","277":"E","278":"A","279":"A","280":"E","281":";","282":"M","283":"A","284":"C","285":"T","286":",","287":"S","288":"A","289":"A","290":"S","291":",","292":"E","293":"A","294":"A","295":"E","296":";","297":"I","298":"A","299":"C","300":"b","301":",","302":"C","303":"A","304":"A","305":"C","306":";","307":"E","308":"A","309":"C","310":"H","311":",","312":"C","313":"A","314":"A","315":"C","316":";","317":"E","318":"A","319":"C","320":"D","321":",","322":"O","323":"A","324":"A","325":"O","326":",","327":"E","328":"A","329":"A","330":"E","331":";","332":"I","333":"A","334":"C","335":"P","336":",","337":"M","338":"A","339":"A","340":"M","341":",","342":"Y","343":"A","344":"A","345":"Y","346":",","347":"G","348":"A","349":"A","350":"G","351":";","352":"M","353":"A","354":"C","355":"n","356":"B","357":",","358":"I","359":"A","360":"A","361":"I","362":",","363":"C","364":"A","365":"A","366":"C","367":",","368":"S","369":"A","370":"A","371":"S","372":",","373":"G","374":"A","375":"A","376":"G","377":",","378":"I","379":"A","380":"A","381":"I","382":";","383":"M","384":"A","385":"C","386":"r","387":"B","388":",","389":"I","390":"A","391":"A","392":"I","393":",","394":"C","395":"A","396":"A","397":"C","398":",","399":"O","400":"A","401":"A","402":"O","403":",","404":"G","405":"A","406":"A","407":"G","408":",","409":"E","410":"A","411":"A","412":"E","413":";","414":"M","415":"A","416":"C","417":"j","418":"B","419":",","420":"I","421":"A","422":"A","423":"I","424":",","425":"C","426":"A","427":"A","428":"C","429":",","430":"K","431":"A","432":"A","433":"K","434":",","435":"G","436":"A","437":"A","438":"G","439":",","440":"E","441":"A","442":"A","443":"E","444":";","445":"M","446":"A","447":"C","448":"f","449":",","450":"I","451":"A","452":"A","453":"I","454":";","455":"Q","456":"A","457":"C","458":"F","459":",","460":"M","461":"A","462":"A","463":"M","464":",","465":"Q","466":"A","467":"A","468":"Q","469":",","470":"G","471":"A","472":"A","473":"G","474":";","475":"Q","476":"A","477":"A","478":"M","479":";","480":"Q","481":"A","482":"A","483":"A","484":";","485":"Q","486":"A","487":"A","488":"A","489":";","490":"Q","491":"A","492":"A","493":"A","494":",","495":"S","496":"A","497":"A","498":"S","499":",","500":"C","501":"A","502":"A","503":"C","504":",","505":"I","506":"A","507":"A","508":"I","509":",","510":"C","511":"A","512":"A","513":"C","514":",","515":"u","516":"B","517":"A","518":"A","519":"u","520":"B","521":",","522":"E","523":"A","524":"A","525":"E","526":";","527":"U","528":"A","529":"A","530":"E","531":",","532":"K","533":"A","534":"A","535":"K","536":",","537":"E","538":"A","539":"A","540":"E","541":",","542":"I","543":"A","544":"A","545":"I","546":",","547":"C","548":"A","549":"A","550":"C","551":";","552":"Q","553":"A","554":"A","555":"M","556":",","557":"C","558":"A","559":"A","560":"C","561":",","562":"C","563":"A","564":"A","565":"C","566":";","567":"Q","568":"A","569":"C","570":"r","571":"F","572":",","573":"I","574":"A","575":"A","576":"I","577":",","578":"C","579":"A","580":"A","581":"C","582":",","583":"O","584":"A","585":"A","586":"O","587":",","588":"G","589":"A","590":"A","591":"G","592":",","593":"Q","594":"A","595":"A","596":"Q","597":",","598":"C","599":"A","600":"A","601":"C","602":",","603":"O","604":"A","605":"A","606":"O","607":";","608":"M","609":"A","610":"C","611":"j","612":"C","613":",","614":"C","615":"A","616":"A","617":"C","618":",","619":"C","620":"A","621":"A","622":"C","623":",","624":"O","625":"A","626":"A","627":"O","628":",","629":"G","630":"A","631":"A","632":"G","633":",","634":"E","635":"A","636":"A","637":"E","638":";","639":"Q","640":"A","641":"C","642":"Z","643":",","644":"I","645":"A","646":"A","647":"I","648":",","649":"C","650":"A","651":"A","652":"C","653":",","654":"K","655":"A","656":"A","657":"K","658":",","659":"G","660":"A","661":"A","662":"G","663":",","664":"G","665":"A","666":"A","667":"G","668":",","669":"C","670":"A","671":"A","672":"C","673":",","674":"O","675":"A","676":"A","677":"O","678":",","679":"I","680":"A","681":"A","682":"I","683":",","684":"y","685":"B","686":"A","687":"A","688":"y","689":"B","690":";","691":"M","692":"A","693":"C","694":"v","695":"D","696":",","697":"C","698":"A","699":"A","700":"C","701":",","702":"S","703":"A","704":"A","705":"S","706":";","707":"Q","708":"A","709":"C","710":"R","711":",","712":"I","713":"A","714":"A","715":"I","716":",","717":"C","718":"A","719":"A","720":"C","721":",","722":"S","723":"A","724":"A","725":"S","726":",","727":"G","728":"A","729":"A","730":"G","731":",","732":"K","733":"A","734":"A","735":"K","736":";","737":"M","738":"A","739":"C","740":"x","741":"B","742":";","743":"I","744":"A","745":"C","746":"F","747":";","748":"E","749":"A","750":"C","751":"F","752":";","753":"A","754":"A","755":"C","756":"F","757":",","758":"C","759":"A","760":"A","761":"C","762":"\"","763":",","764":"\"","765":"f","766":"i","767":"l","768":"e","769":"\"","770":":","771":"\"","772":"/","773":"h","774":"o","775":"m","776":"e","777":"/","778":"s","779":"l","780":"y","781":"x","782":"i","783":"/","784":"M","785":"a","786":"t","787":"c","788":"h","789":"-","790":"P","791":"r","792":"e","793":"d","794":"i","795":"c","796":"t","797":"i","798":"o","799":"n","800":"-","801":"A","802":"p","803":"p","804":"/","805":"m","806":"a","807":"t","808":"c","809":"h","810":"_","811":"p","812":"r","813":"e","814":"d","815":"i","816":"c","817":"t","818":"i","819":"o","820":"n","821":"_","822":"a","823":"p","824":"p","825":"-","826":"f","827":"r","828":"o","829":"n","830":"t","831":"/","832":"s","833":"r","834":"c","835":"/","836":"v","837":"i","838":"e","839":"w","840":"s","841":"/","842":"F","843":"o","844":"r","845":"g","846":"o","847":"t","848":"V","849":"i","850":"e","851":"w","852":".","853":"v","854":"u","855":"e","856":"\"","857":",","858":"\"","859":"s","860":"o","861":"u","862":"r","863":"c","864":"e","865":"s","866":"C","867":"o","868":"n","869":"t","870":"e","871":"n","872":"t","873":"\"","874":":","875":"[","876":"\"","877":"<","878":"t","879":"e","880":"m","881":"p","882":"l","883":"a","884":"t","885":"e","886":">","887":"\\","888":"n","889":" ","890":" ","891":"<","892":"d","893":"i","894":"v","895":" ","896":"c","897":"l","898":"a","899":"s","900":"s","901":"=","902":"\\","903":"\"","904":"a","905":"u","906":"t","907":"h","908":"-","909":"c","910":"o","911":"n","912":"t","913":"a","914":"i","915":"n","916":"e","917":"r","918":"\\","919":"\"","920":">","921":"\\","922":"n","923":" ","924":" ","925":" ","926":" ","927":"<","928":"d","929":"i","930":"v","931":" ","932":"c","933":"l","934":"a","935":"s","936":"s","937":"=","938":"\\","939":"\"","940":"a","941":"u","942":"t","943":"h","944":"-","945":"b","946":"o","947":"x","948":"\\","949":"\"","950":">","951":"\\","952":"n","953":" ","954":" ","955":" ","956":" ","957":" ","958":" ","959":"<","960":"h","961":"1","962":" ","963":"c","964":"l","965":"a","966":"s","967":"s","968":"=","969":"\\","970":"\"","971":"a","972":"u","973":"t","974":"h","975":"-","976":"t","977":"i","978":"t","979":"l","980":"e","981":"\\","982":"\"","983":">","984":"M","985":"o","986":"t","987":" ","988":"d","989":"e","990":" ","991":"p","992":"a","993":"s","994":"s","995":"e","996":" ","997":"o","998":"u","999":"b","1000":"l","1001":"i","1002":"é","1003":"<","1004":"/","1005":"h","1006":"1","1007":">","1008":"\\","1009":"n","1010":" ","1011":" ","1012":" ","1013":" ","1014":" ","1015":" ","1016":"<","1017":"p","1018":" ","1019":"c","1020":"l","1021":"a","1022":"s","1023":"s","1024":"=","1025":"\\","1026":"\"","1027":"a","1028":"u","1029":"t","1030":"h","1031":"-","1032":"s","1033":"u","1034":"b","1035":"t","1036":"i","1037":"t","1038":"l","1039":"e","1040":"\\","1041":"\"","1042":">","1043":"S","1044":"a","1045":"i","1046":"s","1047":"i","1048":"s","1049":"s","1050":"e","1051":"z","1052":" ","1053":"v","1054":"o","1055":"t","1056":"r","1057":"e","1058":" ","1059":"e","1060":"m","1061":"a","1062":"i","1063":"l","1064":" ","1065":"p","1066":"o","1067":"u","1068":"r","1069":" ","1070":"r","1071":"e","1072":"c","1073":"e","1074":"v","1075":"o","1076":"i","1077":"r","1078":" ","1079":"u","1080":"n","1081":" ","1082":"l","1083":"i","1084":"e","1085":"n","1086":" ","1087":"d","1088":"e","1089":" ","1090":"r","1091":"é","1092":"i","1093":"n","1094":"i","1095":"t","1096":"i","1097":"a","1098":"l","1099":"i","1100":"s","1101":"a","1102":"t","1103":"i","1104":"o","1105":"n","1106":" ","1107":"(","1108":"s","1109":"i","1110":"m","1111":"u","1112":"l","1113":"é","1114":" ","1115":"d","1116":"a","1117":"n","1118":"s","1119":" ","1120":"l","1121":"a","1122":" ","1123":"c","1124":"o","1125":"n","1126":"s","1127":"o","1128":"l","1129":"e","1130":")","1131":".","1132":"<","1133":"/","1134":"p","1135":">","1136":"\\","1137":"n","1138":" ","1139":" ","1140":" ","1141":" ","1142":" ","1143":" ","1144":"\\","1145":"n","1146":" ","1147":" ","1148":" ","1149":" ","1150":" ","1151":" ","1152":"<","1153":"f","1154":"o","1155":"r","1156":"m","1157":" ","1158":"@","1159":"s","1160":"u","1161":"b","1162":"m","1163":"i","1164":"t","1165":".","1166":"p","1167":"r","1168":"e","1169":"v","1170":"e","1171":"n","1172":"t","1173":"=","1174":"\\","1175":"\"","1176":"h","1177":"a","1178":"n","1179":"d","1180":"l","1181":"e","1182":"F","1183":"o","1184":"r","1185":"g","1186":"o","1187":"t","1188":"\\","1189":"\"","1190":" ","1191":"c","1192":"l","1193":"a","1194":"s","1195":"s","1196":"=","1197":"\\","1198":"\"","1199":"a","1200":"u","1201":"t","1202":"h","1203":"-","1204":"f","1205":"o","1206":"r","1207":"m","1208":"\\","1209":"\"","1210":">","1211":"\\","1212":"n","1213":" ","1214":" ","1215":" ","1216":" ","1217":" ","1218":" ","1219":" ","1220":" ","1221":"<","1222":"d","1223":"i","1224":"v","1225":" ","1226":"c","1227":"l","1228":"a","1229":"s","1230":"s","1231":"=","1232":"\\","1233":"\"","1234":"f","1235":"o","1236":"r","1237":"m","1238":"-","1239":"g","1240":"r","1241":"o","1242":"u","1243":"p","1244":"\\","1245":"\"","1246":">","1247":"\\","1248":"n","1249":" ","1250":" ","1251":" ","1252":" ","1253":" ","1254":" ","1255":" ","1256":" ","1257":" ","1258":" ","1259":"<","1260":"l","1261":"a","1262":"b","1263":"e","1264":"l","1265":" ","1266":"f","1267":"o","1268":"r","1269":"=","1270":"\\","1271":"\"","1272":"e","1273":"m","1274":"a","1275":"i","1276":"l","1277":"\\","1278":"\"","1279":">","1280":"E","1281":"m","1282":"a","1283":"i","1284":"l","1285":"<","1286":"/","1287":"l","1288":"a","1289":"b","1290":"e","1291":"l","1292":">","1293":"\\","1294":"n","1295":" ","1296":" ","1297":" ","1298":" ","1299":" ","1300":" ","1301":" ","1302":" ","1303":" ","1304":" ","1305":"<","1306":"i","1307":"n","1308":"p","1309":"u","1310":"t","1311":" ","1312":"\\","1313":"n","1314":" ","1315":" ","1316":" ","1317":" ","1318":" ","1319":" ","1320":" ","1321":" ","1322":" ","1323":" ","1324":" ","1325":" ","1326":"t","1327":"y","1328":"p","1329":"e","1330":"=","1331":"\\","1332":"\"","1333":"e","1334":"m","1335":"a","1336":"i","1337":"l","1338":"\\","1339":"\"","1340":" ","1341":"\\","1342":"n","1343":" ","1344":" ","1345":" ","1346":" ","1347":" ","1348":" ","1349":" ","1350":" ","1351":" ","1352":" ","1353":" ","1354":" ","1355":"i","1356":"d","1357":"=","1358":"\\","1359":"\"","1360":"e","1361":"m","1362":"a","1363":"i","1364":"l","1365":"\\","1366":"\"","1367":" ","1368":"\\","1369":"n","1370":" ","1371":" ","1372":" ","1373":" ","1374":" ","1375":" ","1376":" ","1377":" ","1378":" ","1379":" ","1380":" ","1381":" ","1382":"v","1383":"-","1384":"m","1385":"o","1386":"d","1387":"e","1388":"l","1389":"=","1390":"\\","1391":"\"","1392":"e","1393":"m","1394":"a","1395":"i","1396":"l","1397":"\\","1398":"\"","1399":" ","1400":"\\","1401":"n","1402":" ","1403":" ","1404":" ","1405":" ","1406":" ","1407":" ","1408":" ","1409":" ","1410":" ","1411":" ","1412":" ","1413":" ","1414":"p","1415":"l","1416":"a","1417":"c","1418":"e","1419":"h","1420":"o","1421":"l","1422":"d","1423":"e","1424":"r","1425":"=","1426":"\\","1427":"\"","1428":"v","1429":"o","1430":"t","1431":"r","1432":"e","1433":"@","1434":"e","1435":"m","1436":"a","1437":"i","1438":"l","1439":".","1440":"c","1441":"o","1442":"m","1443":"\\","1444":"\"","1445":" ","1446":"\\","1447":"n","1448":" ","1449":" ","1450":" ","1451":" ","1452":" ","1453":" ","1454":" ","1455":" ","1456":" ","1457":" ","1458":" ","1459":" ","1460":"r","1461":"e","1462":"q","1463":"u","1464":"i","1465":"r","1466":"e","1467":"d","1468":"\\","1469":"n","1470":" ","1471":" ","1472":" ","1473":" ","1474":" ","1475":" ","1476":" ","1477":" ","1478":" ","1479":" ","1480":" ","1481":" ","1482":"c","1483":"l","1484":"a","1485":"s","1486":"s","1487":"=","1488":"\\","1489":"\"","1490":"f","1491":"o","1492":"r","1493":"m","1494":"-","1495":"i","1496":"n","1497":"p","1498":"u","1499":"t","1500":"\\","1501":"\"","1502":"\\","1503":"n","1504":" ","1505":" ","1506":" ","1507":" ","1508":" ","1509":" ","1510":" ","1511":" ","1512":" ","1513":" ","1514":">","1515":"\\","1516":"n","1517":" ","1518":" ","1519":" ","1520":" ","1521":" ","1522":" ","1523":" ","1524":" ","1525":"<","1526":"/","1527":"d","1528":"i","1529":"v","1530":">","1531":"\\","1532":"n","1533":" ","1534":" ","1535":" ","1536":" ","1537":" ","1538":" ","1539":" ","1540":" ","1541":"\\","1542":"n","1543":" ","1544":" ","1545":" ","1546":" ","1547":" ","1548":" ","1549":" ","1550":" ","1551":"<","1552":"d","1553":"i","1554":"v","1555":" ","1556":"v","1557":"-","1558":"i","1559":"f","1560":"=","1561":"\\","1562":"\"","1563":"m","1564":"e","1565":"s","1566":"s","1567":"a","1568":"g","1569":"e","1570":"\\","1571":"\"","1572":" ","1573":"c","1574":"l","1575":"a","1576":"s","1577":"s","1578":"=","1579":"\\","1580":"\"","1581":"s","1582":"u","1583":"c","1584":"c","1585":"e","1586":"s","1587":"s","1588":"-","1589":"m","1590":"e","1591":"s","1592":"s","1593":"a","1594":"g","1595":"e","1596":"\\","1597":"\"","1598":">","1599":"{","1600":"{","1601":" ","1602":"m","1603":"e","1604":"s","1605":"s","1606":"a","1607":"g","1608":"e","1609":" ","1610":"}","1611":"}","1612":"<","1613":"/","1614":"d","1615":"i","1616":"v","1617":">","1618":"\\","1619":"n","1620":" ","1621":" ","1622":" ","1623":" ","1624":" ","1625":" ","1626":" ","1627":" ","1628":"<","1629":"d","1630":"i","1631":"v","1632":" ","1633":"v","1634":"-","1635":"i","1636":"f","1637":"=","1638":"\\","1639":"\"","1640":"e","1641":"r","1642":"r","1643":"o","1644":"r","1645":"\\","1646":"\"","1647":" ","1648":"c","1649":"l","1650":"a","1651":"s","1652":"s","1653":"=","1654":"\\","1655":"\"","1656":"e","1657":"r","1658":"r","1659":"o","1660":"r","1661":"-","1662":"m","1663":"e","1664":"s","1665":"s","1666":"a","1667":"g","1668":"e","1669":"\\","1670":"\"","1671":">","1672":"{","1673":"{","1674":" ","1675":"e","1676":"r","1677":"r","1678":"o","1679":"r","1680":" ","1681":"}","1682":"}","1683":"<","1684":"/","1685":"d","1686":"i","1687":"v","1688":">","1689":"\\","1690":"n","1691":" ","1692":" ","1693":" ","1694":" ","1695":" ","1696":" ","1697":" ","1698":" ","1699":"\\","1700":"n","1701":" ","1702":" ","1703":" ","1704":" ","1705":" ","1706":" ","1707":" ","1708":" ","1709":"<","1710":"b","1711":"u","1712":"t","1713":"t","1714":"o","1715":"n","1716":" ","1717":"t","1718":"y","1719":"p","1720":"e","1721":"=","1722":"\\","1723":"\"","1724":"s","1725":"u","1726":"b","1727":"m","1728":"i","1729":"t","1730":"\\","1731":"\"","1732":" ","1733":"c","1734":"l","1735":"a","1736":"s","1737":"s","1738":"=","1739":"\\","1740":"\"","1741":"a","1742":"u","1743":"t","1744":"h","1745":"-","1746":"b","1747":"t","1748":"n","1749":"\\","1750":"\"","1751":" ","1752":":","1753":"d","1754":"i","1755":"s","1756":"a","1757":"b","1758":"l","1759":"e","1760":"d","1761":"=","1762":"\\","1763":"\"","1764":"i","1765":"s","1766":"L","1767":"o","1768":"a","1769":"d","1770":"i","1771":"n","1772":"g","1773":"\\","1774":"\"","1775":">","1776":"\\","1777":"n","1778":" ","1779":" ","1780":" ","1781":" ","1782":" ","1783":" ","1784":" ","1785":" ","1786":" ","1787":" ","1788":"{","1789":"{","1790":" ","1791":"i","1792":"s","1793":"L","1794":"o","1795":"a","1796":"d","1797":"i","1798":"n","1799":"g","1800":" ","1801":"?","1802":" ","1803":"'","1804":"E","1805":"n","1806":"v","1807":"o","1808":"i","1809":".","1810":".","1811":".","1812":"'","1813":" ","1814":":","1815":" ","1816":"'","1817":"E","1818":"n","1819":"v","1820":"o","1821":"y","1822":"e","1823":"r","1824":" ","1825":"l","1826":"e","1827":" ","1828":"l","1829":"i","1830":"e","1831":"n","1832":"'","1833":" ","1834":"}","1835":"}","1836":"\\","1837":"n","1838":" ","1839":" ","1840":" ","1841":" ","1842":" ","1843":" ","1844":" ","1845":" ","1846":"<","1847":"/","1848":"b","1849":"u","1850":"t","1851":"t","1852":"o","1853":"n","1854":">","1855":"\\","1856":"n","1857":" ","1858":" ","1859":" ","1860":" ","1861":" ","1862":" ","1863":"<","1864":"/","1865":"f","1866":"o","1867":"r","1868":"m","1869":">","1870":"\\","1871":"n","1872":" ","1873":" ","1874":" ","1875":" ","1876":" ","1877":" ","1878":"\\","1879":"n","1880":" ","1881":" ","1882":" ","1883":" ","1884":" ","1885":" ","1886":"<","1887":"d","1888":"i","1889":"v","1890":" ","1891":"c","1892":"l","1893":"a","1894":"s","1895":"s","1896":"=","1897":"\\","1898":"\"","1899":"a","1900":"u","1901":"t","1902":"h","1903":"-","1904":"f","1905":"o","1906":"o","1907":"t","1908":"e","1909":"r","1910":"\\","1911":"\"","1912":">","1913":"\\","1914":"n","1915":" ","1916":" ","1917":" ","1918":" ","1919":" ","1920":" ","1921":" ","1922":" ","1923":"<","1924":"r","1925":"o","1926":"u","1927":"t","1928":"e","1929":"r","1930":"-","1931":"l","1932":"i","1933":"n","1934":"k","1935":" ","1936":"t","1937":"o","1938":"=","1939":"\\","1940":"\"","1941":"/","1942":"l","1943":"o","1944":"g","1945":"i","1946":"n","1947":"\\","1948":"\"","1949":" ","1950":"c","1951":"l","1952":"a","1953":"s","1954":"s","1955":"=","1956":"\\","1957":"\"","1958":"f","1959":"o","1960":"o","1961":"t","1962":"e","1963":"r","1964":"-","1965":"l","1966":"i","1967":"n","1968":"k","1969":"\\","1970":"\"","1971":">","1972":"R","1973":"e","1974":"t","1975":"o","1976":"u","1977":"r","1978":" ","1979":"à","1980":" ","1981":"l","1982":"a","1983":" ","1984":"c","1985":"o","1986":"n","1987":"n","1988":"e","1989":"x","1990":"i","1991":"o","1992":"n","1993":"<","1994":"/","1995":"r","1996":"o","1997":"u","1998":"t","1999":"e","2000":"r","2001":"-","2002":"l","2003":"i","2004":"n","2005":"k","2006":">","2007":"\\","2008":"n","2009":" ","2010":" ","2011":" ","2012":" ","2013":" ","2014":" ","2015":"<","2016":"/","2017":"d","2018":"i","2019":"v","2020":">","2021":"\\","2022":"n","2023":" ","2024":" ","2025":" ","2026":" ","2027":"<","2028":"/","2029":"d","2030":"i","2031":"v","2032":">","2033":"\\","2034":"n","2035":" ","2036":" ","2037":"<","2038":"/","2039":"d","2040":"i","2041":"v","2042":">","2043":"\\","2044":"n","2045":"<","2046":"/","2047":"t","2048":"e","2049":"m","2050":"p","2051":"l","2052":"a","2053":"t","2054":"e","2055":">","2056":"\\","2057":"n","2058":"\\","2059":"n","2060":"<","2061":"s","2062":"c","2063":"r","2064":"i","2065":"p","2066":"t","2067":">","2068":"\\","2069":"n","2070":"i","2071":"m","2072":"p","2073":"o","2074":"r","2075":"t","2076":" ","2077":"{","2078":" ","2079":"a","2080":"p","2081":"i","2082":"C","2083":"l","2084":"i","2085":"e","2086":"n","2087":"t","2088":" ","2089":"}","2090":" ","2091":"f","2092":"r","2093":"o","2094":"m","2095":" ","2096":"'","2097":"@","2098":"/","2099":"a","2100":"p","2101":"i","2102":"/","2103":"c","2104":"l","2105":"i","2106":"e","2107":"n","2108":"t","2109":"'","2110":"\\","2111":"n","2112":"\\","2113":"n","2114":"e","2115":"x","2116":"p","2117":"o","2118":"r","2119":"t","2120":" ","2121":"d","2122":"e","2123":"f","2124":"a","2125":"u","2126":"l","2127":"t","2128":" ","2129":"{","2130":"\\","2131":"n","2132":" ","2133":" ","2134":"n","2135":"a","2136":"m","2137":"e","2138":":","2139":" ","2140":"'","2141":"F","2142":"o","2143":"r","2144":"g","2145":"o","2146":"t","2147":"V","2148":"i","2149":"e","2150":"w","2151":"'","2152":",","2153":"\\","2154":"n","2155":" ","2156":" ","2157":"d","2158":"a","2159":"t","2160":"a","2161":"(","2162":")","2163":" ","2164":"{","2165":"\\","2166":"n","2167":" ","2168":" ","2169":" ","2170":" ","2171":"r","2172":"e","2173":"t","2174":"u","2175":"r","2176":"n","2177":" ","2178":"{","2179":"\\","2180":"n","2181":" ","2182":" ","2183":" ","2184":" ","2185":" ","2186":" ","2187":"e","2188":"m","2189":"a","2190":"i","2191":"l","2192":":","2193":" ","2194":"'","2195":"'","2196":",","2197":"\\","2198":"n","2199":" ","2200":" ","2201":" ","2202":" ","2203":" ","2204":" ","2205":"m","2206":"e","2207":"s","2208":"s","2209":"a","2210":"g","2211":"e","2212":":","2213":" ","2214":"'","2215":"'","2216":",","2217":"\\","2218":"n","2219":" ","2220":" ","2221":" ","2222":" ","2223":" ","2224":" ","2225":"e","2226":"r","2227":"r","2228":"o","2229":"r","2230":":","2231":" ","2232":"'","2233":"'","2234":",","2235":"\\","2236":"n","2237":" ","2238":" ","2239":" ","2240":" ","2241":" ","2242":" ","2243":"i","2244":"s","2245":"L","2246":"o","2247":"a","2248":"d","2249":"i","2250":"n","2251":"g","2252":":","2253":" ","2254":"f","2255":"a","2256":"l","2257":"s","2258":"e","2259":"\\","2260":"n","2261":" ","2262":" ","2263":" ","2264":" ","2265":"}","2266":"\\","2267":"n","2268":" ","2269":" ","2270":"}","2271":",","2272":"\\","2273":"n","2274":" ","2275":" ","2276":"m","2277":"e","2278":"t","2279":"h","2280":"o","2281":"d","2282":"s","2283":":","2284":" ","2285":"{","2286":"\\","2287":"n","2288":" ","2289":" ","2290":" ","2291":" ","2292":"a","2293":"s","2294":"y","2295":"n","2296":"c","2297":" ","2298":"h","2299":"a","2300":"n","2301":"d","2302":"l","2303":"e","2304":"F","2305":"o","2306":"r","2307":"g","2308":"o","2309":"t","2310":"(","2311":")","2312":" ","2313":"{","2314":"\\","2315":"n","2316":" ","2317":" ","2318":" ","2319":" ","2320":" ","2321":" ","2322":"t","2323":"h","2324":"i","2325":"s","2326":".","2327":"i","2328":"s","2329":"L","2330":"o","2331":"a","2332":"d","2333":"i","2334":"n","2335":"g","2336":" ","2337":"=","2338":" ","2339":"t","2340":"r","2341":"u","2342":"e","2343":"\\","2344":"n","2345":" ","2346":" ","2347":" ","2348":" ","2349":" ","2350":" ","2351":"t","2352":"h","2353":"i","2354":"s","2355":".","2356":"m","2357":"e","2358":"s","2359":"s","2360":"a","2361":"g","2362":"e","2363":" ","2364":"=","2365":" ","2366":"'","2367":"'","2368":"\\","2369":"n","2370":" ","2371":" ","2372":" ","2373":" ","2374":" ","2375":" ","2376":"t","2377":"h","2378":"i","2379":"s","2380":".","2381":"e","2382":"r","2383":"r","2384":"o","2385":"r","2386":" ","2387":"=","2388":" ","2389":"'","2390":"'","2391":"\\","2392":"n","2393":" ","2394":" ","2395":" ","2396":" ","2397":" ","2398":" ","2399":"t","2400":"r","2401":"y","2402":" ","2403":"{","2404":"\\","2405":"n","2406":" ","2407":" ","2408":" ","2409":" ","2410":" ","2411":" ","2412":" ","2413":" ","2414":"c","2415":"o","2416":"n","2417":"s","2418":"t","2419":" ","2420":"r","2421":"e","2422":"s","2423":"p","2424":"o","2425":"n","2426":"s","2427":"e","2428":" ","2429":"=","2430":" ","2431":"a","2432":"w","2433":"a","2434":"i","2435":"t","2436":" ","2437":"a","2438":"p","2439":"i","2440":"C","2441":"l","2442":"i","2443":"e","2444":"n","2445":"t","2446":".","2447":"p","2448":"o","2449":"s","2450":"t","2451":"(","2452":"'","2453":"/","2454":"a","2455":"u","2456":"t","2457":"h","2458":"/","2459":"f","2460":"o","2461":"r","2462":"g","2463":"o","2464":"t","2465":"-","2466":"p","2467":"a","2468":"s","2469":"s","2470":"w","2471":"o","2472":"r","2473":"d","2474":"'","2475":",","2476":" ","2477":"{","2478":" ","2479":"e","2480":"m","2481":"a","2482":"i","2483":"l","2484":":","2485":" ","2486":"t","2487":"h","2488":"i","2489":"s","2490":".","2491":"e","2492":"m","2493":"a","2494":"i","2495":"l","2496":" ","2497":"}","2498":")","2499":"\\","2500":"n","2501":" ","2502":" ","2503":" ","2504":" ","2505":" ","2506":" ","2507":" ","2508":" ","2509":"t","2510":"h","2511":"i","2512":"s","2513":".","2514":"m","2515":"e","2516":"s","2517":"s","2518":"a","2519":"g","2520":"e","2521":" ","2522":"=","2523":" ","2524":"r","2525":"e","2526":"s","2527":"p","2528":"o","2529":"n","2530":"s","2531":"e","2532":".","2533":"m","2534":"e","2535":"s","2536":"s","2537":"a","2538":"g","2539":"e","2540":"\\","2541":"n","2542":" ","2543":" ","2544":" ","2545":" ","2546":" ","2547":" ","2548":"}","2549":" ","2550":"c","2551":"a","2552":"t","2553":"c","2554":"h","2555":" ","2556":"(","2557":"e","2558":"r","2559":"r","2560":")","2561":" ","2562":"{","2563":"\\","2564":"n","2565":" ","2566":" ","2567":" ","2568":" ","2569":" ","2570":" ","2571":" ","2572":" ","2573":"t","2574":"h","2575":"i","2576":"s","2577":".","2578":"e","2579":"r","2580":"r","2581":"o","2582":"r","2583":" ","2584":"=","2585":" ","2586":"e","2587":"r","2588":"r","2589":".","2590":"m","2591":"e","2592":"s","2593":"s","2594":"a","2595":"g","2596":"e","2597":" ","2598":"|","2599":"|","2600":" ","2601":"\\","2602":"\"","2603":"U","2604":"n","2605":"e","2606":" ","2607":"e","2608":"r","2609":"r","2610":"e","2611":"u","2612":"r","2613":" ","2614":"e","2615":"s","2616":"t","2617":" ","2618":"s","2619":"u","2620":"r","2621":"v","2622":"e","2623":"n","2624":"u","2625":"e","2626":"\\","2627":"\"","2628":"\\","2629":"n","2630":" ","2631":" ","2632":" ","2633":" ","2634":" ","2635":" ","2636":"}","2637":" ","2638":"f","2639":"i","2640":"n","2641":"a","2642":"l","2643":"l","2644":"y","2645":" ","2646":"{","2647":"\\","2648":"n","2649":" ","2650":" ","2651":" ","2652":" ","2653":" ","2654":" ","2655":" ","2656":" ","2657":"t","2658":"h","2659":"i","2660":"s","2661":".","2662":"i","2663":"s","2664":"L","2665":"o","2666":"a","2667":"d","2668":"i","2669":"n","2670":"g","2671":" ","2672":"=","2673":" ","2674":"f","2675":"a","2676":"l","2677":"s","2678":"e","2679":"\\","2680":"n","2681":" ","2682":" ","2683":" ","2684":" ","2685":" ","2686":" ","2687":"}","2688":"\\","2689":"n","2690":" ","2691":" ","2692":" ","2693":" ","2694":"}","2695":"\\","2696":"n","2697":" ","2698":" ","2699":"}","2700":"\\","2701":"n","2702":"}","2703":"\\","2704":"n","2705":"<","2706":"/","2707":"s","2708":"c","2709":"r","2710":"i","2711":"p","2712":"t","2713":">","2714":"\\","2715":"n","2716":"\\","2717":"n","2718":"<","2719":"s","2720":"t","2721":"y","2722":"l","2723":"e","2724":" ","2725":"s","2726":"c","2727":"o","2728":"p","2729":"e","2730":"d","2731":">","2732":"\\","2733":"n","2734":".","2735":"a","2736":"u","2737":"t","2738":"h","2739":"-","2740":"c","2741":"o","2742":"n","2743":"t","2744":"a","2745":"i","2746":"n","2747":"e","2748":"r","2749":" ","2750":"{","2751":"\\","2752":"n","2753":" ","2754":" ","2755":"m","2756":"i","2757":"n","2758":"-","2759":"h","2760":"e","2761":"i","2762":"g","2763":"h","2764":"t","2765":":","2766":" ","2767":"1","2768":"0","2769":"0","2770":"v","2771":"h","2772":";","2773":"\\","2774":"n","2775":" ","2776":" ","2777":"d","2778":"i","2779":"s","2780":"p","2781":"l","2782":"a","2783":"y","2784":":","2785":" ","2786":"f","2787":"l","2788":"e","2789":"x","2790":";","2791":"\\","2792":"n","2793":" ","2794":" ","2795":"a","2796":"l","2797":"i","2798":"g","2799":"n","2800":"-","2801":"i","2802":"t","2803":"e","2804":"m","2805":"s","2806":":","2807":" ","2808":"c","2809":"e","2810":"n","2811":"t","2812":"e","2813":"r","2814":";","2815":"\\","2816":"n","2817":" ","2818":" ","2819":"j","2820":"u","2821":"s","2822":"t","2823":"i","2824":"f","2825":"y","2826":"-","2827":"c","2828":"o","2829":"n","2830":"t","2831":"e","2832":"n","2833":"t","2834":":","2835":" ","2836":"c","2837":"e","2838":"n","2839
[...]
"-","3915":"h","3916":"e","3917":"i","3918":"g","3919":"h","3920":"t","3921":":","3922":" ","3923":"1","3924":"0","3925":"0","3926":"v","3927":"h","3928":";","3929":"\\","3930":"n","3931":" ","3932":" ","3933":"d","3934":"i","3935":"s","3936":"p","3937":"l","3938":"a","3939":"y","3940":":","3941":" ","3942":"f","3943":"l","3944":"e","3945":"x","3946":";","3947":"\\","3948":"n","3949":" ","3950":" ","3951":"a","3952":"l","3953":"i","3954":"g","3955":"n","3956":"-","3957":"i","3958":"t","3959":"e","3960":"m","3961":"s","3962":":","3963":" ","3964":"c","3965":"e","3966":"n","3967":"t","3968":"e","3969":"r","3970":";","3971":"\\","3972":"n","3973":" ","3974":" ","3975":"j","3976":"u","3977":"s","3978":"t","3979":"i","3980":"f","3981":"y","3982":"-","3983":"c","3984":"o","3985":"n","3986":"t","3987":"e","3988":"n","3989":"t","3990":":","3991":" ","3992":"c","3993":"e","3994":"n","3995":"t","3996":"e","3997":"r","3998":";","3999":"\\","4000":"n","4001":" ","4002":" ","4003":"b","4004":"a","4005":"c","4006":"k","4007":"g","4008":"r","4009":"o","4010":"u","4011":"n","4012":"d","4013":":","4014":" ","4015":"l","4016":"i","4017":"n","4018":"e","4019":"a","4020":"r","4021":"-","4022":"g","4023":"r","4024":"a","4025":"d","4026":"i","4027":"e","4028":"n","4029":"t","4030":"(","4031":"1","4032":"3","4033":"5","4034":"d","4035":"e","4036":"g","4037":",","4038":" ","4039":"#","4040":"6","4041":"6","4042":"7","4043":"e","4044":"e","4045":"a","4046":" ","4047":"0","4048":"%","4049":",","4050":" ","4051":"#","4052":"7","4053":"6","4054":"4","4055":"b","4056":"a","4057":"2","4058":" ","4059":"1","4060":"0","4061":"0","4062":"%","4063":")","4064":";","4065":"\\","4066":"n","4067":" ","4068":" ","4069":"p","4070":"a","4071":"d","4072":"d","4073":"i","4074":"n","4075":"g","4076":":","4077":" ","4078":"1","4079":"r","4080":"e","4081":"m","4082":";","4083":"\\","4084":"n","4085":"}","4086":"\\","4087":"n","4088":"\\","4089":"n","4090":".","4091":"a","4092":"u","4093":"t","4094":"h","4095":"-","4096":"b","4097":"o","4098":"x","4099":" ","4100":"{","4101":"\\","4102":"n","4103":" ","4104":" ","4105":"b","4106":"a","4107":"c","4108":"k","4109":"g","4110":"r","4111":"o","4112":"u","4113":"n","4114":"d","4115":":","4116":" ","4117":"w","4118":"h","4119":"i","4120":"t","4121":"e","4122":";","4123":"\\","4124":"n","4125":" ","4126":" ","4127":"p","4128":"a","4129":"d","4130":"d","4131":"i","4132":"n","4133":"g","4134":":","4135":" ","4136":"2","4137":".","4138":"5","4139":"r","4140":"e","4141":"m","4142":";","4143":"\\","4144":"n","4145":" ","4146":" ","4147":"b","4148":"o","4149":"r","4150":"d","4151":"e","4152":"r","4153":"-","4154":"r","4155":"a","4156":"d","4157":"i","4158":"u","4159":"s","4160":":","4161":" ","4162":"1","4163":"6","4164":"p","4165":"x","4166":";","4167":"\\","4168":"n","4169":" ","4170":" ","4171":"b","4172":"o","4173":"x","4174":"-","4175":"s","4176":"h","4177":"a","4178":"d","4179":"o","4180":"w","4181":":","4182":" ","4183":"0","4184":" ","4185":"1","4186":"0","4187":"p","4188":"x","4189":" ","4190":"2","4191":"5","4192":"p","4193":"x","4194":" ","4195":"r","4196":"g","4197":"b","4198":"a","4199":"(","4200":"0","4201":",","4202":"0","4203":",","4204":"0","4205":",","4206":"0","4207":".","4208":"2","4209":")","4210":";","4211":"\\","4212":"n","4213":" ","4214":" ","4215":"w","4216":"i","4217":"d","4218":"t","4219":"h","4220":":","4221":" ","4222":"1","4223":"0","4224":"0","4225":"%","4226":";","4227":"\\","4228":"n","4229":" ","4230":" ","4231":"m","4232":"a","4233":"x","4234":"-","4235":"w","4236":"i","4237":"d","4238":"t","4239":"h","4240":":","4241":" ","4242":"4","4243":"0","4244":"0","4245":"p","4246":"x","4247":";","4248":"\\","4249":"n","4250":"}","4251":"\\","4252":"n","4253":"\\","4254":"n","4255":".","4256":"a","4257":"u","4258":"t","4259":"h","4260":"-","4261":"t","4262":"i","4263":"t","4264":"l","4265":"e","4266":" ","4267":"{","4268":"\\","4269":"n","4270":" ","4271":" ","4272":"f","4273":"o","4274":"n","4275":"t","4276":"-","4277":"s","4278":"i","4279":"z","4280":"e","4281":":","4282":" ","4283":"1","4284":".","4285":"7","4286":"5","4287":"r","4288":"e","4289":"m","4290":";","4291":"\\","4292":"n","4293":" ","4294":" ","4295":"f","4296":"o","4297":"n","4298":"t","4299":"-","4300":"w","4301":"e","4302":"i","4303":"g","4304":"h","4305":"t","4306":":","4307":" ","4308":"b","4309":"o","4310":"l","4311":"d","4312":";","4313":"\\","4314":"n","4315":" ","4316":" ","4317":"c","4318":"o","4319":"l","4320":"o","4321":"r","4322":":","4323":" ","4324":"#","4325":"3","4326":"3","4327":"3","4328":";","4329":"\\","4330":"n","4331":" ","4332":" ","4333":"m","4334":"a","4335":"r","4336":"g","4337":"i","4338":"n","4339":"-","4340":"b","4341":"o","4342":"t","4343":"t","4344":"o","4345":"m","4346":":","4347":" ","4348":"0","4349":".","4350":"5","4351":"r","4352":"e","4353":"m","4354":";","4355":"\\","4356":"n","4357":" ","4358":" ","4359":"t","4360":"e","4361":"x","4362":"t","4363":"-","4364":"a","4365":"l","4366":"i","4367":"g","4368":"n","4369":":","4370":" ","4371":"c","4372":"e","4373":"n","4374":"t","4375":"e","4376":"r","4377":";","4378":"\\","4379":"n","4380":"}","4381":"\\","4382":"n","4383":"\\","4384":"n","4385":".","4386":"a","4387":"u","4388":"t","4389":"h","4390":"-","4391":"s","4392":"u","4393":"b","4394":"t","4395":"i","4396":"t","4397":"l","4398":"e","4399":" ","4400":"{","4401":"\\","4402":"n","4403":" ","4404":" ","4405":"c","4406":"o","4407":"l","4408":"o","4409":"r","4410":":","4411":" ","4412":"#","4413":"6","4414":"6","4415":"6","4416":";","4417":"\\","4418":"n","4419":" ","4420":" ","4421":"t","4422":"e","4423":"x","4424":"t","4425":"-","4426":"a","4427":"l","4428":"i","4429":"g","4430":"n","4431":":","4432":" ","4433":"c","4434":"e","4435":"n","4436":"t","4437":"e","4438":"r","4439":";","4440":"\\","4441":"n","4442":" ","4443":" ","4444":"m","4445":"a","4446":"r","4447":"g","4448":"i","4449":"n","4450":"-","4451":"b","4452":"o","4453":"t","4454":"t","4455":"o","4456":"m","4457":":","4458":" ","4459":"2","4460":"r","4461":"e","4462":"m","4463":";","4464":"\\","4465":"n","4466":" ","4467":" ","4468":"f","4469":"o","4470":"n","4471":"t","4472":"-","4473":"s","4474":"i","4475":"z","4476":"e","4477":":","4478":" ","4479":"0","4480":".","4481":"9","4482":"r","4483":"e","4484":"m","4485":";","4486":"\\","4487":"n","4488":"}","4489":"\\","4490":"n","4491":"\\","4492":"n","4493":".","4494":"a","4495":"u","4496":"t","4497":"h","4498":"-","4499":"f","4500":"o","4501":"r","4502":"m","4503":" ","4504":"{","4505":"\\","4506":"n","4507":" ","4508":" ","4509":"d","4510":"i","4511":"s","4512":"p","4513":"l","4514":"a","4515":"y","4516":":","4517":" ","4518":"f","4519":"l","4520":"e","4521":"x","4522":";","4523":"\\","4524":"n","4525":" ","4526":" ","4527":"f","4528":"l","4529":"e","4530":"x","4531":"-","4532":"d","4533":"i","4534":"r","4535":"e","4536":"c","4537":"t","4538":"i","4539":"o","4540":"n","4541":":","4542":" ","4543":"c","4544":"o","4545":"l","4546":"u","4547":"m","4548":"n","4549":";","4550":"\\","4551":"n","4552":" ","4553":" ","4554":"g","4555":"a","4556":"p","4557":":","4558":" ","4559":"1","4560":".","4561":"2","4562":"5","4563":"r","4564":"e","4565":"m","4566":";","4567":"\\","4568":"n","4569":"}","4570":"\\","4571":"n","4572":"\\","4573":"n","4574":".","4575":"f","4576":"o","4577":"r","4578":"m","4579":"-","4580":"g","4581":"r","4582":"o","4583":"u","4584":"p","4585":" ","4586":"{","4587":"\\","4588":"n","4589":" ","4590":" ","4591":"d","4592":"i","4593":"s","4594":"p","4595":"l","4596":"a","4597":"y","4598":":","4599":" ","4600":"f","4601":"l","4602":"e","4603":"x","4604":";","4605":"\\","4606":"n","4607":" ","4608":" ","4609":"f","4610":"l","4611":"e","4612":"x","4613":"-","4614":"d","4615":"i","4616":"r","4617":"e","4618":"c","4619":"t","4620":"i","4621":"o","4622":"n","4623":":","4624":" ","4625":"c","4626":"o","4627":"l","4628":"u","4629":"m","4630":"n","4631":";","4632":"\\","4633":"n","4634":" ","4635":" ","4636":"g","4637":"a","4638":"p","4639":":","4640":" ","4641":"0","4642":".","4643":"5","4644":"r","4645":"e","4646":"m","4647":";","4648":"\\","4649":"n","4650":"}","4651":"\\","4652":"n","4653":"\\","4654":"n","4655":".","4656":"f","4657":"o","4658":"r","4659":"m","4660":"-","4661":"g","4662":"r","4663":"o","4664":"u","4665":"p","4666":" ","4667":"l","4668":"a","4669":"b","4670":"e","4671":"l","4672":" ","4673":"{","4674":"\\","4675":"n","4676":" ","4677":" ","4678":"f","4679":"o","4680":"n","4681":"t","4682":"-","4683":"w","4684":"e","4685":"i","4686":"g","4687":"h","4688":"t","4689":":","4690":" ","4691":"6","4692":"0","4693":"0","4694":";","4695":"\\","4696":"n","4697":" ","4698":" ","4699":"c","4700":"o","4701":"l","4702":"o","4703":"r","4704":":","4705":" ","4706":"#","4707":"5","4708":"5","4709":"5","4710":";","4711":"\\","4712":"n","4713":" ","4714":" ","4715":"f","4716":"o","4717":"n","4718":"t","4719":"-","4720":"s","4721":"i","4722":"z","4723":"e","4724":":","4725":" ","4726":"0","4727":".","4728":"9","4729":"r","4730":"e","4731":"m","4732":";","4733":"\\","4734":"n","4735":"}","4736":"\\","4737":"n","4738":"\\","4739":"n","4740":".","4741":"f","4742":"o","4743":"r","4744":"m","4745":"-","4746":"i","4747":"n","4748":"p","4749":"u","4750":"t","4751":" ","4752":"{","4753":"\\","4754":"n","4755":" ","4756":" ","4757":"p","4758":"a","4759":"d","4760":"d","4761":"i","4762":"n","4763":"g","4764":":","4765":" ","4766":"0","4767":".","4768":"7","4769":"5","4770":"r","4771":"e","4772":"m","4773":" ","4774":"1","4775":"r","4776":"e","4777":"m","4778":";","4779":"\\","4780":"n","4781":" ","4782":" ","4783":"b","4784":"o","4785":"r","4786":"d","4787":"e","4788":"r","4789":":","4790":" ","4791":"1","4792":"p","4793":"x","4794":" ","4795":"s","4796":"o","4797":"l","4798":"i","4799":"d","4800":" ","4801":"#","4802":"d","4803":"d","4804":"d","4805":";","4806":"\\","4807":"n","4808":" ","4809":" ","4810":"b","4811":"o","4812":"r","4813":"d","4814":"e","4815":"r","4816":"-","4817":"r","4818":"a","4819":"d","4820":"i","4821":"u","4822":"s","4823":":","4824":" ","4825":"8","4826":"p","4827":"x","4828":";","4829":"\\","4830":"n","4831":" ","4832":" ","4833":"f","4834":"o","4835":"n","4836":"t","4837":"-","4838":"s","4839":"i","4840":"z","4841":"e","4842":":","4843":" ","4844":"1","4845":"r","4846":"e","4847":"m","4848":";","4849":"\\","4850":"n","4851":" ","4852":" ","4853":"t","4854":"r","4855":"a","4856":"n","4857":"s","4858":"i","4859":"t","4860":"i","4861":"o","4862":"n","4863":":","4864":" ","4865":"b","4866":"o","4867":"r","4868":"d","4869":"e","4870":"r","4871":"-","4872":"c","4873":"o","4874":"l","4875":"o","4876":"r","4877":" ","4878":"0","4879":".","4880":"3","4881":"s","4882":";","4883":"\\","4884":"n","4885":"}","4886":"\\","4887":"n","4888":"\\","4889":"n","4890":".","4891":"f","4892":"o","4893":"r","4894":"m","4895":"-","4896":"i","4897":"n","4898":"p","4899":"u","4900":"t","4901":":","4902":"f","4903":"o","4904":"c","4905":"u","4906":"s","4907":" ","4908":"{","4909":"\\","4910":"n","4911":" ","4912":" ","4913":"o","4914":"u","4915":"t","4916":"l","4917":"i","4918":"n","4919":"e","4920":":","4921":" ","4922":"n","4923":"o","4924":"n","4925":"e","4926":";","4927":"\\","4928":"n","4929":" ","4930":" ","4931":"b","4932":"o","4933":"r","4934":"d","4935":"e","4936":"r","4937":"-","4938":"c","4939":"o","4940":"l","4941":"o","4942":"r","4943":":","4944":" ","4945":"#","4946":"6","4947":"6","4948":"7","4949":"e","4950":"e","4951":"a","4952":";","4953":"\\","4954":"n","4955":"}","4956":"\\","4957":"n","4958":"\\","4959":"n","4960":".","4961":"a","4962":"u","4963":"t","4964":"h","4965":"-","4966":"b","4967":"t","4968":"n","4969":" ","4970":"{","4971":"\\","4972":"n","4973":" ","4974":" ","4975":"b","4976":"a","4977":"c","4978":"k","4979":"g","4980":"r","4981":"o","4982":"u","4983":"n","4984":"d","4985":":","4986":" ","4987":"l","4988":"i","4989":"n","4990":"e","4991":"a","4992":"r","4993":"-","4994":"g","4995":"r","4996":"a","4997":"d","4998":"i","4999":"e","5000":"n","5001":"t","5002":"(","5003":"1","5004":"3","5005":"5","5006":"d","5007":"e","5008":"g","5009":",","5010":" ","5011":"#","5012":"6","5013":"6","5014":"7","5015":"e","5016":"e","5017":"a","5018":",","5019":" ","5020":"#","5021":"7","5022":"6","5023":"4","5024":"b","5025":"a","5026":"2","5027":")","5028":";","5029":"\\","5030":"n","5031":" ","5032":" ","5033":"c","5034":"o","5035":"l","5036":"o","5037":"r","5038":":","5039":" ","5040":"w","5041":"h","5042":"i","5043":"t","5044":"e","5045":";","5046":"\\","5047":"n","5048":" ","5049":" ","5050":"b","5051":"o","5052":"r","5053":"d","5054":"e","5055":"r","5056":":","5057":" ","5058":"n","5059":"o","5060":"n","5061":"e","5062":";","5063":"\\","5064":"n","5065":" ","5066":" ","5067":"p","5068":"a","5069":"d","5070":"d","5071":"i","5072":"n","5073":"g","5074":":","5075":" ","5076":"0","5077":".","5078":"8","5079":"7","5080":"5","5081":"r","5082":"e","5083":"m","5084":";","5085":"\\","5086":"n","5087":" ","5088":" ","5089":"b","5090":"o","5091":"r","5092":"d","5093":"e","5094":"r","5095":"-","5096":"r","5097":"a","5098":"d","5099":"i","5100":"u","5101":"s","5102":":","5103":" ","5104":"8","5105":"p","5106":"x","5107":";","5108":"\\","5109":"n","5110":" ","5111":" ","5112":"f","5113":"o","5114":"n","5115":"t","5116":"-","5117":"s","5118":"i","5119":"z","5120":"e","5121":":","5122":" ","5123":"1","5124":"r","5125":"e","5126":"m","5127":";","5128":"\\","5129":"n","5130":" ","5131":" ","5132":"f","5133":"o","5134":"n","5135":"t","5136":"-","5137":"w","5138":"e","5139":"i","5140":"g","5141":"h","5142":"t","5143":":","5144":" ","5145":"6","5146":"0","5147":"0","5148":";","5149":"\\","5150":"n","5151":" ","5152":" ","5153":"c","5154":"u","5155":"r","5156":"s","5157":"o","5158":"r","5159":":","5160":" ","5161":"p","5162":"o","5163":"i","5164":"n","5165":"t","5166":"e","5167":"r","5168":";","5169":"\\","5170":"n","5171":" ","5172":" ","5173":"t","5174":"r","5175":"a","5176":"n","5177":"s","5178":"i","5179":"t","5180":"i","5181":"o","5182":"n","5183":":","5184":" ","5185":"t","5186":"r","5187":"a","5188":"n","5189":"s","5190":"f","5191":"o","5192":"r","5193":"m","5194":" ","5195":"0","5196":".","5197":"2","5198":"s","5199":",","5200":" ","5201":"b","5202":"o","5203":"x","5204":"-","5205":"s","5206":"h","5207":"a","5208":"d","5209":"o","5210":"w","5211":" ","5212":"0","5213":".","5214":"2","5215":"s","5216":";","5217":"\\","5218":"n","5219":" ","5220":" ","5221":"m","5222":"a","5223":"r","5224":"g","5225":"i","5226":"n","5227":"-","5228":"t","5229":"o","5230":"p","5231":":","5232":" ","5233":"1","5234":"r","5235":"e","5236":"m","5237":";","5238":"\\","5239":"n","5240":"}","5241":"\\","5242":"n","5243":"\\","5244":"n","5245":".","5246":"a","5247":"u","5248":"t","5249":"h","5250":"-","5251":"b","5252":"t","5253":"n","5254":":","5255":"h","5256":"o","5257":"v","5258":"e","5259":"r","5260":":","5261":"n","5262":"o","5263":"t","5264":"(","5265":":","5266":"d","5267":"i","5268":"s","5269":"a","5270":"b","5271":"l","5272":"e","5273":"d","5274":")","5275":" ","5276":"{","5277":"\\","5278":"n","5279":" ","5280":" ","5281":"t","5282":"r","5283":"a","5284":"n","5285":"s","5286":"f","5287":"o","5288":"r","5289":"m","5290":":","5291":" ","5292":"t","5293":"r","5294":"a","5295":"n","5296":"s","5297":"l","5298":"a","5299":"t","5300":"e","5301":"Y","5302":"(","5303":"-","5304":"2","5305":"p","5306":"x","5307":")","5308":";","5309":"\\","5310":"n","5311":" ","5312":" ","5313":"b","5314":"o","5315":"x","5316":"-","5317":"s","5318":"h","5319":"a","5320":"d","5321":"o","5322":"w","5323":":","5324":" ","5325":"0","5326":" ","5327":"5","5328":"p","5329":"x","5330":" ","5331":"1","5332":"5","5333":"p","5334":"x","5335":" ","5336":"r","5337":"g","5338":"b","5339":"a","5340":"(","5341":"1","5342":"0","5343":"2","5344":",","5345":" ","5346":"1","5347":"2","5348":"6","5349":",","5350":" ","5351":"2","5352":"3","5353":"4","5354":",","5355":" ","5356":"0","5357":".","5358":"4","5359":")","5360":";","5361":"\\","5362":"n","5363":"}","5364":"\\","5365":"n","5366":"\\","5367":"n","5368":".","5369":"a","5370":"u","5371":"t","5372":"h","5373":"-","5374":"b","5375":"t","5376":"n","5377":":","5378":"d","5379":"i","5380":"s","5381":"a","5382":"b","5383":"l","5384":"e","5385":"d","5386":" ","5387":"{","5388":"\\","5389":"n","5390":" ","5391":" ","5392":"o","5393":"p","5394":"a","5395":"c","5396":"i","5397":"t","5398":"y","5399":":","5400":" ","5401":"0","5402":".","5403":"7","5404":";","5405":"\\","5406":"n","5407":" ","5408":" ","5409":"c","5410":"u","5411":"r","5412":"s","5413":"o","5414":"r","5415":":","5416":" ","5417":"n","5418":"o","5419":"t","5420":"-","5421":"a","5422":"l","5423":"l","5424":"o","5425":"w","5426":"e","5427":"d","5428":";","5429":"\\","5430":"n","5431":"}","5432":"\\","5433":"n","5434":"\\","5435":"n","5436":".","5437":"s","5438":"u","5439":"c","5440":"c","5441":"e","5442":"s","5443":"s","5444":"-","5445":"m","5446":"e","5447":"s","5448":"s","5449":"a","5450":"g","5451":"e","5452":" ","5453":"{","5454":"\\","5455":"n","5456":" ","5457":" ","5458":"c","5459":"o","5460":"l","5461":"o","5462":"r","5463":":","5464":" ","5465":"#","5466":"2","5467":"8","5468":"a","5469":"7","5470":"4","5471":"5","5472":";","5473":"\\","5474":"n","5475":" ","5476":" ","5477":"b","5478":"a","5479":"c","5480":"k","5481":"g","5482":"r","5483":"o","5484":"u","5485":"n","5486":"d","5487":":","5488":" ","5489":"#","5490":"d","5491":"4","5492":"e","5493":"d","5494":"d","5495":"a","5496":";","5497":"\\","5498":"n","5499":" ","5500":" ","5501":"p","5502":"a","5503":"d","5504":"d","5505":"i","5506":"n","5507":"g","5508":":","5509":" ","5510":"0","5511":".","5512":"7","5513":"5","5514":"r","5515":"e","5516":"m","5517":";","5518":"\\","5519":"n","5520":" ","5521":" ","5522":"b","5523":"o","5524":"r","5525":"d","5526":"e","5527":"r","5528":"-","5529":"r","5530":"a","5531":"d","5532":"i","5533":"u","5534":"s","5535":":","5536":" ","5537":"8","5538":"p","5539":"x","5540":";","5541":"\\","5542":"n","5543":" ","5544":" ","5545":"f","5546":"o","5547":"n","5548":"t","5549":"-","5550":"s","5551":"i","5552":"z","5553":"e","5554":":","5555":" ","5556":"0","5557":".","5558":"9","5559":"r","5560":"e","5561":"m","5562":";","5563":"\\","5564":"n","5565":"}","5566":"\\","5567":"n","5568":"\\","5569":"n","5570":".","5571":"e","5572":"r","5573":"r","5574":"o","5575":"r","5576":"-","5577":"m","5578":"e","5579":"s","5580":"s","5581":"a","5582":"g","5583":"e","5584":" ","5585":"{","5586":"\\","5587":"n","5588":" ","5589":" ","5590":"c","5591":"o","5592":"l","5593":"o","5594":"r","5595":":","5596":" ","5597":"#","5598":"d","5599":"c","5600":"3","5601":"5","5602":"4","5603":"5","5604":";","5605":"\\","5606":"n","5607":" ","5608":" ","5609":"b","5610":"a","5611":"c","5612":"k","5613":"g","5614":"r","5615":"o","5616":"u","5617":"n","5618":"d","5619":":","5620":" ","5621":"#","5622":"f","5623":"8","5624":"d","5625":"7","5626":"d","5627":"a","5628":";","5629":"\\","5630":"n","5631":" ","5632":" ","5633":"p","5634":"a","5635":"d","5636":"d","5637":"i","5638":"n","5639":"g","5640":":","5641":" ","5642":"0","5643":".","5644":"7","5645":"5","5646":"r","5647":"e","5648":"m","5649":";","5650":"\\","5651":"n","5652":" ","5653":" ","5654":"b","5655":"o","5656":"r","5657":"d","5658":"e","5659":"r","5660":"-","5661":"r","5662":"a","5663":"d","5664":"i","5665":"u","5666":"s","5667":":","5668":" ","5669":"8","5670":"p","5671":"x","5672":";","5673":"\\","5674":"n","5675":" ","5676":" ","5677":"f","5678":"o","5679":"n","5680":"t","5681":"-","5682":"s","5683":"i","5684":"z","5685":"e","5686":":","5687":" ","5688":"0","5689":".","5690":"9","5691":"r","5692":"e","5693":"m","5694":";","5695":"\\","5696":"n","5697":"}","5698":"\\","5699":"n","5700":"<","5701":"/","5702":"s","5703":"t","5704":"y","5705":"l","5706":"e","5707":">","5708":"\\","5709":"n","5710":"\"","5711":"]","5712":"}"},"_coverageSchema":"1a1c01bbd47fc00a2c39e90264f33305004495a9","hash":"07e59690a5d5ba76ff9619fa8cddfe1190f9bff7"}
}
