{"/home/slyxi/Match-Prediction-App/match_prediction_app-front/src/assets/logo.png": {"path":"/home/slyxi/Match-Prediction-App/match_prediction_app-front/src/assets/logo.png","statementMap":{"0":{"start":{"line":1,"column":0},"end":{"line":1,"column":19}}},"fnMap":{},"branchMap":{},"s":{"0":4},"f":{},"b":{},"_coverageSchema":"1a1c01bbd47fc00a2c39e90264f33305004495a9","hash":"b769c7ac23c256c062dbcc5fef552ee7e3565a1c"}
,"/home/slyxi/Match-Prediction-App/match_prediction_app-front/src/components/NavigationBar.vue": {"path":"/home/slyxi/Match-Prediction-App/match_prediction_app-front/src/components/NavigationBar.vue","statementMap":{"0":{"start":{"line":4,"column":0},"end":{"line":6,"column":3}},"1":{"start":{"line":7,"column":0},"end":{"line":7,"column":25}},"2":{"start":{"line":8,"column":15},"end":{"line":10,"column":1}},"3":{"start":{"line":11,"column":0},"end":{"line":11,"column":13}},"4":{"start":{"line":13,"column":0},"end":{"line":15,"column":3}},"5":{"start":{"line":16,"column":0},"end":{"line":16,"column":24}},"6":{"start":{"line":17,"column":11},"end":{"line":17,"column":25}},"7":{"start":{"line":18,"column":12},"end":{"line":18,"column":64}},"8":{"start":{"line":19,"column":37},"end":{"line":19,"column":85}},"9":{"start":{"line":20,"column":33},"end":{"line":20,"column":143}},"10":{"start":{"line":21,"column":32},"end":{"line":21,"column":188}},"11":{"start":{"line":22,"column":45},"end":{"line":22,"column":376}},"12":{"start":{"line":22,"column":54},"end":{"line":22,"column":111}},"13":{"start":{"line":22,"column":80},"end":{"line":22,"column":111}},"14":{"start":{"line":22,"column":120},"end":{"line":22,"column":152}},"15":{"start":{"line":22,"column":154},"end":{"line":22,"column":374}},"16":{"start":{"line":23,"column":31},"end":{"line":23,"column":143}},"17":{"start":{"line":23,"column":122},"end":{"line":23,"column":143}},"18":{"start":{"line":24,"column":33},"end":{"line":24,"column":83}},"19":{"start":{"line":24,"column":55},"end":{"line":24,"column":83}},"20":{"start":{"line":25,"column":35},"end":{"line":25,"column":81}},"21":{"start":{"line":25,"column":82},"end":{"line":25,"column":136}},"22":{"start":{"line":25,"column":95},"end":{"line":25,"column":96}},"23":{"start":{"line":25,"column":102},"end":{"line":25,"column":110}},"24":{"start":{"line":25,"column":124},"end":{"line":25,"column":136}},"25":{"start":{"line":25,"column":137},"end":{"line":25,"column":146}},"26":{"start":{"line":26,"column":17},"end":{"line":28,"column":1}},"27":{"start":{"line":29,"column":17},"end":{"line":31,"column":1}},"28":{"start":{"line":33,"column":31},"end":{"line":33,"column":72}},"29":{"start":{"line":34,"column":2},"end":{"line":80,"column":9}},"30":{"start":{"line":45,"column":6},"end":{"line":45,"column":118}},"31":{"start":{"line":53,"column":6},"end":{"line":53,"column":120}},"32":{"start":{"line":61,"column":6},"end":{"line":61,"column":119}},"33":{"start":{"line":69,"column":6},"end":{"line":69,"column":115}},"34":{"start":{"line":77,"column":6},"end":{"line":77,"column":113}},"35":{"start":{"line":81,"column":2},"end":{"line":81,"column":49}}},"fnMap":{"0":{"name":"_interopRequireDefault","decl":{"start":{"line":19,"column":9},"end":{"line":19,"column":31}},"loc":{"start":{"line":19,"column":35},"end":{"line":19,"column":87}},"line":19},"1":{"name":"_toConsumableArray","decl":{"start":{"line":20,"column":9},"end":{"line":20,"column":27}},"loc":{"start":{"line":20,"column":31},"end":{"line":20,"column":145}},"line":20},"2":{"name":"_nonIterableSpread","decl":{"start":{"line":21,"column":9},"end":{"line":21,"column":27}},"loc":{"start":{"line":21,"column":30},"end":{"line":21,"column":190}},"line":21},"3":{"name":"_unsupportedIterableToArray","decl":{"start":{"line":22,"column":9},"end":{"line":22,"column":36}},"loc":{"start":{"line":22,"column":43},"end":{"line":22,"column":378}},"line":22},"4":{"name":"_iterableToArray","decl":{"start":{"line":23,"column":9},"end":{"line":23,"column":25}},"loc":{"start":{"line":23,"column":29},"end":{"line":23,"column":145}},"line":23},"5":{"name":"_arrayWithoutHoles","decl":{"start":{"line":24,"column":9},"end":{"line":24,"column":27}},"loc":{"start":{"line":24,"column":31},"end":{"line":24,"column":85}},"line":24},"6":{"name":"_arrayLikeToArray","decl":{"start":{"line":25,"column":9},"end":{"line":25,"column":26}},"loc":{"start":{"line":25,"column":33},"end":{"line":25,"column":148}},"line":25},"7":{"name":"render","decl":{"start":{"line":32,"column":9},"end":{"line":32,"column":15}},"loc":{"start":{"line":32,"column":30},"end":{"line":81,"column":1}},"line":32},"8":{"name":"(anonymous_8)","decl":{"start":{"line":44,"column":33},"end":{"line":44,"column":34}},"loc":{"start":{"line":44,"column":45},"end":{"line":46,"column":5}},"line":44},"9":{"name":"(anonymous_9)","decl":{"start":{"line":52,"column":33},"end":{"line":52,"column":34}},"loc":{"start":{"line":52,"column":45},"end":{"line":54,"column":5}},"line":52},"10":{"name":"(anonymous_10)","decl":{"start":{"line":60,"column":33},"end":{"line":60,"column":34}},"loc":{"start":{"line":60,"column":45},"end":{"line":62,"column":5}},"line":60},"11":{"name":"(anonymous_11)","decl":{"start":{"line":68,"column":33},"end":{"line":68,"column":34}},"loc":{"start":{"line":68,"column":45},"end":{"line":70,"column":5}},"line":68},"12":{"name":"(anonymous_12)","decl":{"start":{"line":76,"column":33},"end":{"line":76,"column":34}},"loc":{"start":{"line":76,"column":45},"end":{"line":78,"column":5}},"line":76}},"branchMap":{"0":{"loc":{"start":{"line":19,"column":44},"end":{"line":19,"column":84}},"type":"cond-expr","locations":[{"start":{"line":19,"column":64},"end":{"line":19,"column":65}},{"start":{"line":19,"column":68},"end":{"line":19,"column":84}}],"line":19},"1":{"loc":{"start":{"line":19,"column":44},"end":{"line":19,"column":61}},"type":"binary-expr","locations":[{"start":{"line":19,"column":44},"end":{"line":19,"column":45}},{"start":{"line":19,"column":49},"end":{"line":19,"column":61}}],"line":19},"2":{"loc":{"start":{"line":20,"column":40},"end":{"line":20,"column":142}},"type":"binary-expr","locations":[{"start":{"line":20,"column":40},"end":{"line":20,"column":61}},{"start":{"line":20,"column":65},"end":{"line":20,"column":84}},{"start":{"line":20,"column":88},"end":{"line":20,"column":118}},{"start":{"line":20,"column":122},"end":{"line":20,"column":142}}],"line":20},"3":{"loc":{"start":{"line":22,"column":45},"end":{"line":22,"column":376}},"type":"if","locations":[{"start":{"line":22,"column":45},"end":{"line":22,"column":376}},{"start":{},"end":{}}],"line":22},"4":{"loc":{"start":{"line":22,"column":54},"end":{"line":22,"column":111}},"type":"if","locations":[{"start":{"line":22,"column":54},"end":{"line":22,"column":111}},{"start":{},"end":{}}],"line":22},"5":{"loc":{"start":{"line":22,"column":161},"end":{"line":22,"column":220}},"type":"binary-expr","locations":[{"start":{"line":22,"column":161},"end":{"line":22,"column":175}},{"start":{"line":22,"column":179},"end":{"line":22,"column":192}},{"start":{"line":22,"column":197},"end":{"line":22,"column":219}}],"line":22},"6":{"loc":{"start":{"line":22,"column":222},"end":{"line":22,"column":373}},"type":"cond-expr","locations":[{"start":{"line":22,"column":251},"end":{"line":22,"column":264}},{"start":{"line":22,"column":267},"end":{"line":22,"column":373}}],"line":22},"7":{"loc":{"start":{"line":22,"column":222},"end":{"line":22,"column":248}},"type":"binary-expr","locations":[{"start":{"line":22,"column":222},"end":{"line":22,"column":233}},{"start":{"line":22,"column":237},"end":{"line":22,"column":248}}],"line":22},"8":{"loc":{"start":{"line":22,"column":267},"end":{"line":22,"column":373}},"type":"cond-expr","locations":[{"start":{"line":22,"column":341},"end":{"line":22,"column":364}},{"start":{"line":22,"column":367},"end":{"line":22,"column":373}}],"line":22},"9":{"loc":{"start":{"line":22,"column":267},"end":{"line":22,"column":338}},"type":"binary-expr","locations":[{"start":{"line":22,"column":267},"end":{"line":22,"column":284}},{"start":{"line":22,"column":288},"end":{"line":22,"column":338}}],"line":22},"10":{"loc":{"start":{"line":23,"column":31},"end":{"line":23,"column":143}},"type":"if","locations":[{"start":{"line":23,"column":31},"end":{"line":23,"column":143}},{"start":{},"end":{}}],"line":23},"11":{"loc":{"start":{"line":23,"column":35},"end":{"line":23,"column":120}},"type":"binary-expr","locations":[{"start":{"line":23,"column":35},"end":{"line":23,"column":63}},{"start":{"line":23,"column":67},"end":{"line":23,"column":93}},{"start":{"line":23,"column":97},"end":{"line":23,"column":120}}],"line":23},"12":{"loc":{"start":{"line":24,"column":33},"end":{"line":24,"column":83}},"type":"if","locations":[{"start":{"line":24,"column":33},"end":{"line":24,"column":83}},{"start":{},"end":{}}],"line":24},"13":{"loc":{"start":{"line":25,"column":35},"end":{"line":25,"column":80}},"type":"binary-expr","locations":[{"start":{"line":25,"column":36},"end":{"line":25,"column":45}},{"start":{"line":25,"column":49},"end":{"line":25,"column":61}},{"start":{"line":25,"column":67},"end":{"line":25,"column":79}}],"line":25},"14":{"loc":{"start":{"line":34,"column":81},"end":{"line":40,"column":24}},"type":"binary-expr","locations":[{"start":{"line":34,"column":81},"end":{"line":34,"column":90}},{"start":{"line":34,"column":95},"end":{"line":40,"column":23}}],"line":34},"15":{"loc":{"start":{"line":45,"column":32},"end":{"line":45,"column":116}},"type":"binary-expr","locations":[{"start":{"line":45,"column":32},"end":{"line":45,"column":41}},{"start":{"line":45,"column":46},"end":{"line":45,"column":115}}],"line":45},"16":{"loc":{"start":{"line":53,"column":32},"end":{"line":53,"column":118}},"type":"binary-expr","locations":[{"start":{"line":53,"column":32},"end":{"line":53,"column":41}},{"start":{"line":53,"column":46},"end":{"line":53,"column":117}}],"line":53},"17":{"loc":{"start":{"line":61,"column":32},"end":{"line":61,"column":117}},"type":"binary-expr","locations":[{"start":{"line":61,"column":32},"end":{"line":61,"column":41}},{"start":{"line":61,"column":46},"end":{"line":61,"column":116}}],"line":61},"18":{"loc":{"start":{"line":69,"column":32},"end":{"line":69,"column":113}},"type":"binary-expr","locations":[{"start":{"line":69,"column":32},"end":{"line":69,"column":41}},{"start":{"line":69,"column":46},"end":{"line":69,"column":112}}],"line":69},"19":{"loc":{"start":{"line":77,"column":32},"end":{"line":77,"column":111}},"type":"binary-expr","locations":[{"start":{"line":77,"column":32},"end":{"line":77,"column":41}},{"start":{"line":77,"column":46},"end":{"line":77,"column":110}}],"line":77}},"s":{"0":1,"1":1,"2":1,"3":1,"4":1,"5":1,"6":1,"7":1,"8":1,"9":31,"10":0,"11":0,"12":0,"13":0,"14":0,"15":0,"16":0,"17":0,"18":31,"19":31,"20":31,"21":31,"22":31,"23":31,"24":31,"25":31,"26":1,"27":1,"28":6,"29":6,"30":7,"31":6,"32":6,"33":6,"34":6,"35":1},"f":{"0":1,"1":31,"2":0,"3":0,"4":0,"5":31,"6":31,"7":6,"8":7,"9":6,"10":6,"11":6,"12":6},"b":{"0":[0,1],"1":[1,0],"2":[31,0,0,0],"3":[0,0],"4":[0,0],"5":[0,0,0],"6":[0,0],"7":[0,0],"8":[0,0],"9":[0,0],"10":[0,0],"11":[0,0,0],"12":[31,0],"13":[31,0,31],"14":[6,6],"15":[7,6],"16":[6,6],"17":[6,6],"18":[6,6],"19":[6,6]},"inputSourceMap":{"0":"{","1":"\"","2":"v","3":"e","4":"r","5":"s","6":"i","7":"o","8":"n","9":"\"","10":":","11":"3","12":",","13":"\"","14":"s","15":"o","16":"u","17":"r","18":"c","19":"e","20":"s","21":"\"","22":":","23":"[","24":"\"","25":"/","26":"h","27":"o","28":"m","29":"e","30":"/","31":"s","32":"l","33":"y","34":"x","35":"i","36":"/","37":"M","38":"a","39":"t","40":"c","41":"h","42":"-","43":"P","44":"r","45":"e","46":"d","47":"i","48":"c","49":"t","50":"i","51":"o","52":"n","53":"-","54":"A","55":"p","56":"p","57":"/","58":"m","59":"a","60":"t","61":"c","62":"h","63":"_","64":"p","65":"r","66":"e","67":"d","68":"i","69":"c","70":"t","71":"i","72":"o","73":"n","74":"_","75":"a","76":"p","77":"p","78":"-","79":"f","80":"r","81":"o","82":"n","83":"t","84":"/","85":"s","86":"r","87":"c","88":"/","89":"c","90":"o","91":"m","92":"p","93":"o","94":"n","95":"e","96":"n","97":"t","98":"s","99":"/","100":"N","101":"a","102":"v","103":"i","104":"g","105":"a","106":"t","107":"i","108":"o","109":"n","110":"B","111":"a","112":"r","113":".","114":"v","115":"u","116":"e","117":"\"","118":"]","119":",","120":"\"","121":"n","122":"a","123":"m","124":"e","125":"s","126":"\"","127":":","128":"[","129":"]","130":",","131":"\"","132":"m","133":"a","134":"p","135":"p","136":"i","137":"n","138":"g","139":"s","140":"\"","141":":","142":"\"","143":";","144":";","145":";","146":";","147":";","148":";","149":";","150":"i","151":"C","152":"A","153":"g","154":"B","155":"e","156":";","157":"E","158":"A","159":"C","160":"b","161":",","162":"I","163":"A","164":"A","165":"I","166":",","167":"E","168":"A","169":"A","170":"E","171":";","172":"A","173":"A","174":"C","175":"R","176":",","177":"C","178":"A","179":"A","180":"C","181":"\"","182":",","183":"\"","184":"f","185":"i","186":"l","187":"e","188":"\"","189":":","190":"\"","191":"/","192":"h","193":"o","194":"m","195":"e","196":"/","197":"s","198":"l","199":"y","200":"x","201":"i","202":"/","203":"M","204":"a","205":"t","206":"c","207":"h","208":"-","209":"P","210":"r","211":"e","212":"d","213":"i","214":"c","215":"t","216":"i","217":"o","218":"n","219":"-","220":"A","221":"p","222":"p","223":"/","224":"m","225":"a","226":"t","227":"c","228":"h","229":"_","230":"p","231":"r","232":"e","233":"d","234":"i","235":"c","236":"t","237":"i","238":"o","239":"n","240":"_","241":"a","242":"p","243":"p","244":"-","245":"f","246":"r","247":"o","248":"n","249":"t","250":"/","251":"s","252":"r","253":"c","254":"/","255":"c","256":"o","257":"m","258":"p","259":"o","260":"n","261":"e","262":"n","263":"t","264":"s","265":"/","266":"N","267":"a","268":"v","269":"i","270":"g","271":"a","272":"t","273":"i","274":"o","275":"n","276":"B","277":"a","278":"r","279":".","280":"v","281":"u","282":"e","283":"\"","284":",","285":"\"","286":"s","287":"o","288":"u","289":"r","290":"c","291":"e","292":"s","293":"C","294":"o","295":"n","296":"t","297":"e","298":"n","299":"t","300":"\"","301":":","302":"[","303":"\"","304":"<","305":"t","306":"e","307":"m","308":"p","309":"l","310":"a","311":"t","312":"e","313":">","314":"\\","315":"n","316":" ","317":" ","318":"<","319":"n","320":"a","321":"v","322":" ","323":"c","324":"l","325":"a","326":"s","327":"s","328":"=","329":"\\","330":"\"","331":"n","332":"a","333":"v","334":"b","335":"a","336":"r","337":"\\","338":"\"","339":">","340":"\\","341":"n","342":" ","343":" ","344":" ","345":" ","346":"<","347":"d","348":"i","349":"v","350":" ","351":"c","352":"l","353":"a","354":"s","355":"s","356":"=","357":"\\","358":"\"","359":"n","360":"a","361":"v","362":"-","363":"b","364":"r","365":"a","366":"n","367":"d","368":"\\","369":"\"","370":">","371":"\\","372":"n","373":" ","374":" ","375":" ","376":" ","377":" ","378":" ","379":"<","380":"i","381":"m","382":"g","383":" ","384":"s","385":"r","386":"c","387":"=","388":"\\","389":"\"","390":"@","391":"/","392":"a","393":"s","394":"s","395":"e","396":"t","397":"s","398":"/","399":"l","400":"o","401":"g","402":"o","403":".","404":"p","405":"n","406":"g","407":"\\","408":"\"","409":" ","410":"a","411":"l","412":"t","413":"=","414":"\\","415":"\"","416":"L","417":"o","418":"g","419":"o","420":"\\","421":"\"","422":" ","423":"c","424":"l","425":"a","426":"s","427":"s","428":"=","429":"\\","430":"\"","431":"l","432":"o","433":"g","434":"o","435":"-","436":"i","437":"m","438":"g","439":"\\","440":"\"","441":" ","442":"/","443":">","444":"\\","445":"n","446":" ","447":" ","448":" ","449":" ","450":"<","451":"/","452":"d","453":"i","454":"v","455":">","456":"\\","457":"n","458":" ","459":" ","460":" ","461":" ","462":"<","463":"d","464":"i","465":"v","466":" ","467":"c","468":"l","469":"a","470":"s","471":"s","472":"=","473":"\\","474":"\"","475":"n","476":"a","477":"v","478":"-","479":"m","480":"e","481":"n","482":"u","483":"\\","484":"\"","485":">","486":"\\","487":"n","488":" ","489":" ","490":" ","491":" ","492":" ","493":" ","494":"<","495":"r","496":"o","497":"u","498":"t","499":"e","500":"r","501":"-","502":"l","503":"i","504":"n","505":"k","506":" ","507":"t","508":"o","509":"=","510":"\\","511":"\"","512":"/","513":"\\","514":"\"","515":" ","516":"c","517":"l","518":"a","519":"s","520":"s","521":"=","522":"\\","523":"\"","524":"n","525":"a","526":"v","527":"-","528":"i","529":"t","530":"e","531":"m","532":"\\","533":"\"","534":">","535":"D","536":"a","537":"s","538":"h","539":"b","540":"o","541":"a","542":"r","543":"d","544":"<","545":"/","546":"r","547":"o","548":"u","549":"t","550":"e","551":"r","552":"-","553":"l","554":"i","555":"n","556":"k","557":">","558":"\\","559":"n","560":" ","561":" ","562":" ","563":" ","564":" ","565":" ","566":"<","567":"r","568":"o","569":"u","570":"t","571":"e","572":"r","573":"-","574":"l","575":"i","576":"n","577":"k","578":" ","579":"t","580":"o","581":"=","582":"\\","583":"\"","584":"/","585":"p","586":"r","587":"e","588":"d","589":"i","590":"c","591":"t","592":"i","593":"o","594":"n","595":"s","596":"\\","597":"\"","598":" ","599":"c","600":"l","601":"a","602":"s","603":"s","604":"=","605":"\\","606":"\"","607":"n","608":"a","609":"v","610":"-","611":"i","612":"t","613":"e","614":"m","615":"\\","616":"\"","617":">","618":"P","619":"r","620":"é","621":"d","622":"i","623":"c","624":"t","625":"i","626":"o","627":"n","628":"s","629":"<","630":"/","631":"r","632":"o","633":"u","634":"t","635":"e","636":"r","637":"-","638":"l","639":"i","640":"n","641":"k","642":">","643":"\\","644":"n","645":" ","646":" ","647":" ","648":" ","649":" ","650":" ","651":"<","652":"r","653":"o","654":"u","655":"t","656":"e","657":"r","658":"-","659":"l","660":"i","661":"n","662":"k","663":" ","664":"t","665":"o","666":"=","667":"\\","668":"\"","669":"/","670":"h","671":"i","672":"s","673":"t","674":"o","675":"r","676":"y","677":"\\","678":"\"","679":" ","680":"c","681":"l","682":"a","683":"s","684":"s","685":"=","686":"\\","687":"\"","688":"n","689":"a","690":"v","691":"-","692":"i","693":"t","694":"e","695":"m","696":"\\","697":"\"","698":">","699":"H","700":"i","701":"s","702":"t","703":"o","704":"r","705":"i","706":"q","707":"u","708":"e","709":"<","710":"/","711":"r","712":"o","713":"u","714":"t","715":"e","716":"r","717":"-","718":"l","719":"i","720":"n","721":"k","722":">","723":"\\","724":"n","725":" ","726":" ","727":" ","728":" ","729":" ","730":" ","731":"<","732":"r","733":"o","734":"u","735":"t","736":"e","737":"r","738":"-","739":"l","740":"i","741":"n","742":"k","743":" ","744":"t","745":"o","746":"=","747":"\\","748":"\"","749":"/","750":"p","751":"r","752":"o","753":"f","754":"i","755":"l","756":"e","757":"\\","758":"\"","759":" ","760":"c","761":"l","762":"a","763":"s","764":"s","765":"=","766":"\\","767":"\"","768":"n","769":"a","770":"v","771":"-","772":"i","773":"t","774":"e","775":"m","776":"\\","777":"\"","778":">","779":"P","780":"r","781":"o","782":"f","783":"i","784":"l","785":"<","786":"/","787":"r","788":"o","789":"u","790":"t","791":"e","792":"r","793":"-","794":"l","795":"i","796":"n","797":"k","798":">","799":"\\","800":"n","801":" ","802":" ","803":" ","804":" ","805":" ","806":" ","807":"<","808":"r","809":"o","810":"u","811":"t","812":"e","813":"r","814":"-","815":"l","816":"i","817":"n","818":"k","819":" ","820":"t","821":"o","822":"=","823":"\\","824":"\"","825":"/","826":"e","827":"x","828":"i","829":"t","830":"\\","831":"\"","832":" ","833":"c","834":"l","835":"a","836":"s","837":"s","838":"=","839":"\\","840":"\"","841":"n","842":"a","843":"v","844":"-","845":"i","846":"t","847":"e","848":"m","849":" ","850":"e","851":"x","852":"i","853":"t","854":"\\","855":"\"","856":">","857":"E","858":"x","859":"i","860":"t","861":"<","862":"/","863":"r","864":"o","865":"u","866":"t","867":"e","868":"r","869":"-","870":"l","871":"i","872":"n","873":"k","874":">","875":"\\","876":"n","877":" ","878":" ","879":" ","880":" ","881":"<","882":"/","883":"d","884":"i","885":"v","886":">","887":"\\","888":"n","889":" ","890":" ","891":"<","892":"/","893":"n","894":"a","895":"v","896":">","897":"\\","898":"n","899":"<","900":"/","901":"t","902":"e","903":"m","904":"p","905":"l","906":"a","907":"t","908":"e","909":">","910":"\\","911":"n","912":"\\","913":"n","914":"<","915":"s","916":"c","917":"r","918":"i","919":"p","920":"t","921":">","922":"\\","923":"n","924":"e","925":"x","926":"p","927":"o","928":"r","929":"t","930":" ","931":"d","932":"e","933":"f","934":"a","935":"u","936":"l","937":"t","938":" ","939":"{","940":"\\","941":"n","942":" ","943":" ","944":"n","945":"a","946":"m","947":"e","948":":","949":" ","950":"'","951":"N","952":"a","953":"v","954":"i","955":"g","956":"a","957":"t","958":"i","959":"o","960":"n","961":"B","962":"a","963":"r","964":"'","965":"\\","966":"n","967":"}","968":"\\","969":"n","970":"<","971":"/","972":"s","973":"c","974":"r","975":"i","976":"p","977":"t","978":">","979":"\\","980":"n","981":"\\","982":"n","983":"<","984":"s","985":"t","986":"y","987":"l","988":"e","989":" ","990":"s","991":"c","992":"o","993":"p","994":"e","995":"d","996":">","997":"\\","998":"n","999":".","1000":"n","1001":"a","1002":"v","1003":"b","1004":"a","1005":"r","1006":" ","1007":"{","1008":"\\","1009":"n","1010":" ","1011":" ","1012":"d","1013":"i","1014":"s","1015":"p","1016":"l","1017":"a","1018":"y","1019":":","1020":" ","1021":"f","1022":"l","1023":"e","1024":"x","1025":";","1026":"\\","1027":"n","1028":" ","1029":" ","1030":"j","1031":"u","1032":"s","1033":"t","1034":"i","1035":"f","1036":"y","1037":"-","1038":"c","1039":"o","1040":"n","1041":"t","1042":"e","1043":"n","1044":"t","1045":":","1046":" ","1047":"s","1048":"p","1049":"a","1050":"c","1051":"e","1052":"-","1053":"b","1054":"e","1055":"t","1056":"w","1057":"e","1058":"e","1059":"n","1060":";","1061":"\\","1062":"n","1063":" ","1064":" ","1065":"a","1066":"l","1067":"i","1068":"g","1069":"n","1070":"-","1071":"i","1072":"t","1073":"e","1074":"m","1075":"s","1076":":","1077":" ","1078":"c","1079":"e","1080":"n","1081":"t","1082":"e","1083":"r","1084":";","1085":"\\","1086":"n","1087":" ","1088":" ","1089":"b","1090":"a","1091":"c","1092":"k","1093":"g","1094":"r","1095":"o","1096":"u","1097":"n","1098":"d","1099":":","1100":" ","1101":"l","1102":"i","1103":"n","1104":"e","1105":"a","1106":"r","1107":"-","1108":"g","1109":"r","1110":"a","1111":"d","1112":"i","1113":"e","1114":"n","1115":"t","1116":"(","1117":"1","1118":"3","1119":"5","1120":"d","1121":"e","1122":"g","1123":",","1124":" ","1125":"#","1126":"6","1127":"6","1128":"7","1129":"e","1130":"e","1131":"a","1132":" ","1133":"0","1134":"%","1135":",","1136":" ","1137":"#","1138":"7","1139":"6","1140":"4","1141":"b","1142":"a","1143":"2","1144":" ","1145":"1","1146":"0","1147":"0","1148":"%","1149":")","1150":";","1151":"\\","1152":"n","1153":" ","1154":" ","1155":"p","1156":"a","1157":"d","1158":"d","1159":"i","1160":"n","1161":"g","1162":":","1163":" ","1164":"1","1165":".","1166":"5","1167":"r","1168":"e","1169":"m","1170":" ","1171":"2","1172":"r","1173":"e","1174":"m","1175":";","1176":"\\","1177":"n","1178":" ","1179":" ","1180":"b","1181":"o","1182":"x","1183":"-","1184":"s","1185":"h","1186":"a","1187":"d","1188":"o","1189":"w","1190":":","1191":" ","1192":"0","1193":" ","1194":"2","1195":"p","1196":"x","1197":" ","1198":"1","1199":"0","1200":"p","1201":"x","1202":" ","1203":"r","1204":"g","1205":"b","1206":"a","1207":"(","1208":"0","1209":",","1210":"0","1211":",","1212":"0","1213":",","1214":"0","1215":".","1216":"1","1217":")","1218":";","1219":"\\","1220":"n","1221":"}","1222":"\\","1223":"n","1224":"\\","1225":"n","1226":".","1227":"n","1228":"a","1229":"v","1230":"-","1231":"b","1232":"r","1233":"a","1234":"n","1235":"d","1236":" ","1237":"{","1238":"\\","1239":"n","1240":" ","1241":" ","1242":"f","1243":"o","1244":"n","1245":"t","1246":"-","1247":"s","1248":"i","1249":"z","1250":"e","1251":":","1252":" ","1253":"1","1254":".","1255":"5","1256":"r","1257":"e","1258":"m","1259":";","1260":"\\","1261":"n","1262":" ","1263":" ","1264":"f","1265":"o","1266":"n","1267":"t","1268":"-","1269":"w","1270":"e","1271":"i","1272":"g","1273":"h","1274":"t","1275":":","1276":" ","1277":"b","1278":"o","1279":"l","1280":"d","1281":";","1282":"\\","1283":"n","1284":" ","1285":" ","1286":"c","1287":"o","1288":"l","1289":"o","1290":"r","1291":":","1292":" ","1293":"w","1294":"h","1295":"i","1296":"t","1297":"e","1298":";","1299":"\\","1300":"n","1301":"}","1302":"\\","1303":"n","1304":"\\","1305":"n","1306":".","1307":"l","1308":"o","1309":"g","1310":"o","1311":"-","1312":"i","1313":"m","1314":"g","1315":" ","1316":"{","1317":"\\","1318":"n","1319":" ","1320":" ","1321":"h","1322":"e","1323":"i","1324":"g","1325":"h","1326":"t","1327":":","1328":" ","1329":"4","1330":"r","1331":"e","1332":"m","1333":";","1334":"\\","1335":"n","1336":" ","1337":" ","1338":"w","1339":"i","1340":"d","1341":"t","1342":"h","1343":":","1344":" ","1345":"a","1346":"u","1347":"t","1348":"o","1349":";","1350":"\\","1351":"n","1352":"}","1353":"\\","1354":"n","1355":"\\","1356":"n","1357":".","1358":"n","1359":"a","1360":"v","1361":"-","1362":"m","1363":"e","1364":"n","1365":"u","1366":" ","1367":"{","1368":"\\","1369":"n","1370":" ","1371":" ","1372":"d","1373":"i","1374":"s","1375":"p","1376":"l","1377":"a","1378":"y","1379":":","1380":" ","1381":"f","1382":"l","1383":"e","1384":"x","1385":";","1386":"\\","1387":"n","1388":" ","1389":" ","1390":"g","1391":"a","1392":"p","1393":":","1394":" ","1395":"2","1396":"r","1397":"e","1398":"m","1399":";","1400":"\\","1401":"n","1402":"}","1403":"\\","1404":"n","1405":"\\","1406":"n","1407":".","1408":"n","1409":"a","1410":"v","1411":"-","1412":"i","1413":"t","1414":"e","1415":"m","1416":" ","1417":"{","1418":"\\","1419":"n","1420":" ","1421":" ","1422":"c","1423":"o","1424":"l","1425":"o","1426":"r","1427":":","1428":" ","1429":"w","1430":"h","1431":"i","1432":"t","1433":"e","1434":";","1435":"\\","1436":"n","1437":" ","1438":" ","1439":"t","1440":"e","1441":"x","1442":"t","1443":"-","1444":"d","1445":"e","1446":"c","1447":"o","1448":"r","1449":"a","1450":"t","1451":"i","1452":"o","1453":"n","1454":":","1455":" ","1456":"n","1457":"o","1458":"n","1459":"e","1460":";","1461":"\\","1462":"n","1463":" ","1464":" ","1465":"p","1466":"a","1467":"d","1468":"d","1469":"i","1470":"n","1471":"g","1472":":","1473":" ","1474":"0","1475":".","1476":"5","1477":"r","1478":"e","1479":"m","1480":" ","1481":"1","1482":"r","1483":"e","1484":"m","1485":";","1486":"\\","1487":"n","1488":" ","1489":" ","1490":"b","1491":"o","1492":"r","1493":"d","1494":"e","1495":"r","1496":"-","1497":"r","1498":"a","1499":"d","1500":"i","1501":"u","1502":"s","1503":":","1504":" ","1505":"4","1506":"p","1507":"x","1508":";","1509":"\\","1510":"n","1511":" ","1512":" ","1513":"t","1514":"r","1515":"a","1516":"n","1517":"s","1518":"i","1519":"t","1520":"i","1521":"o","1522":"n","1523":":","1524":" ","1525":"b","1526":"a","1527":"c","1528":"k","1529":"g","1530":"r","1531":"o","1532":"u","1533":"n","1534":"d","1535":"-","1536":"c","1537":"o","1538":"l","1539":"o","1540":"r","1541":" ","1542":"0","1543":".","1544":"3","1545":"s","1546":";","1547":"\\","1548":"n","1549":"}","1550":"\\","1551":"n","1552":"\\","1553":"n","1554":".","1555":"n","1556":"a","1557":"v","1558":"-","1559":"i","1560":"t","1561":"e","1562":"m","1563":":","1564":"h","1565":"o","1566":"v","1567":"e","1568":"r","1569":" ","1570":"{","1571":"\\","1572":"n","1573":" ","1574":" ","1575":"b","1576":"a","1577":"c","1578":"k","1579":"g","1580":"r","1581":"o","1582":"u","1583":"n","1584":"d","1585":"-","1586":"c","1587":"o","1588":"l","1589":"o","1590":"r","1591":":","1592":" ","1593":"r","1594":"g","1595":"b","1596":"a","1597":"(","1598":"2","1599":"5","1600":"5","1601":",","1602":"2","1603":"5","1604":"5","1605":",","1606":"2","1607":"5","1608":"5","1609":",","1610":"0","1611":".","1612":"1","1613":")","1614":";","1615":"\\","1616":"n","1617":"}","1618":"\\","1619":"n","1620":"\\","1621":"n","1622":".","1623":"n","1624":"a","1625":"v","1626":"-","1627":"i","1628":"t","1629":"e","1630":"m","1631":".","1632":"a","1633":"c","1634":"t","1635":"i","1636":"v","1637":"e","1638":" ","1639":"{","1640":"\\","1641":"n","1642":" ","1643":" ","1644":"b","1645":"a","1646":"c","1647":"k","1648":"g","1649":"r","1650":"o","1651":"u","1652":"n","1653":"d","1654":"-","1655":"c","1656":"o","1657":"l","1658":"o","1659":"r","1660":":","1661":" ","1662":"r","1663":"g","1664":"b","1665":"a","1666":"(","1667":"2","1668":"5","1669":"5","1670":",","1671":"2","1672":"5","1673":"5","1674":",","1675":"2","1676":"5","1677":"5","1678":",","1679":"0","1680":".","1681":"2","1682":")","1683":";","1684":"\\","1685":"n","1686":"}","1687":"\\","1688":"n","1689":"\\","1690":"n","1691":".","1692":"n","1693":"a","1694":"v","1695":"-","1696":"i","1697":"t","1698":"e","1699":"m","1700":".","1701":"e","1702":"x","1703":"i","1704":"t","1705":" ","1706":"{","1707":"\\","1708":"n","1709":" ","1710":" ","1711":"b","1712":"a","1713":"c","1714":"k","1715":"g","1716":"r","1717":"o","1718":"u","1719":"n","1720":"d","1721":"-","1722":"c","1723":"o","1724":"l","1725":"o","1726":"r","1727":":","1728":" ","1729":"#","1730":"e","1731":"7","1732":"4","1733":"c","1734":"3","1735":"c","1736":";","1737":"\\","1738":"n","1739":"}","1740":"\\","1741":"n","1742":"\\","1743":"n","1744":".","1745":"n","1746":"a","1747":"v","1748":"-","1749":"i","1750":"t","1751":"e","1752":"m","1753":".","1754":"e","1755":"x","1756":"i","1757":"t","1758":":","1759":"h","1760":"o","1761":"v","1762":"e","1763":"r","1764":" ","1765":"{","1766":"\\","1767":"n","1768":" ","1769":" ","1770":"b","1771":"a","1772":"c","1773":"k","1774":"g","1775":"r","1776":"o","1777":"u","1778":"n","1779":"d","1780":"-","1781":"c","1782":"o","1783":"l","1784":"o","1785":"r","1786":":","1787":" ","1788":"#","1789":"c","1790":"0","1791":"3","1792":"9","1793":"2","1794":"b","1795":";","1796":"\\","1797":"n","1798":"}","1799":"\\","1800":"n","1801":"\\","1802":"n","1803":"@","1804":"m","1805":"e","1806":"d","1807":"i","1808":"a","1809":" ","1810":"(","1811":"m","1812":"a","1813":"x","1814":"-","1815":"w","1816":"i","1817":"d","1818":"t","1819":"h","1820":":","1821":" ","1822":"7","1823":"6","1824":"8","1825":"p","1826":"x","1827":")","1828":" ","1829":"{","1830":"\\","1831":"n","1832":" ","1833":" ","1834":".","1835":"n","1836":"a","1837":"v","1838":"b","1839":"a","1840":"r","1841":" ","1842":"{","1843":"\\","1844":"n","1845":" ","1846":" ","1847":" ","1848":" ","1849":"f","1850":"l","1851":"e","1852":"x","1853":"-","1854":"d","1855":"i","1856":"r","1857":"e","1858":"c","1859":"t","1860":"i","1861":"o","1862":"n","1863":":","1864":" ","1865":"c","1866":"o","1867":"l","1868":"u","1869":"m","1870":"n","1871":";","1872":"\\","1873":"n","1874":" ","1875":" ","1876":" ","1877":" ","1878":"g","1879":"a","1880":"p","1881":":","1882":" ","1883":"1","1884":"r","1885":"e","1886":"m","1887":";","1888":"\\","1889":"n","1890":" ","1891":" ","1892":" ","1893":" ","1894":"p","1895":"a","1896":"d","1897":"d","1898":"i","1899":"n","1900":"g","1901":":","1902":" ","1903":"1","1904":"r","1905":"e","1906":"m","1907":";","1908":"\\","1909":"n","1910":" ","1911":" ","1912":"}","1913":"\\","1914":"n","1915":" ","1916":" ","1917":"\\","1918":"n","1919":" ","1920":" ","1921":".","1922":"n","1923":"a","1924":"v","1925":"-","1926":"m","1927":"e","1928":"n","1929":"u","1930":" ","1931":"{","1932":"\\","1933":"n","1934":" ","1935":" ","1936":" ","1937":" ","1938":"f","1939":"l","1940":"e","1941":"x","1942":"-","1943":"w","1944":"r","1945":"a","1946":"p","1947":":","1948":" ","1949":"w","1950":"r","1951":"a","1952":"p","1953":";","1954":"\\","1955":"n","1956":" ","1957":" ","1958":" ","1959":" ","1960":"j","1961":"u","1962":"s","1963":"t","1964":"i","1965":"f","1966":"y","1967":"-","1968":"c","1969":"o","1970":"n","1971":"t","1972":"e","1973":"n","1974":"t","1975":":","1976":" ","1977":"c","1978":"e","1979":"n","1980":"t","1981":"e","1982":"r","1983":";","1984":"\\","1985":"n","1986":" ","1987":" ","1988":" ","1989":" ","1990":"g","1991":"a","1992":"p","1993":":","1994":" ","1995":"1","1996":"r","1997":"e","1998":"m","1999":";","2000":"\\","2001":"n","2002":" ","2003":" ","2004":"}","2005":"\\","2006":"n","2007":"}","2008":"\\","2009":"n","2010":"<","2011":"/","2012":"s","2013":"t","2014":"y","2015":"l","2016":"e","2017":">","2018":"\"","2019":"]","2020":"}"},"_coverageSchema":"1a1c01bbd47fc00a2c39e90264f33305004495a9","hash":"9c42e4035519dba4076f54f5dd4329c9e03e9292"}
,"/home/slyxi/Match-Prediction-App/match_prediction_app-front/src/router/index.js": {"path":"/home/slyxi/Match-Prediction-App/match_prediction_app-front/src/router/index.js","statementMap":{"0":{"start":{"line":9,"column":15},"end":{"line":40,"column":1}},"1":{"start":{"line":42,"column":15},"end":{"line":45,"column":2}}},"fnMap":{},"branchMap":{},"s":{"0":1,"1":1},"f":{},"b":{},"_coverageSchema":"1a1c01bbd47fc00a2c39e90264f33305004495a9","hash":"5fcd1a79f676df87e80cd032df1db60d084e977f"}
,"/home/slyxi/Match-Prediction-App/match_prediction_app-front/src/views/HistoryView.vue": {"path":"/home/slyxi/Match-Prediction-App/match_prediction_app-front/src/views/HistoryView.vue","statementMap":{"0":{"start":{"line":4,"column":0},"end":{"line":6,"column":3}},"1":{"start":{"line":7,"column":0},"end":{"line":7,"column":25}},"2":{"start":{"line":8,"column":15},"end":{"line":40,"column":1}},"3":{"start":{"line":11,"column":4},"end":{"line":31,"column":6}},"4":{"start":{"line":35,"column":33},"end":{"line":35,"column":81}},"5":{"start":{"line":35,"column":62},"end":{"line":35,"column":73}},"6":{"start":{"line":36,"column":31},"end":{"line":36,"column":54}},"7":{"start":{"line":37,"column":6},"end":{"line":37,"column":69}},"8":{"start":{"line":41,"column":0},"end":{"line":41,"column":13}},"9":{"start":{"line":43,"column":0},"end":{"line":45,"column":3}},"10":{"start":{"line":46,"column":0},"end":{"line":46,"column":24}},"11":{"start":{"line":47,"column":11},"end":{"line":47,"column":25}},"12":{"start":{"line":48,"column":17},"end":{"line":50,"column":1}},"13":{"start":{"line":51,"column":17},"end":{"line":53,"column":1}},"14":{"start":{"line":54,"column":17},"end":{"line":56,"column":1}},"15":{"start":{"line":57,"column":17},"end":{"line":59,"column":1}},"16":{"start":{"line":60,"column":17},"end":{"line":62,"column":1}},"17":{"start":{"line":63,"column":17},"end":{"line":65,"column":1}},"18":{"start":{"line":66,"column":17},"end":{"line":69,"column":1}},"19":{"start":{"line":70,"column":17},"end":{"line":73,"column":1}},"20":{"start":{"line":74,"column":17},"end":{"line":76,"column":1}},"21":{"start":{"line":77,"column":18},"end":{"line":79,"column":1}},"22":{"start":{"line":81,"column":2},"end":{"line":89,"column":166}},"23":{"start":{"line":84,"column":4},"end":{"line":86,"column":652}},"24":{"start":{"line":90,"column":2},"end":{"line":90,"column":49}}},"fnMap":{"0":{"name":"(anonymous_0)","decl":{"start":{"line":10,"column":2},"end":{"line":10,"column":3}},"loc":{"start":{"line":10,"column":9},"end":{"line":32,"column":3}},"line":10},"1":{"name":"(anonymous_1)","decl":{"start":{"line":34,"column":4},"end":{"line":34,"column":5}},"loc":{"start":{"line":34,"column":18},"end":{"line":38,"column":5}},"line":34},"2":{"name":"(anonymous_2)","decl":{"start":{"line":35,"column":57},"end":{"line":35,"column":58}},"loc":{"start":{"line":35,"column":62},"end":{"line":35,"column":73}},"line":35},"3":{"name":"render","decl":{"start":{"line":80,"column":9},"end":{"line":80,"column":15}},"loc":{"start":{"line":80,"column":30},"end":{"line":90,"column":1}},"line":80},"4":{"name":"(anonymous_4)","decl":{"start":{"line":83,"column":763},"end":{"line":83,"column":764}},"loc":{"start":{"line":83,"column":792},"end":{"line":87,"column":3}},"line":83}},"branchMap":{"0":{"loc":{"start":{"line":81,"column":228},"end":{"line":83,"column":52}},"type":"binary-expr","locations":[{"start":{"line":81,"column":228},"end":{"line":81,"column":237}},{"start":{"line":81,"column":242},"end":{"line":83,"column":51}}],"line":81},"1":{"loc":{"start":{"line":83,"column":203},"end":{"line":83,"column":599}},"type":"binary-expr","locations":[{"start":{"line":83,"column":203},"end":{"line":83,"column":212}},{"start":{"line":83,"column":217},"end":{"line":83,"column":598}}],"line":83},"2":{"loc":{"start":{"line":86,"column":465},"end":{"line":86,"column":647}},"type":"cond-expr","locations":[{"start":{"line":86,"column":489},"end":{"line":86,"column":565}},{"start":{"line":86,"column":570},"end":{"line":86,"column":646}}],"line":86},"3":{"loc":{"start":{"line":87,"column":137},"end":{"line":89,"column":41}},"type":"binary-expr","locations":[{"start":{"line":87,"column":137},"end":{"line":87,"column":146}},{"start":{"line":87,"column":151},"end":{"line":89,"column":40}}],"line":87}},"s":{"0":2,"1":2,"2":2,"3":8,"4":8,"5":24,"6":8,"7":8,"8":2,"9":2,"10":2,"11":2,"12":2,"13":2,"14":2,"15":2,"16":2,"17":2,"18":2,"19":2,"20":2,"21":2,"22":8,"23":24,"24":2},"f":{"0":8,"1":8,"2":24,"3":8,"4":24},"b":{"0":[8,8],"1":[8,8],"2":[16,8],"3":[8,8]},"inputSourceMap":{"0":"{","1":"\"","2":"v","3":"e","4":"r","5":"s","6":"i","7":"o","8":"n","9":"\"","10":":","11":"3","12":",","13":"\"","14":"s","15":"o","16":"u","17":"r","18":"c","19":"e","20":"s","21":"\"","22":":","23":"[","24":"\"","25":"/","26":"h","27":"o","28":"m","29":"e","30":"/","31":"s","32":"l","33":"y","34":"x","35":"i","36":"/","37":"M","38":"a","39":"t","40":"c","41":"h","42":"-","43":"P","44":"r","45":"e","46":"d","47":"i","48":"c","49":"t","50":"i","51":"o","52":"n","53":"-","54":"A","55":"p","56":"p","57":"/","58":"m","59":"a","60":"t","61":"c","62":"h","63":"_","64":"p","65":"r","66":"e","67":"d","68":"i","69":"c","70":"t","71":"i","72":"o","73":"n","74":"_","75":"a","76":"p","77":"p","78":"-","79":"f","80":"r","81":"o","82":"n","83":"t","84":"/","85":"s","86":"r","87":"c","88":"/","89":"v","90":"i","91":"e","92":"w","93":"s","94":"/","95":"H","96":"i","97":"s","98":"t","99":"o","100":"r","101":"y","102":"V","103":"i","104":"e","105":"w","106":".","107":"v","108":"u","109":"e","110":"\"","111":"]","112":",","113":"\"","114":"n","115":"a","116":"m","117":"e","118":"s","119":"\"","120":":","121":"[","122":"]","123":",","124":"\"","125":"m","126":"a","127":"p","128":"p","129":"i","130":"n","131":"g","132":"s","133":"\"","134":":","135":"\"","136":";","137":";","138":";","139":";","140":";","141":";","142":";","143":"i","144":"C","145":"A","146":"6","147":"C","148":"e","149":";","150":"E","151":"A","152":"C","153":"b","154":",","155":"I","156":"A","157":"A","158":"I","159":",","160":"E","161":"A","162":"A","163":"E","164":",","165":"a","166":"A","167":"A","168":"a","169":";","170":"E","171":"A","172":"C","173":"n","174":"B","175":",","176":"I","177":"A","178":"A","179":"I","180":",","181":"G","182":"A","183":"A","184":"G","185":";","186":"I","187":"A","188":"C","189":"L","190":",","191":"O","192":"A","193":"A","194":"O","195":";","196":"M","197":"A","198":"C","199":"L","200":",","201":"W","202":"A","203":"A","204":"W","205":",","206":"E","207":"A","208":"A","209":"E","210":",","211":"C","212":"A","213":"C","214":"X","215":";","216":"Q","217":"A","218":"C","219":"E","220":",","221":"I","222":"A","223":"A","224":"I","225":",","226":"E","227":"A","228":"A","229":"E","230":",","231":"O","232":"A","233":"A","234":"O","235":";","236":"Q","237":"A","238":"C","239":"b","240":",","241":"K","242":"A","243":"A","244":"K","245":",","246":"E","247":"A","248":"A","249":"E","250":",","251":"U","252":"A","253":"A","254":"U","255":";","256":"Q","257":"A","258":"C","259":"j","260":"B","261":",","262":"U","263":"A","264":"A","265":"U","266":",","267":"E","268":"A","269":"A","270":"E","271":",","272":"K","273":"A","274":"A","275":"K","276":";","277":"Q","278":"A","279":"C","280":"j","281":"B","282":",","283":"M","284":"A","285":"A","286":"M","287":",","288":"E","289":"A","290":"A","291":"E","292":",","293":"K","294":"A","295":"A","296":"K","297":";","298":"Q","299":"A","300":"C","301":"b","302":",","303":"S","304":"A","305":"A","306":"S","307":",","308":"E","309":"A","310":"A","311":"E","312":";","313":"M","314":"A","315":"C","316":"b","317":",","318":"C","319":"A","320":"A","321":"C","322":",","323":"E","324":"A","325":"C","326":"D","327":";","328":"Q","329":"A","330":"C","331":"E","332":",","333":"I","334":"A","335":"A","336":"I","337":",","338":"E","339":"A","340":"A","341":"E","342":",","343":"O","344":"A","345":"A","346":"O","347":";","348":"Q","349":"A","350":"C","351":"b","352":",","353":"K","354":"A","355":"A","356":"K","357":",","358":"E","359":"A","360":"A","361":"E","362":",","363":"c","364":"A","365":"A","366":"c","367":";","368":"Q","369":"A","370":"C","371":"r","372":"B","373":",","374":"U","375":"A","376":"A","377":"U","378":",","379":"E","380":"A","381":"A","382":"E","383":",","384":"K","385":"A","386":"A","387":"K","388":";","389":"Q","390":"A","391":"C","392":"j","393":"B","394":",","395":"M","396":"A","397":"A","398":"M","399":",","400":"E","401":"A","402":"A","403":"E","404":",","405":"K","406":"A","407":"A","408":"K","409":";","410":"Q","411":"A","412":"C","413":"b","414":",","415":"S","416":"A","417":"A","418":"S","419":",","420":"E","421":"A","422":"A","423":"E","424":";","425":"M","426":"A","427":"C","428":"b","429":",","430":"C","431":"A","432":"A","433":"C","434":",","435":"E","436":"A","437":"C","438":"D","439":";","440":"Q","441":"A","442":"C","443":"E","444":",","445":"I","446":"A","447":"A","448":"I","449":",","450":"E","451":"A","452":"A","453":"E","454":",","455":"O","456":"A","457":"A","458":"O","459":";","460":"Q","461":"A","462":"C","463":"b","464":",","465":"K","466":"A","467":"A","468":"K","469":",","470":"E","471":"A","472":"A","473":"E","474":",","475":"e","476":"A","477":"A","478":"e","479":";","480":"Q","481":"A","482":"C","483":"t","484":"B","485":",","486":"U","487":"A","488":"A","489":"U","490":",","491":"E","492":"A","493":"A","494":"E","495":",","496":"K","497":"A","498":"A","499":"K","500":";","501":"Q","502":"A","503":"C","504":"j","505":"B","506":",","507":"M","508":"A","509":"A","510":"M","511":",","512":"E","513":"A","514":"A","515":"E","516":",","517":"K","518":"A","519":"A","520":"K","521":";","522":"Q","523":"A","524":"C","525":"b","526":",","527":"S","528":"A","529":"A","530":"S","531":",","532":"E","533":"A","534":"A","535":"E","536":";","537":"M","538":"A","539":"C","540":"b","541":",","542":"C","543":"A","544":"A","545":"C","546":";","547":"I","548":"A","549":"E","550":"L","551":",","552":"C","553":"A","554":"A","555":"C","556":";","557":"E","558":"A","559":"C","560":"H","561":",","562":"C","563":"A","564":"A","565":"C","566":";","567":"E","568":"A","569":"C","570":"D","571":",","572":"Q","573":"A","574":"A","575":"Q","576":",","577":"E","578":"A","579":"A","580":"E","581":";","582":"I","583":"A","584":"C","585":"R","586":",","587":"W","588":"A","589":"A","590":"W","591":",","592":"G","593":"A","594":"A","595":"G","596":";","597":"M","598":"A","599":"C","600":"Z","601":",","602":"M","603":"A","604":"A","605":"M","606":",","607":"k","608":"B","609":"A","610":"A","611":"k","612":"B","613":",","614":"G","615":"A","616":"A","617":"G","618":",","619":"I","620":"A","621":"A","622":"I","623":",","624":"C","625":"A","626":"A","627":"C","628":",","629":"W","630":"A","631":"A","632":"W","633":",","634":"C","635":"A","636":"A","637":"C","638":",","639":"M","640":"A","641":"A","642":"M","643":",","644":"C","645":"A","646":"A","647":"C","648":",","649":"C","650":"A","651":"A","652":"C","653":",","654":"I","655":"A","656":"A","657":"I","658":",","659":"C","660":"A","661":"A","662":"C","663":",","664":"C","665":"A","666":"A","667":"C","668":",","669":"S","670":"A","671":"A","672":"S","673":",","674":"C","675":"A","676":"A","677":"C","678":",","679":"C","680":"A","681":"A","682":"C","683":",","684":"M","685":"A","686":"A","687":"M","688":";","689":"M","690":"A","691":"C","692":"3","693":"E","694":",","695":"M","696":"A","697":"A","698":"M","699":",","700":"g","701":"B","702":"A","703":"A","704":"g","705":"B","706":",","707":"G","708":"A","709":"A","710":"G","711":",","712":"I","713":"A","714":"A","715":"I","716":",","717":"C","718":"A","719":"A","720":"C","721":",","722":"W","723":"A","724":"A","725":"W","726":",","727":"C","728":"A","729":"A","730":"C","731":",","732":"M","733":"A","734":"A","735":"M","736":";","737":"M","738":"A","739":"C","740":"h","741":"D","742":",","743":"O","744":"A","745":"A","746":"O","747":",","748":"I","749":"A","750":"A","751":"I","752":",","753":"C","754":"A","755":"A","756":"C","757":",","758":"K","759":"A","760":"A","761":"K","762":",","763":"C","764":"A","765":"A","766":"E","767":",","768":"k","769":"B","770":"A","771":"A","772":"k","773":"B","774":",","775":"G","776":"A","777":"A","778":"G","779":",","780":"g","781":"B","782":"A","783":"A","784":"g","785":"B","786":",","787":"G","788":"A","789":"A","790":"I","791":",","792":"G","793":"A","794":"A","795":"G","796":",","797":"C","798":"A","799":"A","800":"C","801":";","802":"I","803":"A","804":"C","805":"l","806":"E","807":";","808":"E","809":"A","810":"C","811":"F","812":";","813":"A","814":"A","815":"C","816":"F","817":",","818":"C","819":"A","820":"A","821":"C","822":"\"","823":",","824":"\"","825":"f","826":"i","827":"l","828":"e","829":"\"","830":":","831":"\"","832":"/","833":"h","834":"o","835":"m","836":"e","837":"/","838":"s","839":"l","840":"y","841":"x","842":"i","843":"/","844":"M","845":"a","846":"t","847":"c","848":"h","849":"-","850":"P","851":"r","852":"e","853":"d","854":"i","855":"c","856":"t","857":"i","858":"o","859":"n","860":"-","861":"A","862":"p","863":"p","864":"/","865":"m","866":"a","867":"t","868":"c","869":"h","870":"_","871":"p","872":"r","873":"e","874":"d","875":"i","876":"c","877":"t","878":"i","879":"o","880":"n","881":"_","882":"a","883":"p","884":"p","885":"-","886":"f","887":"r","888":"o","889":"n","890":"t","891":"/","892":"s","893":"r","894":"c","895":"/","896":"v","897":"i","898":"e","899":"w","900":"s","901":"/","902":"H","903":"i","904":"s","905":"t","906":"o","907":"r","908":"y","909":"V","910":"i","911":"e","912":"w","913":".","914":"v","915":"u","916":"e","917":"\"","918":",","919":"\"","920":"s","921":"o","922":"u","923":"r","924":"c","925":"e","926":"s","927":"C","928":"o","929":"n","930":"t","931":"e","932":"n","933":"t","934":"\"","935":":","936":"[","937":"\"","938":"<","939":"t","940":"e","941":"m","942":"p","943":"l","944":"a","945":"t","946":"e","947":">","948":"\\","949":"n","950":" ","951":" ","952":"<","953":"d","954":"i","955":"v","956":" ","957":"c","958":"l","959":"a","960":"s","961":"s","962":"=","963":"\\","964":"\"","965":"d","966":"a","967":"s","968":"h","969":"b","970":"o","971":"a","972":"r","973":"d","974":"\\","975":"\"","976":">","977":"\\","978":"n","979":" ","980":" ","981":" ","982":" ","983":"<","984":"!","985":"-","986":"-","987":" ","988":"M","989":"a","990":"i","991":"n","992":" ","993":"C","994":"o","995":"n","996":"t","997":"e","998":"n","999":"t","1000":" ","1001":"-","1002":"-","1003":">","1004":"\\","1005":"n","1006":" ","1007":" ","1008":" ","1009":" ","1010":"<","1011":"m","1012":"a","1013":"i","1014":"n","1015":" ","1016":"c","1017":"l","1018":"a","1019":"s","1020":"s","1021":"=","1022":"\\","1023":"\"","1024":"m","1025":"a","1026":"i","1027":"n","1028":"-","1029":"c","1030":"o","1031":"n","1032":"t","1033":"e","1034":"n","1035":"t","1036":"\\","1037":"\"","1038":">","1039":"\\","1040":"n","1041":" ","1042":" ","1043":" ","1044":" ","1045":" ","1046":" ","1047":"<","1048":"d","1049":"i","1050":"v","1051":" ","1052":"c","1053":"l","1054":"a","1055":"s","1056":"s","1057":"=","1058":"\\","1059":"\"","1060":"h","1061":"i","1062":"s","1063":"t","1064":"o","1065":"r","1066":"y","1067":"-","1068":"c","1069":"o","1070":"n","1071":"t","1072":"a","1073":"i","1074":"n","1075":"e","1076":"r","1077":"\\","1078":"\"","1079":">","1080":"\\","1081":"n","1082":" ","1083":" ","1084":" ","1085":" ","1086":" ","1087":" ","1088":" ","1089":" ","1090":"<","1091":"h","1092":"1","1093":" ","1094":"c","1095":"l","1096":"a","1097":"s","1098":"s","1099":"=","1100":"\\","1101":"\"","1102":"p","1103":"a","1104":"g","1105":"e","1106":"-","1107":"t","1108":"i","1109":"t","1110":"l","1111":"e","1112":"\\","1113":"\"","1114":">","1115":"H","1116":"i","1117":"s","1118":"t","1119":"o","1120":"r","1121":"i","1122":"q","1123":"u","1124":"e","1125":" ","1126":"d","1127":"e","1128":"s","1129":" ","1130":"P","1131":"r","1132":"é","1133":"d","1134":"i","1135":"c","1136":"t","1137":"i","1138":"o","1139":"n","1140":"s","1141":"<","1142":"/","1143":"h","1144":"1","1145":">","1146":"\\","1147":"n","1148":"\\","1149":"n","1150":" ","1151":" ","1152":" ","1153":" ","1154":" ","1155":" ","1156":" ","1157":" ","1158":"<","1159":"!","1160":"-","1161":"-","1162":" ","1163":"H","1164":"i","1165":"s","1166":"t","1167":"o","1168":"r","1169":"y","1170":" ","1171":"T","1172":"a","1173":"b","1174":"l","1175":"e","1176":" ","1177":"-","1178":"-","1179":">","1180":"\\","1181":"n","1182":" ","1183":" ","1184":" ","1185":" ","1186":" ","1187":" ","1188":" ","1189":" ","1190":"<","1191":"d","1192":"i","1193":"v","1194":" ","1195":"c","1196":"l","1197":"a","1198":"s","1199":"s","1200":"=","1201":"\\","1202":"\"","1203":"t","1204":"a","1205":"b","1206":"l","1207":"e","1208":"-","1209":"c","1210":"o","1211":"n","1212":"t","1213":"a","1214":"i","1215":"n","1216":"e","1217":"r","1218":"\\","1219":"\"","1220":">","1221":"\\","1222":"n","1223":" ","1224":" ","1225":" ","1226":" ","1227":" ","1228":" ","1229":" ","1230":" ","1231":" ","1232":" ","1233":"<","1234":"t","1235":"a","1236":"b","1237":"l","1238":"e","1239":" ","1240":"c","1241":"l","1242":"a","1243":"s","1244":"s","1245":"=","1246":"\\","1247":"\"","1248":"h","1249":"i","1250":"s","1251":"t","1252":"o","1253":"r","1254":"y","1255":"-","1256":"t","1257":"a","1258":"b","1259":"l","1260":"e","1261":"\\","1262":"\"","1263":">","1264":"\\","1265":"n","1266":" ","1267":" ","1268":" ","1269":" ","1270":" ","1271":" ","1272":" ","1273":" ","1274":" ","1275":" ","1276":" ","1277":" ","1278":"<","1279":"t","1280":"h","1281":"e","1282":"a","1283":"d","1284":">","1285":"\\","1286":"n","1287":" ","1288":" ","1289":" ","1290":" ","1291":" ","1292":" ","1293":" ","1294":" ","1295":" ","1296":" ","1297":" ","1298":" ","1299":" ","1300":" ","1301":"<","1302":"t","1303":"r","1304":">","1305":"\\","1306":"n","1307":" ","1308":" ","1309":" ","1310":" ","1311":" ","1312":" ","1313":" ","1314":" ","1315":" ","1316":" ","1317":" ","1318":" ","1319":" ","1320":" ","1321":" ","1322":" ","1323":"<","1324":"t","1325":"h","1326":">","1327":"D","1328":"a","1329":"t","1330":"e","1331":"<","1332":"/","1333":"t","1334":"h","1335":">","1336":"\\","1337":"n","1338":" ","1339":" ","1340":" ","1341":" ","1342":" ","1343":" ","1344":" ","1345":" ","1346":" ","1347":" ","1348":" ","1349":" ","1350":" ","1351":" ","1352":" ","1353":" ","1354":"<","1355":"t","1356":"h","1357":">","1358":"M","1359":"a","1360":"t","1361":"c","1362":"h","1363":"<","1364":"/","1365":"t","1366":"h","1367":">","1368":"\\","1369":"n","1370":" ","1371":" ","1372":" ","1373":" ","1374":" ","1375":" ","1376":" ","1377":" ","1378":" ","1379":" ","1380":" ","1381":" ","1382":" ","1383":" ","1384":" ","1385":" ","1386":"<","1387":"t","1388":"h","1389":">","1390":"P","1391":"r","1392":"é","1393":"d","1394":"i","1395":"c","1396":"t","1397":"i","1398":"o","1399":"n","1400":"<","1401":"/","1402":"t","1403":"h","1404":">","1405":"\\","1406":"n","1407":" ","1408":" ","1409":" ","1410":" ","1411":" ","1412":" ","1413":" ","1414":" ","1415":" ","1416":" ","1417":" ","1418":" ","1419":" ","1420":" ","1421":" ","1422":" ","1423":"<","1424":"t","1425":"h","1426":">","1427":"R","1428":"é","1429":"s","1430":"u","1431":"l","1432":"t","1433":"a","1434":"t","1435":"<","1436":"/","1437":"t","1438":"h","1439":">","1440":"\\","1441":"n","1442":" ","1443":" ","1444":" ","1445":" ","1446":" ","1447":" ","1448":" ","1449":" ","1450":" ","1451":" ","1452":" ","1453":" ","1454":" ","1455":" ","1456":" ","1457":" ","1458":"<","1459":"t","1460":"h","1461":">","1462":"S","1463":"t","1464":"a","1465":"t","1466":"u","1467":"t","1468":"<","1469":"/","1470":"t","1471":"h","1472":">","1473":"\\","1474":"n","1475":" ","1476":" ","1477":" ","1478":" ","1479":" ","1480":" ","1481":" ","1482":" ","1483":" ","1484":" ","1485":" ","1486":" ","1487":" ","1488":" ","1489":"<","1490":"/","1491":"t","1492":"r","1493":">","1494":"\\","1495":"n","1496":" ","1497":" ","1498":" ","1499":" ","1500":" ","1501":" ","1502":" ","1503":" ","1504":" ","1505":" ","1506":" ","1507":" ","1508":"<","1509":"/","1510":"t","1511":"h","1512":"e","1513":"a","1514":"d","1515":">","1516":"\\","1517":"n","1518":" ","1519":" ","1520":" ","1521":" ","1522":" ","1523":" ","1524":" ","1525":" ","1526":" ","1527":" ","1528":" ","1529":" ","1530":"<","1531":"t","1532":"b","1533":"o","1534":"d","1535":"y","1536":">","1537":"\\","1538":"n","1539":" ","1540":" ","1541":" ","1542":" ","1543":" ","1544":" ","1545":" ","1546":" ","1547":" ","1548":" ","1549":" ","1550":" ","1551":" ","1552":" ","1553":"<","1554":"t","1555":"r","1556":" ","1557":"v","1558":"-","1559":"f","1560":"o","1561":"r","1562":"=","1563":"\\","1564":"\"","1565":"(","1566":"p","1567":"r","1568":"e","1569":"d","1570":"i","1571":"c","1572":"t","1573":"i","1574":"o","1575":"n","1576":",","1577":" ","1578":"i","1579":"n","1580":"d","1581":"e","1582":"x","1583":")","1584":" ","1585":"i","1586":"n","1587":" ","1588":"h","1589":"i","1590":"s","1591":"t","1592":"o","1593":"r","1594":"y","1595":"D","1596":"a","1597":"t","1598":"a","1599":"\\","1600":"\"","1601":" ","1602":":","1603":"k","1604":"e","1605":"y","1606":"=","1607":"\\","1608":"\"","1609":"i","1610":"n","1611":"d","1612":"e","1613":"x","1614":"\\","1615":"\"","1616":">","1617":"\\","1618":"n","1619":" ","1620":" ","1621":" ","1622":" ","1623":" ","1624":" ","1625":" ","1626":" ","1627":" ","1628":" ","1629":" ","1630":" ","1631":" ","1632":" ","1633":" ","1634":" ","1635":"<","1636":"t","1637":"d","1638":">","1639":"{","1640":"{","1641":" ","1642":"p","1643":"r","1644":"e","1645":"d","1646":"i","1647":"c","1648":"t","1649":"i","1650":"o","1651":"n","1652":".","1653":"d","1654":"a","1655":"t","1656":"e","1657":" ","1658":"}","1659":"}","1660":"<","1661":"/","1662":"t","1663":"d","1664":">","1665":"\\","1666":"n","1667":" ","1668":" ","1669":" ","1670":" ","1671":" ","1672":" ","1673":" ","1674":" ","1675":" ","1676":" ","1677":" ","1678":" ","1679":" ","1680":" ","1681":" ","1682":" ","1683":"<","1684":"t","1685":"d","1686":">","1687":"{","1688":"{","1689":" ","1690":"p","1691":"r","1692":"e","1693":"d","1694":"i","1695":"c","1696":"t","1697":"i","1698":"o","1699":"n","1700":".","1701":"m","1702":"a","1703":"t","1704":"c","1705":"h","1706":" ","1707":"}","1708":"}","1709":"<","1710":"/","1711":"t","1712":"d","1713":">","1714":"\\","1715":"n","1716":" ","1717":" ","1718":" ","1719":" ","1720":" ","1721":" ","1722":" ","1723":" ","1724":" ","1725":" ","1726":" ","1727":" ","1728":" ","1729":" ","1730":" ","1731":" ","1732":"<","1733":"t","1734":"d","1735":">","1736":"{","1737":"{","1738":" ","1739":"p","1740":"r","1741":"e","1742":"d","1743":"i","1744":"c","1745":"t","1746":"i","1747":"o","1748":"n","1749":".","1750":"p","1751":"r","1752":"e","1753":"d","1754":"i","1755":"c","1756":"t","1757":"i","1758":"o","1759":"n","1760":" ","1761":"}","1762":"}","1763":"<","1764":"/","1765":"t","1766":"d","1767":">","1768":"\\","1769":"n","1770":" ","1771":" ","1772":" ","1773":" ","1774":" ","1775":" ","1776":" ","1777":" ","1778":" ","1779":" ","1780":" ","1781":" ","1782":" ","1783":" ","1784":" ","1785":" ","1786":"<","1787":"t","1788":"d","1789":">","1790":"{","1791":"{","1792":" ","1793":"p","1794":"r","1795":"e","1796":"d","1797":"i","1798":"c","1799":"t","1800":"i","1801":"o","1802":"n","1803":".","1804":"r","1805":"e","1806":"s","1807":"u","1808":"l","1809":"t","1810":" ","1811":"}","1812":"}","1813":"<","1814":"/","1815":"t","1816":"d","1817":">","1818":"\\","1819":"n","1820":" ","1821":" ","1822":" ","1823":" ","1824":" ","1825":" ","1826":" ","1827":" ","1828":" ","1829":" ","1830":" ","1831":" ","1832":" ","1833":" ","1834":" ","1835":" ","1836":"<","1837":"t","1838":"d","1839":" ","1840":"c","1841":"l","1842":"a","1843":"s","1844":"s","1845":"=","1846":"\\","1847":"\"","1848":"s","1849":"t","1850":"a","1851":"t","1852":"u","1853":"s","1854":"-","1855":"c","1856":"e","1857":"l","1858":"l","1859":"\\","1860":"\"","1861":">","1862":"\\","1863":"n","1864":" ","1865":" ","1866":" ","1867":" ","1868":" ","1869":" ","1870":" ","1871":" ","1872":" ","1873":" ","1874":" ","1875":" ","1876":" ","1877":" ","1878":" ","1879":" ","1880":" ","1881":" ","1882":"<","1883":"s","1884":"p","1885":"a","1886":"n","1887":" ","1888":"v","1889":"-","1890":"i","1891":"f","1892":"=","1893":"\\","1894":"\"","1895":"p","1896":"r","1897":"e","1898":"d","1899":"i","1900":"c","1901":"t","1902":"i","1903":"o","1904":"n","1905":".","1906":"i","1907":"s","1908":"C","1909":"o","1910":"r","1911":"r","1912":"e","1913":"c","1914":"t","1915":"\\","1916":"\"","1917":" ","1918":"c","1919":"l","1920":"a","1921":"s","1922":"s","1923":"=","1924":"\\","1925":"\"","1926":"s","1927":"t","1928":"a","1929":"t","1930":"u","1931":"s","1932":"-","1933":"i","1934":"c","1935":"o","1936":"n","1937":" ","1938":"c","1939":"o","1940":"r","1941":"r","1942":"e","1943":"c","1944":"t","1945":"\\","1946":"\"","1947":">","1948":"✓","1949":"<","1950":"/","1951":"s","1952":"p","1953":"a","1954":"n","1955":">","1956":"\\","1957":"n","1958":" ","1959":" ","1960":" ","1961":" ","1962":" ","1963":" ","1964":" ","1965":" ","1966":" ","1967":" ","1968":" ","1969":" ","1970":" ","1971":" ","1972":" ","1973":" ","1974":" ","1975":" ","1976":"<","1977":"s","1978":"p","1979":"a","1980":"n","1981":" ","1982":"v","1983":"-","1984":"e","1985":"l","1986":"s","1987":"e","1988":" ","1989":"c","1990":"l","1991":"a","1992":"s","1993":"s","1994":"=","1995":"\\","1996":"\"","1997":"s","1998":"t","1999":"a","2000":"t","2001":"u","2002":"s","2003":"-","2004":"i","2005":"c","2006":"o","2007":"n","2008":" ","2009":"i","2010":"n","2011":"c","2012":"o","2013":"r","2014":"r","2015":"e","2016":"c","2017":"t","2018":"\\","2019":"\"","2020":">","2021":"✗","2022":"<","2023":"/","2024":"s","2025":"p","2026":"a","2027":"n","2028":">","2029":"\\","2030":"n","2031":" ","2032":" ","2033":" ","2034":" ","2035":" ","2036":" ","2037":" ","2038":" ","2039":" ","2040":" ","2041":" ","2042":" ","2043":" ","2044":" ","2045":" ","2046":" ","2047":"<","2048":"/","2049":"t","2050":"d","2051":">","2052":"\\","2053":"n","2054":" ","2055":" ","2056":" ","2057":" ","2058":" ","2059":" ","2060":" ","2061":" ","2062":" ","2063":" ","2064":" ","2065":" ","2066":" ","2067":" ","2068":"<","2069":"/","2070":"t","2071":"r","2072":">","2073":"\\","2074":"n","2075":" ","2076":" ","2077":" ","2078":" ","2079":" ","2080":" ","2081":" ","2082":" ","2083":" ","2084":" ","2085":" ","2086":" ","2087":"<","2088":"/","2089":"t","2090":"b","2091":"o","2092":"d","2093":"y","2094":">","2095":"\\","2096":"n","2097":" ","2098":" ","2099":" ","2100":" ","2101":" ","2102":" ","2103":" ","2104":" ","2105":" ","2106":" ","2107":"<","2108":"/","2109":"t","2110":"a","2111":"b","2112":"l","2113":"e","2114":">","2115":"\\","2116":"n","2117":" ","2118":" ","2119":" ","2120":" ","2121":" ","2122":" ","2123":" ","2124":" ","2125":"<","2126":"/","2127":"d","2128":"i","2129":"v","2130":">","2131":"\\","2132":"n","2133":"\\","2134":"n","2135":" ","2136":" ","2137":" ","2138":" ","2139":" ","2140":" ","2141":" ","2142":" ","2143":"<","2144":"!","2145":"-","2146":"-","2147":" ","2148":"G","2149":"l","2150":"o","2151":"b","2152":"a","2153":"l","2154":" ","2155":"S","2156":"c","2157":"o","2158":"r","2159":"e","2160":" ","2161":"-","2162":"-","2163":">","2164":"\\","2165":"n","2166":" ","2167":" ","2168":" ","2169":" ","2170":" ","2171":" ","2172":" ","2173":" ","2174":"<","2175":"d","2176":"i","2177":"v","2178":" ","2179":"c","2180":"l","2181":"a","2182":"s","2183":"s","2184":"=","2185":"\\","2186":"\"","2187":"g","2188":"l","2189":"o","2190":"b","2191":"a","2192":"l","2193":"-","2194":"s","2195":"c","2196":"o","2197":"r","2198":"e","2199":"\\","2200":"\"","2201":">","2202":"\\","2203":"n","2204":" ","2205":" ","2206":" ","2207":" ","2208":" ","2209":" ","2210":" ","2211":" ","2212":" ","2213":" ","2214":"<","2215":"s","2216":"p","2217":"a","2218":"n","2219":" ","2220":"c","2221":"l","2222":"a","2223":"s","2224":"s","2225":"=","2226":"\\","2227":"\"","2228":"s","2229":"c","2230":"o","2231":"r","2232":"e","2233":"-","2234":"l","2235":"a","2236":"b","2237":"e","2238":"l","2239":"\\","2240":"\"","2241":">","2242":"S","2243":"c","2244":"o","2245":"r","2246":"e","2247":" ","2248":"g","2249":"l","2250":"o","2251":"b","2252":"a","2253":"l","2254":" ","2255":":","2256":" ","2257":"<","2258":"/","2259":"s","2260":"p","2261":"a","2262":"n","2263":">","2264":"\\","2265":"n","2266":" ","2267":" ","2268":" ","2269":" ","2270":" ","2271":" ","2272":" ","2273":" ","2274":" ","2275":" ","2276":"<","2277":"s","2278":"p","2279":"a","2280":"n","2281":" ","2282":"c","2283":"l","2284":"a","2285":"s","2286":"s","2287":"=","2288":"\\","2289":"\"","2290":"s","2291":"c","2292":"o","2293":"r","2294":"e","2295":"-","2296":"v","2297":"a","2298":"l","2299":"u","2300":"e","2301":"\\","2302":"\"","2303":">","2304":"{","2305":"{","2306":" ","2307":"g","2308":"l","2309":"o","2310":"b","2311":"a","2312":"l","2313":"S","2314":"c","2315":"o","2316":"r","2317":"e","2318":" ","2319":"}","2320":"}","2321":"%","2322":"<","2323":"/","2324":"s","2325":"p","2326":"a","2327":"n","2328":">","2329":"\\","2330":"n","2331":" ","2332":" ","2333":" ","2334":" ","2335":" ","2336":" ","2337":" ","2338":" ","2339":"<","2340":"/","2341":"d","2342":"i","2343":"v","2344":">","2345":"\\","2346":"n","2347":" ","2348":" ","2349":" ","2350":" ","2351":" ","2352":" ","2353":"<","2354":"/","2355":"d","2356":"i","2357":"v","2358":">","2359":"\\","2360":"n","2361":" ","2362":" ","2363":" ","2364":" ","2365":"<","2366":"/","2367":"m","2368":"a","2369":"i","2370":"n","2371":">","2372":"\\","2373":"n","2374":" ","2375":" ","2376":"<","2377":"/","2378":"d","2379":"i","2380":"v","2381":">","2382":"\\","2383":"n","2384":"<","2385":"/","2386":"t","2387":"e","2388":"m","2389":"p","2390":"l","2391":"a","2392":"t","2393":"e","2394":">","2395":"\\","2396":"n","2397":"\\","2398":"n","2399":"<","2400":"s","2401":"c","2402":"r","2403":"i","2404":"p","2405":"t","2406":">","2407":"\\","2408":"n","2409":"e","2410":"x","2411":"p","2412":"o","2413":"r","2414":"t","2415":" ","2416":"d","2417":"e","2418":"f","2419":"a","2420":"u","2421":"l","2422":"t","2423":" ","2424":"{","2425":"\\","2426":"n","2427":" ","2428":" ","2429":"n","2430":"a","2431":"m","2432":"e","2433":":","2434":" ","2435":"'","2436":"H","2437":"i","2438":"s","2439":"t","2440":"o","2441":"r","2442":"y","2443":"V","2444":"i","2445":"e","2446":"w","2447":"'","2448":",","2449":"\\","2450":"n","2451":" ","2452":" ","2453":"d","2454":"a","2455":"t","2456":"a","2457":"(","2458":")","2459":" ","2460":"{","2461":"\\","2462":"n","2463":" ","2464":" ","2465":" ","2466":" ","2467":"r","2468":"e","2469":"t","2470":"u","2471":"r","2472":"n","2473":" ","2474":"{","2475":"\\","2476":"n","2477":" ","2478":" ","2479":" ","2480":" ","2481":" ","2482":" ","2483":"h","2484":"i","2485":"s","2486":"t","2487":"o","2488":"r","2489":"y","2490":"D","2491":"a","2492":"t","2493":"a","2494":":","2495":" ","2496":"[","2497":"\\","2498":"n","2499":" ","2500":" ","2501":" ","2502":" ","2503":" ","2504":" ","2505":" ","2506":" ","2507":"{","2508":"\\","2509":"n","2510":" ","2511":" ","2512":" ","2513":" ","2514":" ","2515":" ","2516":" ","2517":" ","2518":" ","2519":" ","2520":"d","2521":"a","2522":"t","2523":"e","2524":":","2525":" ","2526":"'","2527":"1","2528":"2","2529":"/","2530":"0","2531":"3","2532":"'","2533":",","2534":"\\","2535":"n","2536":" ","2537":" ","2538":" ","2539":" ","2540":" ","2541":" ","2542":" ","2543":" ","2544":" ","2545":" ","2546":"m","2547":"a","2548":"t","2549":"c","2550":"h","2551":":","2552":" ","2553":"'","2554":"P","2555":"S","2556":"G","2557":" ","2558":"-","2559":" ","2560":"O","2561":"M","2562":"'","2563":",","2564":"\\","2565":"n","2566":" ","2567":" ","2568":" ","2569":" ","2570":" ","2571":" ","2572":" ","2573":" ","2574":" ","2575":" ","2576":"p","2577":"r","2578":"e","2579":"d","2580":"i","2581":"c","2582":"t","2583":"i","2584":"o","2585":"n","2586":":","2587":" ","2588":"'","2589":"2","2590":"-","2591":"1","2592":"'","2593":",","2594":"\\","2595":"n","2596":" ","2597":" ","2598":" ","2599":" ","2600":" ","2601":" ","2602":" ","2603":" ","2604":" ","2605":" ","2606":"r","2607":"e","2608":"s","2609":"u","2610":"l","2611":"t","2612":":","2613":" ","2614":"'","2615":"1","2616":"-","2617":"1","2618":"'","2619":",","2620":"\\","2621":"n","2622":" ","2623":" ","2624":" ","2625":" ","2626":" ","2627":" ","2628":" ","2629":" ","2630":" ","2631":" ","2632":"i","2633":"s","2634":"C","2635":"o","2636":"r","2637":"r","2638":"e","2639":"c","2640":"t","2641":":","2642":" ","2643":"f","2644":"a","2645":"l","2646":"s","2647":"e","2648":"\\","2649":"n","2650":" ","2651":" ","2652":" ","2653":" ","2654":" ","2655":" ","2656":" ","2657":" ","2658":"}","2659":",","2660":"\\","2661":"n","2662":" ","2663":" ","2664":" ","2665":" ","2666":" ","2667":" ","2668":" ","2669":" ","2670":"{","2671":"\\","2672":"n","2673":" ","2674":" ","2675":" ","2676":" ","2677":" ","2678":" ","2679":" ","2680":" ","2681":" ","2682":" ","2683":"d","2684":"a","2685":"t","2686":"e","2687":":","2688":" ","2689":"'","2690":"1","2691":"1","2692":"/","2693":"0","2694":"3","2695":"'","2696":",","2697":"\\","2698":"n","2699":" ","2700":" ","2701":" ","2702":" ","2703":" ","2704":" ","2705":" ","2706":" ","2707":" ","2708":" ","2709":"m","2710":"a","2711":"t","2712":"c","2713":"h","2714":":","2715":" ","2716":"'","2717":"L","2718":"y","2719":"o","2720":"n","2721":" ","2722":"-","2723":" ","2724":"L","2725":"i","2726":"l","2727":"l","2728":"e","2729":"'","2730":",","2731":"\\","2732":"n","2733":" ","2734":" ","2735":" ","2736":" ","2737":" ","2738":" ","2739":" ","2740":" ","2741":" ","2742":" ","2743":"p","2744":"r","2745":"e","2746":"d","2747":"i","2748":"c","2749":"t","2750":"i","2751":"o","2752":"n","2753":":","2754":" ","2755":"'","2756":"1","2757":"-","2758":"0","2759":"'","2760":",","2761":"\\","2762":"n","2763":" ","2764":" ","2765":" ","2766":" ","2767":" ","2768":" ","2769":" ","2770":" ","2771":" ","2772":" ","2773":"r","2774":"e","2775":"s","2776":"u","2777":"l","2778":"t","2779":":","2780":" ","2781":"'","2782":"1","2783":"-","2784":"0","2785":"'","2786":",","2787":"\\","2788":"n","2789":" ","2790":" ","2791":" ","2792":" ","2793":" ","2794":" ","2795":" ","2796":" ","2797":" ","2798":" ","2799":"i","2800":"s","2801":"C","2802":"o","2803":"r","2804":"r","2805":"e","2806":"c","2807":"t","2808":":","2809":" ","2810":"t","2811":"r","2812":"u","2813":"e","2814":"\\","2815":"n","2816":" ","2817":" ","2818":" ","2819":" ","2820":" ","2821":" ","2822":" ","2823":" ","2824":"}","2825":",","2826":"\\","2827":"n","2828":" ","2829":" ","2830":" ","2831":" ","2832":" ","2833":" ","2834":" ","2835":" ","2836":"{","2837":"\\","2838":"n","2839":" ","2840":" ","2841":" ","2842":" ","2843":" ","2844":" ","2845":" ","2846":" ","2847":" ","2848":" ","2849":"d","2850":"a","2851":"t","2852":"e","2853":":","2854":" ","2855":"'","2856":"1","2857":"0","2858":"/","2859":"0","2860":"3","2861":"'","2862":",","2863":"\\","2864":"n","2865":" ","2866":" ","2867":" ","2868":" ","2869":" ","2870":" ","2871":" ","2872":" ","2873":" ","2874":" ","2875":"m","2876":"a","2877":"t","2878":"c","2879":"h","2880":":","2881":" ","2882":"'","2883":"M","2884":"o","2885":"n","2886":"a","2887":"c","2888":"o","2889":" ","2890":"-","2891":" ","2892":"N","2893":"i","2894":"c","2895":"e","2896":"'","2897":",","2898":"\\","2899":"n","2900":" ","2901":" ","2902":" ","2903":" ","2904":" ","2905":" ","2906":" ","2907":" ","2908":" ","2909":" ","2910":"p","2911":"r","2912":"e","2913":"d","2914":"i","2915":"c","2916":"t","2917":"i","2918":"o","2919":"n","2920":":","2921":" ","2922":"'","2923":"3","2924":"-","2925":"1","2926":"'","2927":",","2928":"\\","2929":"n","2930":" ","2931":" ","2932":" ","2933":" ","2934":" ","2935":" ","2936":" ","2937":" ","2938":" ","2939":" ","2940":"r","2941":"e","2942":"s","2943":"u","2944":"l","2945":"t","2946":":","2947":" ","2948":"'","2949":"2","2950":"-","2951":"1","2952":"'","2953":",","2954":"\\","2955":"n","2956":" ","2957":" ","2958":" ","2959":" ","2960":" ","2961":" ","2962":" ","2963":" ","2964":" ","2965":" ","2966":"i","2967":"s","2968":"C","2969":"o","2970":"r","2971":"r","2972":"e","2973":"c","2974":"t","2975":":","2976":" ","2977":"t","2978":"r","2979":"u","2980":"e","2981":"\\","2982":"n","2983":" ","2984":" ","2985":" ","2986":" ","2987":" ","2988":" ","2989":" ","2990":" ","2991":"}","2992":"\\","2993":"n","2994":" ","2995":" ","2996":" ","2997":" ","2998":" ","2999":" ","3000":"]","3001":"\\","3002":"n","3003":" ","3004":" ","3005":" ","3006":" ","3007":"}","3008":"\\","3009":"n","3010":" ","3011":" ","3012":"}","3013":",","3014":"\\","3015":"n","3016":" ","3017":" ","3018":"c","3019":"o","3020":"m","3021":"p","3022":"u","3023":"t","3024":"e","3025":"d","3026":":","3027":" ","3028":"{","3029":"\\","3030":"n","3031":" ","3032":" ","3033":" ","3034":" ","3035":"g","3036":"l","3037":"o","3038":"b","3039":"a","3040":"l","3041":"S","3042":"c","3043":"o","3044":"r","3045":"e","3046":"(","3047":")","3048":" ","3049":"{","3050":"\\","3051":"n","3052":" ","3053":" ","3054":" ","3055":" ","3056":" ","3057":" ","3058":"c","3059":"o","3060":"n","3061":"s","3062":"t","3063":" ","3064":"c","3065":"o","3066":"r","3067":"r","3068":"e","3069":"c","3070":"t","3071":"P","3072":"r","3073":"e","3074":"d","3075":"i","3076":"c","3077":"t","3078":"i","3079":"o","3080":"n","3081":"s","3082":" ","3083":"=","3084":" ","3085":"t","3086":"h","3087":"i","3088":"s","3089":".","3090":"h","3091":"i","3092":"s","3093":"t","3094":"o","3095":"r","3096":"y","3097":"D","3098":"a","3099":"t","3100":"a","3101":".","3102":"f","3103":"i","3104":"l","3105":"t","3106":"e","3107":"r","3108":"(","3109":"p","3110":" ","3111":"=","3112":">","3113":" ","3114":"p","3115":".","3116":"i","3117":"s","3118":"C","3119":"o","3120":"r","3121":"r","3122":"e","3123":"c","3124":"t","3125":")","3126":".","3127":"l","3128":"e","3129":"n","3130":"g","3131":"t","3132":"h","3133":";","3134":"\\","3135":"n","3136":" ","3137":" ","3138":" ","3139":" ","3140":" ","3141":" ","3142":"c","3143":"o","3144":"n","3145":"s","3146":"t","3147":" ","3148":"t","3149":"o","3150":"t","3151":"a","3152":"l","3153":"P","3154":"r","3155":"e","3156":"d","3157":"i","3158":"c","3159":"t","3160":"i","3161":"o","3162":"n","3163":"s","3164":" ","3165":"=","3166":" ","3167":"t","3168":"h","3169":"i","3170":"s","3171":".","3172":"h","3173":"i","3174":"s","3175":"t","3176":"o","3177":"r","3178":"y","3179":"D","3180":"a","3181":"t","3182":"a","3183":".","3184":"l","3185":"e","3186":"n","3187":"g","3188":"t","3189":"h","3190":";","3191":"\\","3192":"n","3193":" ","3194":" ","3195":" ","3196":" ","3197":" ","3198":" ","3199":"r","3200":"e","3201":"t","3202":"u","3203":"r","3204":"n","3205":" ","3206":"M","3207":"a","3208":"t","3209":"h","3210":".","3211":"r","3212":"o","3213":"u","3214":"n","3215":"d","3216":"(","3217":"(","3218":"c","3219":"o","3220":"r","3221":"r","3222":"e","3223":"c","3224":"t","3225":"P","3226":"r","3227":"e","3228":"d","3229":"i","3230":"c","3231":"t","3232":"i","3233":"o","3234":"n","3235":"s","3236":" ","3237":"/","3238":" ","3239":"t","3240":"o","3241":"t","3242":"a","3243":"l","3244":"P","3245":"r","3246":"e","3247":"d","3248":"i","3249":"c","3250":"t","3251":"i","3252":"o","3253":"n","3254":"s","3255":")","3256":" ","3257":"*","3258":" ","3259":"1","3260":"0","3261":"0","3262":")","3263":";","3264":"\\","3265":"n","3266":" ","3267":" ","3268":" ","3269":" ","3270":"}","3271":"\\","3272":"n","3273":" ","3274":" ","3275":"}","3276":"\\","3277":"n","3278":"}","3279":"\\","3280":"n","3281":"<","3282":"/","3283":"s","3284":"c","3285":"r","3286":"i","3287":"p","3288":"t","3289":">","3290":"\\","3291":"n","3292":"\\","3293":"n","3294":"<","3295":"s","3296":"t","3297":"y","3298":"l","3299":"e","3300":" ","3301":"s","3302":"c","3303":"o","3304":"p","3305":"e","3306":"d","3307":">","3308":"\\","3309":"n","3310":".","3311":"d","3312":"a","3313":"s","3314":"h","3315":"b","3316":"o","3317":"a","3318":"r","3319":"d","3320":" ","3321":"{","3322":"\\","3323":"n","3324":" ","3325":" ","3326":"m","3327":"i","3328":"n","3329":"-","3330":"h","3331":"e","3332":"i","3333":"g","3334":"h","3335":"t","3336":":","3337":" ","3338":"1","3339":"0","3340":"0","3341":"v","3342":"h","3343":";","3344":"\\","3345":"n","3346":" ","3347":" ","3348":"b","3349":"a","3350":"c","3351":"k","3352":"g","3353":"r","3354":"o","3355":"u","3356":"n","3357":"d","3358":":","3359":" ","3360":"l","3361":"i","3362":"n","3363":"e","3364":"a","3365":"r","3366":"-","3367":"g","3368":"r","3369":"a","3370":"d","3371":"i","3372":"e","3373":"n","3374":"t","3375":"(","3376":"1","3377":"3","3378":"5","3379":"d","3380":"e","3381":"g","3382":",","3383":" ","3384":"#","3385":"6","3386":"6","3387":"7","3388":"e","3389":"e","3390":"a","3391":" ","3392":"0","3393":"%","3394":",","3395":" ","3396":"#","3397":"7","3398":"6","3399":"4","3400":"b","3401":"a","3402":"2","3403":" ","3404":"1","3405":"0","3406":"0","3407":"%","3408":")","3409":";","3410":"\\","3411":"n","3412":" ","3413":" ","3414":"f","3415":"o","3416":"n","3417":"t","3418":"-","3419":"f","3420":"a","3421":"m","3422":"i","3423":"l","3424":"y","3425":":","3426":" ","3427":"'","3428":"S","3429":"e","3430":"g","3431":"o","3432":"e","3433":" ","3434":"U","3435":"I","3436":"'","3437":",","3438":" ","3439":"T","3440":"a","3441":"h","3442":"o","3443":"m","3444":"a","3445":",","3446":" ","3447":"G","3448":"e","3449":"n","3450":"e","3451":"v","3452":"a","3453":",","3454":" ","3455":"V","3456":"e","3457":"r","3458":"d","3459":"a","3460":"n","3461":"a","3462":",","3463":" ","3464":"s","3465":"a","3466":"n","3467":"s","3468":"-","3469":"s","3470":"e","3471":"r","3472":"i","3473":"f","3474":";","3475":"\\","3476":"n","3477":"}","3478":"\\","3479":"n","3480":"\\","3481":"n","3482":"/","3483":"*","3484":" ","3485":"M","3486":"a","3487":"i","3488":"n","3489":" ","3490":"C","3491":"o","3492":"n","3493":"t","3494":"e","3495":"n","3496":"t","3497":" ","3498":"*","3499":"/","3500":"\\","3501":"n","3502":".","3503":"m","3504":"a","3505":"i","3506":"n","3507":"-","3508":"c","3509":"o","3510":"n","3511":"t","3512":"e","3513":"n","3514":"t","3515":" ","3516":"{","3517":"\\","3518":"n","3519":" ","3520":" ","3521":"p","3522":"a","3523":"d","3524":"d","3525":"i","3526":"n","3527":"g","3528":":","3529":" ","3530":"2","3531":"r","3532":"e","3533":"m","3534":";","3535":"\\","3536":"n","3537":" ","3538":" ","3539":"m","3540":"a","3541":"x","3542":"-","3543":"w","3544":"i","3545":"d","3546":"t","3547":"h","3548":":","3549":" ","3550":"1","3551":"0","3552":"0","3553":"0","3554":"p","3555":"x","3556":";","3557":"\\","3558":"n","3559":" ","3560":" ","3561":"m","3562":"a","3563":"r","3564":"g","3565":"i","3566":"n","3567":":","3568":" ","3569":"0","3570":" ","3571":"a","3572":"u","3573":"t","3574":"o","3575":";","3576":"\\","3577":"n","3578":"}","3579":"\\","3580":"n","3581":"\\","3582":"n","3583":".","3584":"h","3585":"i","3586":"s","3587":"t","3588":"o","3589":"r","3590":"y","3591":"-","3592":"c","3593":"o","3594":"n","3595":"t","3596":"a","3597":"i","3598":"n","3599":"e","3600":"r","3601":" ","3602":"{","3603":"\\","3604":"n","3605":" ","3606":" ","3607":"b","3608":"a","3609":"c","3610":"k","3611":"g","3612":"r","3613":"o","3614":"u","3615":"n","3616":"d","3617":":","3618":" ","3619":"r","3620":"g","3621":"b","3622":"a","3623":"(","3624":"2","3625":"5","3626":"5","3627":",","3628":" ","3629":"2","3630":"5","3631":"5","3632":",","3633":" ","3634":"2","3635":"5","3636":"5","3637":",","3638":" ","3639":"0","3640":".","3641":"9","3642":"5","3643":")","3644":";","3645":"\\","3646":"n","3647":" ","3648":" ","3649":"b","3650":"o","3651":"r","3652":"d","3653":"e","3654":"r","3655":"-","3656":"r","3657":"a","3658":"d","3659":"i","3660":"u","3661":"s","3662":":","3663":" ","3664":"1","3665":"6","3666":"p","3667":"x","3668":";","3669":"\\","3670":"n","3671":" ","3672":" ","3673":"p","3674":"a","3675":"d","3676":"d","3677":"i","3678":"n","3679":"g","3680":":","3681":" ","3682":"2","3683":".","3684":"5","3685":"r","3686":"e","3687":"m","3688":";","3689":"\\","3690":"n","3691":" ","3692":" ","3693":"b","3694":"o","3695":"x","3696":"-","3697":"s","3698":"h","3699":"a","3700":"d","3701":"o","3702":"w","3703":":","3704":" ","3705":"0","3706":" ","3707":"8","3708":"p","3709":"x","3710":" ","3711":"3","3712":"2","3713":"p","3714":"x","3715":" ","3716":"r","3717":"g","3718":"b","3719":"a","3720":"(","3721":"0","3722":",","3723":" ","3724":"0","3725":",","3726":" ","3727":"0","3728":",","3729":" ","3730":"0","3731":".","3732":"1","3733":")","3734":";","3735":"\\","3736":"n","3737":" ","3738":" ","3739":"b","3740":"a","3741":"c","3742":"k","3743":"d","3744":"r","3745":"o","3746":"p","3747":"-","3748":"f","3749":"i","3750":"l","3751":"t","3752":"e","3753":"r","3754":":","3755":" ","3756":"b","3757":"l","3758":"u","3759":"r","3760":"(","3761":"1","3762":"0","3763":"p","3764":"x","3765":")","3766":";","3767":"\\","3768":"n","3769":" ","3770":" ","3771":"b","3772":"o","3773":"r","3774":"d","3775":"e","3776":"r","3777":":","3778":" ","3779":"1","3780":"p","3781":"x","3782":" ","3783":"s","3784":"o","3785":"l","3786":"i","3787":"d","3788":" ","3789":"r","3790":"g","3791":"b","3792":"a","3793":"(","3794":"2","3795":"5","3796":"5","3797":",","3798":" ","3799":"2","3800":"5","3801":"5","3802":",","3803":" ","3804":"2","3805":"5","3806":"5","3807":",","3808":" ","3809":"0","3810":".","3811":"2","3812":")","3813":";","3814":"\\","3815":"n","3816":"}","3817":"\\","3818":"n","3819":"\\","3820":"n","3821":".","3822":"p","3823":"a","3824":"g","3825":"e","3826":"-","3827":"t","3828":"i","3829":"t","3830":"l","3831":"e","3832":" ","3833":"{","3834":"\\","3835":"n","3836":" ","3837":" ","3838":"m","3839":"a","3840":"r","3841":"g","3842":"i","3843":"n","3844":":","3845":" ","3846":"0","3847":" ","3848":"0","3849":" ","3850":"2","3851":"r","3852":"e","3853":"m","3854":" ","3855":"0","3856":";","3857":"\\","3858":"n","3859":" ","3860":" ","3861":"c","3862":"o","3863":"l","3864":"o","3865":"r","3866":":","3867":" ","3868":"#","3869":"3","3870":"3","3871":"3","3872":";","3873":"\\","3874":"n","3875":" ","3876":" ","3877":"f","3878":"o","3879":"n","3880":"t","3881":"-","3882":"s","3883":"i","3884":"z","3885":"e","3886":":","3887":" ","3888":"2","3889":"r","3890":"e","3891":"m","3892":";","3893":"\\","3894":"n","3895":" ","3896":" ","3897":"f","3898":"o","3899":"n","3900":"t","3901":"-","3902":"w","3903":"e","3904":"i","3905":"g","3906":"h","3907":"t","3908":":","3909":" ","3910":"6","3911":"0","3912":"0","3913":";","3914":"\\","3915":"n","3916":" ","3917":" ","3918":"t","3919":"e","3920":"x","3921":"t","3922":"-","3923":"a","3924":"l","3925":"i","3926":"g","3927":"n","3928":":","3929":" ","3930":"c","3931":"e","3932":"n","3933":"t","3934":"e","3935":"r","3936":";","3937":"\\","3938":"n","3939":"}","3940":"\\","3941":"n","3942":"\\","3943":"n","3944":"/","3945":"*","3946":" ","3947":"T","3948":"a","3949":"b","3950":"l","3951":"e","3952":" ","3953":"S","3954":"t","3955":"y","3956":"l","3957":"e","3958":"s","3959":" ","3960":"*","3961":"/","3962":"\\","3963":"n","3964":".","3965":"t","3966":"a","3967":"b","3968":"l","3969":"e
[...]
-","4999":"c","5000":"o","5001":"l","5002":"o","5003":"r","5004":":","5005":" ","5006":"#","5007":"6","5008":"6","5009":"7","5010":"e","5011":"e","5012":"a","5013":";","5014":"\\","5015":"n","5016":" ","5017":" ","5018":"b","5019":"a","5020":"c","5021":"k","5022":"g","5023":"r","5024":"o","5025":"u","5026":"n","5027":"d","5028":":","5029":" ","5030":"w","5031":"h","5032":"i","5033":"t","5034":"e","5035":";","5036":"\\","5037":"n","5038":" ","5039":" ","5040":"b","5041":"o","5042":"x","5043":"-","5044":"s","5045":"h","5046":"a","5047":"d","5048":"o","5049":"w","5050":":","5051":" ","5052":"0","5053":" ","5054":"0","5055":" ","5056":"0","5057":" ","5058":"3","5059":"p","5060":"x","5061":" ","5062":"r","5063":"g","5064":"b","5065":"a","5066":"(","5067":"1","5068":"0","5069":"2","5070":",","5071":" ","5072":"1","5073":"2","5074":"6","5075":",","5076":" ","5077":"2","5078":"3","5079":"4","5080":",","5081":" ","5082":"0","5083":".","5084":"1","5085":")","5086":";","5087":"\\","5088":"n","5089":"}","5090":"\\","5091":"n","5092":"\\","5093":"n","5094":".","5095":"f","5096":"o","5097":"r","5098":"m","5099":"-","5100":"o","5101":"p","5102":"t","5103":"i","5104":"o","5105":"n","5106":"s","5107":" ","5108":"{","5109":"\\","5110":"n","5111":" ","5112":" ","5113":"m","5114":"a","5115":"r","5116":"g","5117":"i","5118":"n","5119":"-","5120":"t","5121":"o","5122":"p","5123":":","5124":" ","5125":"0","5126":".","5127":"5","5128":"r","5129":"e","5130":"m","5131":";","5132":"\\","5133":"n","5134":"}","5135":"\\","5136":"n","5137":"\\","5138":"n","5139":".","5140":"c","5141":"h","5142":"e","5143":"c","5144":"k","5145":"b","5146":"o","5147":"x","5148":"-","5149":"c","5150":"o","5151":"n","5152":"t","5153":"a","5154":"i","5155":"n","5156":"e","5157":"r","5158":" ","5159":"{","5160":"\\","5161":"n","5162":" ","5163":" ","5164":"d","5165":"i","5166":"s","5167":"p","5168":"l","5169":"a","5170":"y","5171":":","5172":" ","5173":"f","5174":"l","5175":"e","5176":"x","5177":";","5178":"\\","5179":"n","5180":" ","5181":" ","5182":"a","5183":"l","5184":"i","5185":"g","5186":"n","5187":"-","5188":"i","5189":"t","5190":"e","5191":"m","5192":"s","5193":":","5194":" ","5195":"f","5196":"l","5197":"e","5198":"x","5199":"-","5200":"s","5201":"t","5202":"a","5203":"r","5204":"t","5205":";","5206":"\\","5207":"n","5208":" ","5209":" ","5210":"c","5211":"u","5212":"r","5213":"s","5214":"o","5215":"r","5216":":","5217":" ","5218":"p","5219":"o","5220":"i","5221":"n","5222":"t","5223":"e","5224":"r","5225":";","5226":"\\","5227":"n","5228":" ","5229":" ","5230":"f","5231":"o","5232":"n","5233":"t","5234":"-","5235":"s","5236":"i","5237":"z","5238":"e","5239":":","5240":" ","5241":"0","5242":".","5243":"9","5244":"r","5245":"e","5246":"m","5247":";","5248":"\\","5249":"n","5250":" ","5251":" ","5252":"c","5253":"o","5254":"l","5255":"o","5256":"r","5257":":","5258":" ","5259":"#","5260":"6","5261":"6","5262":"6","5263":";","5264":"\\","5265":"n","5266":" ","5267":" ","5268":"p","5269":"o","5270":"s","5271":"i","5272":"t","5273":"i","5274":"o","5275":"n","5276":":","5277":" ","5278":"r","5279":"e","5280":"l","5281":"a","5282":"t","5283":"i","5284":"v","5285":"e","5286":";","5287":"\\","5288":"n","5289":" ","5290":" ","5291":"l","5292":"i","5293":"n","5294":"e","5295":"-","5296":"h","5297":"e","5298":"i","5299":"g","5300":"h","5301":"t","5302":":","5303":" ","5304":"1","5305":".","5306":"4","5307":";","5308":"\\","5309":"n","5310":"}","5311":"\\","5312":"n","5313":"\\","5314":"n","5315":".","5316":"c","5317":"h","5318":"e","5319":"c","5320":"k","5321":"b","5322":"o","5323":"x","5324":"-","5325":"c","5326":"o","5327":"n","5328":"t","5329":"a","5330":"i","5331":"n","5332":"e","5333":"r","5334":" ","5335":"i","5336":"n","5337":"p","5338":"u","5339":"t","5340":" ","5341":"{","5342":"\\","5343":"n","5344":" ","5345":" ","5346":"p","5347":"o","5348":"s","5349":"i","5350":"t","5351":"i","5352":"o","5353":"n","5354":":","5355":" ","5356":"a","5357":"b","5358":"s","5359":"o","5360":"l","5361":"u","5362":"t","5363":"e","5364":";","5365":"\\","5366":"n","5367":" ","5368":" ","5369":"o","5370":"p","5371":"a","5372":"c","5373":"i","5374":"t","5375":"y","5376":":","5377":" ","5378":"0","5379":";","5380":"\\","5381":"n","5382":" ","5383":" ","5384":"c","5385":"u","5386":"r","5387":"s","5388":"o","5389":"r","5390":":","5391":" ","5392":"p","5393":"o","5394":"i","5395":"n","5396":"t","5397":"e","5398":"r","5399":";","5400":"\\","5401":"n","5402":"}","5403":"\\","5404":"n","5405":"\\","5406":"n","5407":".","5408":"c","5409":"h","5410":"e","5411":"c","5412":"k","5413":"m","5414":"a","5415":"r","5416":"k","5417":" ","5418":"{","5419":"\\","5420":"n","5421":" ","5422":" ","5423":"w","5424":"i","5425":"d","5426":"t","5427":"h","5428":":","5429":" ","5430":"1","5431":"8","5432":"p","5433":"x","5434":";","5435":"\\","5436":"n","5437":" ","5438":" ","5439":"h","5440":"e","5441":"i","5442":"g","5443":"h","5444":"t","5445":":","5446":" ","5447":"1","5448":"8","5449":"p","5450":"x","5451":";","5452":"\\","5453":"n","5454":" ","5455":" ","5456":"b","5457":"o","5458":"r","5459":"d","5460":"e","5461":"r","5462":":","5463":" ","5464":"2","5465":"p","5466":"x","5467":" ","5468":"s","5469":"o","5470":"l","5471":"i","5472":"d","5473":" ","5474":"#","5475":"d","5476":"d","5477":"d","5478":";","5479":"\\","5480":"n","5481":" ","5482":" ","5483":"b","5484":"o","5485":"r","5486":"d","5487":"e","5488":"r","5489":"-","5490":"r","5491":"a","5492":"d","5493":"i","5494":"u","5495":"s","5496":":","5497":" ","5498":"4","5499":"p","5500":"x","5501":";","5502":"\\","5503":"n","5504":" ","5505":" ","5506":"m","5507":"a","5508":"r","5509":"g","5510":"i","5511":"n","5512":"-","5513":"r","5514":"i","5515":"g","5516":"h","5517":"t","5518":":","5519":" ","5520":"8","5521":"p","5522":"x","5523":";","5524":"\\","5525":"n","5526":" ","5527":" ","5528":"m","5529":"a","5530":"r","5531":"g","5532":"i","5533":"n","5534":"-","5535":"t","5536":"o","5537":"p","5538":":","5539":" ","5540":"2","5541":"p","5542":"x","5543":";","5544":"\\","5545":"n","5546":" ","5547":" ","5548":"d","5549":"i","5550":"s","5551":"p","5552":"l","5553":"a","5554":"y","5555":":","5556":" ","5557":"f","5558":"l","5559":"e","5560":"x","5561":";","5562":"\\","5563":"n","5564":" ","5565":" ","5566":"a","5567":"l","5568":"i","5569":"g","5570":"n","5571":"-","5572":"i","5573":"t","5574":"e","5575":"m","5576":"s","5577":":","5578":" ","5579":"c","5580":"e","5581":"n","5582":"t","5583":"e","5584":"r","5585":";","5586":"\\","5587":"n","5588":" ","5589":" ","5590":"j","5591":"u","5592":"s","5593":"t","5594":"i","5595":"f","5596":"y","5597":"-","5598":"c","5599":"o","5600":"n","5601":"t","5602":"e","5603":"n","5604":"t","5605":":","5606":" ","5607":"c","5608":"e","5609":"n","5610":"t","5611":"e","5612":"r","5613":";","5614":"\\","5615":"n","5616":" ","5617":" ","5618":"t","5619":"r","5620":"a","5621":"n","5622":"s","5623":"i","5624":"t","5625":"i","5626":"o","5627":"n","5628":":","5629":" ","5630":"a","5631":"l","5632":"l","5633":" ","5634":"0","5635":".","5636":"3","5637":"s","5638":" ","5639":"e","5640":"a","5641":"s","5642":"e","5643":";","5644":"\\","5645":"n","5646":" ","5647":" ","5648":"f","5649":"l","5650":"e","5651":"x","5652":"-","5653":"s","5654":"h","5655":"r","5656":"i","5657":"n","5658":"k","5659":":","5660":" ","5661":"0","5662":";","5663":"\\","5664":"n","5665":"}","5666":"\\","5667":"n","5668":"\\","5669":"n","5670":".","5671":"c","5672":"h","5673":"e","5674":"c","5675":"k","5676":"b","5677":"o","5678":"x","5679":"-","5680":"c","5681":"o","5682":"n","5683":"t","5684":"a","5685":"i","5686":"n","5687":"e","5688":"r","5689":" ","5690":"i","5691":"n","5692":"p","5693":"u","5694":"t","5695":":","5696":"c","5697":"h","5698":"e","5699":"c","5700":"k","5701":"e","5702":"d","5703":" ","5704":"~","5705":" ","5706":".","5707":"c","5708":"h","5709":"e","5710":"c","5711":"k","5712":"m","5713":"a","5714":"r","5715":"k","5716":" ","5717":"{","5718":"\\","5719":"n","5720":" ","5721":" ","5722":"b","5723":"a","5724":"c","5725":"k","5726":"g","5727":"r","5728":"o","5729":"u","5730":"n","5731":"d","5732":":","5733":" ","5734":"#","5735":"6","5736":"6","5737":"7","5738":"e","5739":"e","5740":"a","5741":";","5742":"\\","5743":"n","5744":" ","5745":" ","5746":"b","5747":"o","5748":"r","5749":"d","5750":"e","5751":"r","5752":"-","5753":"c","5754":"o","5755":"l","5756":"o","5757":"r","5758":":","5759":" ","5760":"#","5761":"6","5762":"6","5763":"7","5764":"e","5765":"e","5766":"a","5767":";","5768":"\\","5769":"n","5770":"}","5771":"\\","5772":"n","5773":"\\","5774":"n","5775":".","5776":"c","5777":"h","5778":"e","5779":"c","5780":"k","5781":"b","5782":"o","5783":"x","5784":"-","5785":"c","5786":"o","5787":"n","5788":"t","5789":"a","5790":"i","5791":"n","5792":"e","5793":"r","5794":" ","5795":"i","5796":"n","5797":"p","5798":"u","5799":"t","5800":":","5801":"c","5802":"h","5803":"e","5804":"c","5805":"k","5806":"e","5807":"d","5808":" ","5809":"~","5810":" ","5811":".","5812":"c","5813":"h","5814":"e","5815":"c","5816":"k","5817":"m","5818":"a","5819":"r","5820":"k","5821":":","5822":":","5823":"a","5824":"f","5825":"t","5826":"e","5827":"r","5828":" ","5829":"{","5830":"\\","5831":"n","5832":" ","5833":" ","5834":"c","5835":"o","5836":"n","5837":"t","5838":"e","5839":"n","5840":"t","5841":":","5842":" ","5843":"'","5844":"✓","5845":"'","5846":";","5847":"\\","5848":"n","5849":" ","5850":" ","5851":"c","5852":"o","5853":"l","5854":"o","5855":"r","5856":":","5857":" ","5858":"w","5859":"h","5860":"i","5861":"t","5862":"e","5863":";","5864":"\\","5865":"n","5866":" ","5867":" ","5868":"f","5869":"o","5870":"n","5871":"t","5872":"-","5873":"s","5874":"i","5875":"z","5876":"e","5877":":","5878":" ","5879":"1","5880":"2","5881":"p","5882":"x","5883":";","5884":"\\","5885":"n","5886":" ","5887":" ","5888":"f","5889":"o","5890":"n","5891":"t","5892":"-","5893":"w","5894":"e","5895":"i","5896":"g","5897":"h","5898":"t","5899":":","5900":" ","5901":"b","5902":"o","5903":"l","5904":"d","5905":";","5906":"\\","5907":"n","5908":"}","5909":"\\","5910":"n","5911":"\\","5912":"n","5913":".","5914":"a","5915":"u","5916":"t","5917":"h","5918":"-","5919":"b","5920":"t","5921":"n","5922":" ","5923":"{","5924":"\\","5925":"n","5926":" ","5927":" ","5928":"b","5929":"a","5930":"c","5931":"k","5932":"g","5933":"r","5934":"o","5935":"u","5936":"n","5937":"d","5938":":","5939":" ","5940":"l","5941":"i","5942":"n","5943":"e","5944":"a","5945":"r","5946":"-","5947":"g","5948":"r","5949":"a","5950":"d","5951":"i","5952":"e","5953":"n","5954":"t","5955":"(","5956":"1","5957":"3","5958":"5","5959":"d","5960":"e","5961":"g","5962":",","5963":" ","5964":"#","5965":"6","5966":"6","5967":"7","5968":"e","5969":"e","5970":"a","5971":",","5972":" ","5973":"#","5974":"7","5975":"6","5976":"4","5977":"b","5978":"a","5979":"2","5980":")","5981":";","5982":"\\","5983":"n","5984":" ","5985":" ","5986":"c","5987":"o","5988":"l","5989":"o","5990":"r","5991":":","5992":" ","5993":"w","5994":"h","5995":"i","5996":"t","5997":"e","5998":";","5999":"\\","6000":"n","6001":" ","6002":" ","6003":"b","6004":"o","6005":"r","6006":"d","6007":"e","6008":"r","6009":":","6010":" ","6011":"n","6012":"o","6013":"n","6014":"e","6015":";","6016":"\\","6017":"n","6018":" ","6019":" ","6020":"p","6021":"a","6022":"d","6023":"d","6024":"i","6025":"n","6026":"g","6027":":","6028":" ","6029":"1","6030":"r","6031":"e","6032":"m","6033":";","6034":"\\","6035":"n","6036":" ","6037":" ","6038":"b","6039":"o","6040":"r","6041":"d","6042":"e","6043":"r","6044":"-","6045":"r","6046":"a","6047":"d","6048":"i","6049":"u","6050":"s","6051":":","6052":" ","6053":"8","6054":"p","6055":"x","6056":";","6057":"\\","6058":"n","6059":" ","6060":" ","6061":"f","6062":"o","6063":"n","6064":"t","6065":"-","6066":"s","6067":"i","6068":"z","6069":"e","6070":":","6071":" ","6072":"1","6073":"r","6074":"e","6075":"m","6076":";","6077":"\\","6078":"n","6079":" ","6080":" ","6081":"f","6082":"o","6083":"n","6084":"t","6085":"-","6086":"w","6087":"e","6088":"i","6089":"g","6090":"h","6091":"t","6092":":","6093":" ","6094":"6","6095":"0","6096":"0","6097":";","6098":"\\","6099":"n","6100":" ","6101":" ","6102":"c","6103":"u","6104":"r","6105":"s","6106":"o","6107":"r","6108":":","6109":" ","6110":"p","6111":"o","6112":"i","6113":"n","6114":"t","6115":"e","6116":"r","6117":";","6118":"\\","6119":"n","6120":" ","6121":" ","6122":"t","6123":"r","6124":"a","6125":"n","6126":"s","6127":"i","6128":"t","6129":"i","6130":"o","6131":"n","6132":":","6133":" ","6134":"a","6135":"l","6136":"l","6137":" ","6138":"0","6139":".","6140":"3","6141":"s","6142":" ","6143":"e","6144":"a","6145":"s","6146":"e","6147":";","6148":"\\","6149":"n","6150":" ","6151":" ","6152":"m","6153":"a","6154":"r","6155":"g","6156":"i","6157":"n","6158":"-","6159":"t","6160":"o","6161":"p","6162":":","6163":" ","6164":"1","6165":"r","6166":"e","6167":"m","6168":";","6169":"\\","6170":"n","6171":"}","6172":"\\","6173":"n","6174":"\\","6175":"n","6176":".","6177":"a","6178":"u","6179":"t","6180":"h","6181":"-","6182":"b","6183":"t","6184":"n","6185":":","6186":"h","6187":"o","6188":"v","6189":"e","6190":"r","6191":" ","6192":"{","6193":"\\","6194":"n","6195":" ","6196":" ","6197":"t","6198":"r","6199":"a","6200":"n","6201":"s","6202":"f","6203":"o","6204":"r","6205":"m","6206":":","6207":" ","6208":"t","6209":"r","6210":"a","6211":"n","6212":"s","6213":"l","6214":"a","6215":"t","6216":"e","6217":"Y","6218":"(","6219":"-","6220":"2","6221":"p","6222":"x","6223":")","6224":";","6225":"\\","6226":"n","6227":" ","6228":" ","6229":"b","6230":"o","6231":"x","6232":"-","6233":"s","6234":"h","6235":"a","6236":"d","6237":"o","6238":"w","6239":":","6240":" ","6241":"0","6242":" ","6243":"4","6244":"p","6245":"x","6246":" ","6247":"1","6248":"2","6249":"p","6250":"x","6251":" ","6252":"r","6253":"g","6254":"b","6255":"a","6256":"(","6257":"1","6258":"0","6259":"2","6260":",","6261":" ","6262":"1","6263":"2","6264":"6","6265":",","6266":" ","6267":"2","6268":"3","6269":"4","6270":",","6271":" ","6272":"0","6273":".","6274":"4","6275":")","6276":";","6277":"\\","6278":"n","6279":"}","6280":"\\","6281":"n","6282":"\\","6283":"n","6284":".","6285":"a","6286":"u","6287":"t","6288":"h","6289":"-","6290":"f","6291":"o","6292":"o","6293":"t","6294":"e","6295":"r","6296":" ","6297":"{","6298":"\\","6299":"n","6300":" ","6301":" ","6302":"t","6303":"e","6304":"x","6305":"t","6306":"-","6307":"a","6308":"l","6309":"i","6310":"g","6311":"n","6312":":","6313":" ","6314":"c","6315":"e","6316":"n","6317":"t","6318":"e","6319":"r","6320":";","6321":"\\","6322":"n","6323":" ","6324":" ","6325":"m","6326":"a","6327":"r","6328":"g","6329":"i","6330":"n","6331":"-","6332":"t","6333":"o","6334":"p","6335":":","6336":" ","6337":"2","6338":"r","6339":"e","6340":"m","6341":";","6342":"\\","6343":"n","6344":" ","6345":" ","6346":"c","6347":"o","6348":"l","6349":"o","6350":"r","6351":":","6352":" ","6353":"#","6354":"6","6355":"6","6356":"6","6357":";","6358":"\\","6359":"n","6360":" ","6361":" ","6362":"f","6363":"o","6364":"n","6365":"t","6366":"-","6367":"s","6368":"i","6369":"z","6370":"e","6371":":","6372":" ","6373":"0","6374":".","6375":"9","6376":"r","6377":"e","6378":"m","6379":";","6380":"\\","6381":"n","6382":"}","6383":"\\","6384":"n","6385":"\\","6386":"n","6387":".","6388":"l","6389":"o","6390":"g","6391":"i","6392":"n","6393":"-","6394":"l","6395":"i","6396":"n","6397":"k","6398":" ","6399":"{","6400":"\\","6401":"n","6402":" ","6403":" ","6404":"c","6405":"o","6406":"l","6407":"o","6408":"r","6409":":","6410":" ","6411":"#","6412":"6","6413":"6","6414":"7","6415":"e","6416":"e","6417":"a","6418":";","6419":"\\","6420":"n","6421":" ","6422":" ","6423":"t","6424":"e","6425":"x","6426":"t","6427":"-","6428":"d","6429":"e","6430":"c","6431":"o","6432":"r","6433":"a","6434":"t","6435":"i","6436":"o","6437":"n","6438":":","6439":" ","6440":"n","6441":"o","6442":"n","6443":"e","6444":";","6445":"\\","6446":"n","6447":" ","6448":" ","6449":"f","6450":"o","6451":"n","6452":"t","6453":"-","6454":"w","6455":"e","6456":"i","6457":"g","6458":"h","6459":"t","6460":":","6461":" ","6462":"5","6463":"0","6464":"0","6465":";","6466":"\\","6467":"n","6468":" ","6469":" ","6470":"m","6471":"a","6472":"r","6473":"g","6474":"i","6475":"n","6476":"-","6477":"l","6478":"e","6479":"f","6480":"t","6481":":","6482":" ","6483":"5","6484":"p","6485":"x","6486":";","6487":"\\","6488":"n","6489":" ","6490":" ","6491":"t","6492":"r","6493":"a","6494":"n","6495":"s","6496":"i","6497":"t","6498":"i","6499":"o","6500":"n","6501":":","6502":" ","6503":"c","6504":"o","6505":"l","6506":"o","6507":"r","6508":" ","6509":"0","6510":".","6511":"3","6512":"s","6513":" ","6514":"e","6515":"a","6516":"s","6517":"e","6518":";","6519":"\\","6520":"n","6521":"}","6522":"\\","6523":"n","6524":"\\","6525":"n","6526":".","6527":"l","6528":"o","6529":"g","6530":"i","6531":"n","6532":"-","6533":"l","6534":"i","6535":"n","6536":"k","6537":":","6538":"h","6539":"o","6540":"v","6541":"e","6542":"r","6543":" ","6544":"{","6545":"\\","6546":"n","6547":" ","6548":" ","6549":"c","6550":"o","6551":"l","6552":"o","6553":"r","6554":":","6555":" ","6556":"#","6557":"5","6558":"a","6559":"6","6560":"f","6561":"d","6562":"8","6563":";","6564":"\\","6565":"n","6566":" ","6567":" ","6568":"t","6569":"e","6570":"x","6571":"t","6572":"-","6573":"d","6574":"e","6575":"c","6576":"o","6577":"r","6578":"a","6579":"t","6580":"i","6581":"o","6582":"n","6583":":","6584":" ","6585":"u","6586":"n","6587":"d","6588":"e","6589":"r","6590":"l","6591":"i","6592":"n","6593":"e","6594":";","6595":"\\","6596":"n","6597":"}","6598":"\\","6599":"n","6600":"\\","6601":"n","6602":".","6603":"l","6604":"o","6605":"g","6606":"o","6607":"-","6608":"i","6609":"m","6610":"g","6611":" ","6612":"{","6613":"\\","6614":"n","6615":" ","6616":" ","6617":"h","6618":"e","6619":"i","6620":"g","6621":"h","6622":"t","6623":":","6624":" ","6625":"1","6626":".","6627":"5","6628":"r","6629":"e","6630":"m","6631":";","6632":"\\","6633":"n","6634":" ","6635":" ","6636":"w","6637":"i","6638":"d","6639":"t","6640":"h","6641":":","6642":" ","6643":"a","6644":"u","6645":"t","6646":"o","6647":";","6648":"\\","6649":"n","6650":"}","6651":"\\","6652":"n","6653":"\\","6654":"n","6655":"@","6656":"m","6657":"e","6658":"d","6659":"i","6660":"a","6661":" ","6662":"(","6663":"m","6664":"a","6665":"x","6666":"-","6667":"w","6668":"i","6669":"d","6670":"t","6671":"h","6672":":","6673":" ","6674":"4","6675":"8","6676":"0","6677":"p","6678":"x","6679":")","6680":" ","6681":"{","6682":"\\","6683":"n","6684":" ","6685":" ","6686":".","6687":"a","6688":"u","6689":"t","6690":"h","6691":"-","6692":"c","6693":"a","6694":"r","6695":"d","6696":" ","6697":"{","6698":"\\","6699":"n","6700":" ","6701":" ","6702":" ","6703":" ","6704":"p","6705":"a","6706":"d","6707":"d","6708":"i","6709":"n","6710":"g","6711":":","6712":" ","6713":"2","6714":"r","6715":"e","6716":"m","6717":" ","6718":"1","6719":".","6720":"5","6721":"r","6722":"e","6723":"m","6724":";","6725":"\\","6726":"n","6727":" ","6728":" ","6729":"}","6730":"\\","6731":"n","6732":" ","6733":" ","6734":"\\","6735":"n","6736":" ","6737":" ","6738":".","6739":"a","6740":"u","6741":"t","6742":"h","6743":"-","6744":"t","6745":"i","6746":"t","6747":"l","6748":"e","6749":" ","6750":"{","6751":"\\","6752":"n","6753":" ","6754":" ","6755":" ","6756":" ","6757":"f","6758":"o","6759":"n","6760":"t","6761":"-","6762":"s","6763":"i","6764":"z","6765":"e","6766":":","6767":" ","6768":"1","6769":".","6770":"7","6771":"5","6772":"r","6773":"e","6774":"m","6775":";","6776":"\\","6777":"n","6778":" ","6779":" ","6780":"}","6781":"\\","6782":"n","6783":"}","6784":"\\","6785":"n","6786":"<","6787":"/","6788":"s","6789":"t","6790":"y","6791":"l","6792":"e","6793":">","6794":"\"","6795":"]","6796":"}"},"_coverageSchema":"1a1c01bbd47fc00a2c39e90264f33305004495a9","hash":"343666a12b95381086db9e7a86c21aeec1e434ac"}
}
