TN:
SF:src/assets/logo.png
FNF:0
FNH:0
DA:1,4
LF:1
LH:1
BRF:0
BRH:0
end_of_record
TN:
SF:src/components/NavigationBar.vue
FN:19,_interopRequireDefault
FN:20,_toConsumableArray
FN:21,_nonIterableSpread
FN:22,_unsupportedIterableToArray
FN:23,_iterableToArray
FN:24,_arrayWithoutHoles
FN:25,_arrayLikeToArray
FN:32,render
FN:44,(anonymous_8)
FN:52,(anonymous_9)
FN:60,(anonymous_10)
FN:68,(anonymous_11)
FN:76,(anonymous_12)
FNF:13
FNH:10
FNDA:1,_interopRequireDefault
FNDA:31,_toConsumableArray
FNDA:0,_nonIterableSpread
FNDA:0,_unsupportedIterableToArray
FNDA:0,_iterableToArray
FNDA:31,_arrayWithoutHoles
FNDA:31,_arrayLikeToArray
FNDA:6,render
FNDA:7,(anonymous_8)
FNDA:6,(anonymous_9)
FNDA:6,(anonymous_10)
FNDA:6,(anonymous_11)
FNDA:6,(anonymous_12)
DA:4,1
DA:7,1
DA:8,1
DA:11,1
DA:13,1
DA:16,1
DA:17,1
DA:18,1
DA:19,1
DA:20,31
DA:21,0
DA:22,0
DA:23,0
DA:24,31
DA:25,31
DA:26,1
DA:29,1
DA:33,6
DA:34,6
DA:45,7
DA:53,6
DA:61,6
DA:69,6
DA:77,6
DA:81,1
LF:25
LH:22
BRDA:19,0,0,0
BRDA:19,0,1,1
BRDA:19,1,0,1
BRDA:19,1,1,0
BRDA:20,2,0,31
BRDA:20,2,1,0
BRDA:20,2,2,0
BRDA:20,2,3,0
BRDA:22,3,0,0
BRDA:22,3,1,0
BRDA:22,4,0,0
BRDA:22,4,1,0
BRDA:22,5,0,0
BRDA:22,5,1,0
BRDA:22,5,2,0
BRDA:22,6,0,0
BRDA:22,6,1,0
BRDA:22,7,0,0
BRDA:22,7,1,0
BRDA:22,8,0,0
BRDA:22,8,1,0
BRDA:22,9,0,0
BRDA:22,9,1,0
BRDA:23,10,0,0
BRDA:23,10,1,0
BRDA:23,11,0,0
BRDA:23,11,1,0
BRDA:23,11,2,0
BRDA:24,12,0,31
BRDA:24,12,1,0
BRDA:25,13,0,31
BRDA:25,13,1,0
BRDA:25,13,2,31
BRDA:34,14,0,6
BRDA:34,14,1,6
BRDA:45,15,0,7
BRDA:45,15,1,6
BRDA:53,16,0,6
BRDA:53,16,1,6
BRDA:61,17,0,6
BRDA:61,17,1,6
BRDA:69,18,0,6
BRDA:69,18,1,6
BRDA:77,19,0,6
BRDA:77,19,1,6
BRF:45
BRH:18
end_of_record
TN:
SF:src/router/index.js
FNF:0
FNH:0
DA:9,1
DA:42,1
LF:2
LH:2
BRF:0
BRH:0
end_of_record
TN:
SF:src/views/HistoryView.vue
FN:10,(anonymous_0)
FN:34,(anonymous_1)
FN:35,(anonymous_2)
FN:80,render
FN:83,(anonymous_4)
FNF:5
FNH:5
FNDA:8,(anonymous_0)
FNDA:8,(anonymous_1)
FNDA:24,(anonymous_2)
FNDA:8,render
FNDA:24,(anonymous_4)
DA:4,2
DA:7,2
DA:8,2
DA:11,8
DA:35,24
DA:36,8
DA:37,8
DA:41,2
DA:43,2
DA:46,2
DA:47,2
DA:48,2
DA:51,2
DA:54,2
DA:57,2
DA:60,2
DA:63,2
DA:66,2
DA:70,2
DA:74,2
DA:77,2
DA:81,8
DA:84,24
DA:90,2
LF:24
LH:24
BRDA:81,0,0,8
BRDA:81,0,1,8
BRDA:83,1,0,8
BRDA:83,1,1,8
BRDA:86,2,0,16
BRDA:86,2,1,8
BRDA:87,3,0,8
BRDA:87,3,1,8
BRF:8
BRH:8
end_of_record
TN:
SF:src/views/HomeView.vue
FN:21,render
FNF:1
FNH:1
FNDA:6,render
DA:4,2
DA:7,2
DA:8,2
DA:11,2
DA:13,2
DA:16,2
DA:17,2
DA:18,2
DA:22,6
DA:23,2
LF:10
LH:10
BRDA:22,0,0,6
BRDA:22,0,1,6
BRF:2
BRH:2
end_of_record
TN:
SF:src/views/LoginView.vue
FN:10,(anonymous_0)
FN:18,(anonymous_1)
FN:37,_interopRequireDefault
FN:38,_toConsumableArray
FN:39,_nonIterableSpread
FN:40,_unsupportedIterableToArray
FN:41,_iterableToArray
FN:42,_arrayWithoutHoles
FN:43,_arrayLikeToArray
FN:65,render
FN:77,(anonymous_10)
FN:85,(anonymous_11)
FN:95,(anonymous_12)
FN:102,(anonymous_13)
FN:117,(anonymous_14)
FNF:15
FNH:9
FNDA:5,(anonymous_0)
FNDA:1,(anonymous_1)
FNDA:2,_interopRequireDefault
FNDA:5,_toConsumableArray
FNDA:0,_nonIterableSpread
FNDA:0,_unsupportedIterableToArray
FNDA:0,_iterableToArray
FNDA:5,_arrayWithoutHoles
FNDA:5,_arrayLikeToArray
FNDA:6,render
FNDA:1,(anonymous_10)
FNDA:0,(anonymous_11)
FNDA:0,(anonymous_12)
FNDA:0,(anonymous_13)
FNDA:5,(anonymous_14)
DA:4,2
DA:7,2
DA:8,2
DA:11,5
DA:20,1
DA:25,1
DA:29,2
DA:31,2
DA:34,2
DA:35,2
DA:36,2
DA:37,2
DA:38,5
DA:39,0
DA:40,0
DA:41,0
DA:42,5
DA:43,5
DA:44,2
DA:47,2
DA:50,2
DA:53,2
DA:56,2
DA:59,2
DA:62,2
DA:66,6
DA:67,6
DA:78,1
DA:86,0
DA:96,0
DA:103,0
DA:118,5
DA:122,2
LF:33
LH:27
BRDA:37,0,0,0
BRDA:37,0,1,2
BRDA:37,1,0,2
BRDA:37,1,1,0
BRDA:38,2,0,5
BRDA:38,2,1,0
BRDA:38,2,2,0
BRDA:38,2,3,0
BRDA:40,3,0,0
BRDA:40,3,1,0
BRDA:40,4,0,0
BRDA:40,4,1,0
BRDA:40,5,0,0
BRDA:40,5,1,0
BRDA:40,5,2,0
BRDA:40,6,0,0
BRDA:40,6,1,0
BRDA:40,7,0,0
BRDA:40,7,1,0
BRDA:40,8,0,0
BRDA:40,8,1,0
BRDA:40,9,0,0
BRDA:40,9,1,0
BRDA:41,10,0,0
BRDA:41,10,1,0
BRDA:41,11,0,0
BRDA:41,11,1,0
BRDA:41,11,2,0
BRDA:42,12,0,5
BRDA:42,12,1,0
BRDA:43,13,0,5
BRDA:43,13,1,0
BRDA:43,13,2,5
BRDA:67,14,0,6
BRDA:67,14,1,5
BRDA:73,15,0,6
BRDA:73,15,1,5
BRDA:77,16,0,6
BRDA:77,16,1,5
BRDA:78,17,0,1
BRDA:78,17,1,1
BRDA:80,18,0,6
BRDA:80,18,1,5
BRDA:85,19,0,6
BRDA:85,19,1,5
BRDA:90,20,0,6
BRDA:90,20,1,5
BRDA:95,21,0,6
BRDA:95,21,1,5
BRDA:102,22,0,6
BRDA:102,22,1,5
BRDA:105,23,0,6
BRDA:105,23,1,5
BRDA:107,24,0,6
BRDA:107,24,1,5
BRDA:107,25,0,6
BRDA:107,25,1,5
BRDA:110,26,0,6
BRDA:110,26,1,5
BRDA:113,27,0,6
BRDA:113,27,1,5
BRDA:118,28,0,5
BRDA:118,28,1,5
BRF:63
BRH:36
end_of_record
TN:
SF:src/views/PredictionView.vue
FN:10,(anonymous_0)
FN:20,(anonymous_1)
FN:27,(anonymous_2)
FN:47,(anonymous_3)
FN:135,render
FN:142,(anonymous_5)
FN:148,(anonymous_6)
FN:159,(anonymous_7)
FN:165,(anonymous_8)
FN:172,(anonymous_9)
FN:201,(anonymous_10)
FNF:11
FNH:8
FNDA:12,(anonymous_0)
FNDA:1,(anonymous_1)
FNDA:0,(anonymous_2)
FNDA:1,(anonymous_3)
FNDA:20,render
FNDA:0,(anonymous_5)
FNDA:240,(anonymous_6)
FNDA:0,(anonymous_7)
FNDA:240,(anonymous_8)
FNDA:1,(anonymous_9)
FNDA:1,(anonymous_10)
DA:4,2
DA:7,2
DA:8,2
DA:11,12
DA:21,1
DA:22,0
DA:24,1
DA:27,1
DA:28,0
DA:39,0
DA:40,0
DA:41,0
DA:42,0
DA:44,0
DA:48,1
DA:49,1
DA:57,1
DA:60,1
DA:64,2
DA:66,2
DA:69,2
DA:70,2
DA:71,2
DA:74,2
DA:77,2
DA:80,2
DA:83,2
DA:86,2
DA:89,2
DA:90,2
DA:93,2
DA:94,2
DA:95,2
DA:99,2
DA:102,2
DA:105,2
DA:108,2
DA:111,2
DA:114,2
DA:117,2
DA:120,2
DA:123,2
DA:126,2
DA:129,2
DA:132,2
DA:136,20
DA:143,0
DA:149,240
DA:160,0
DA:166,240
DA:173,1
DA:202,1
DA:205,2
LF:53
LH:44
BRDA:21,0,0,0
BRDA:21,0,1,1
BRDA:21,1,0,1
BRDA:21,1,1,1
BRDA:40,2,0,0
BRDA:40,2,1,0
BRDA:48,3,0,0
BRDA:48,3,1,1
BRDA:136,4,0,20
BRDA:136,4,1,12
BRDA:138,5,0,20
BRDA:138,5,1,12
BRDA:142,6,0,20
BRDA:142,6,1,12
BRDA:146,7,0,20
BRDA:146,7,1,12
BRDA:153,8,0,20
BRDA:153,8,1,12
BRDA:155,9,0,20
BRDA:155,9,1,12
BRDA:159,10,0,20
BRDA:159,10,1,12
BRDA:163,11,0,20
BRDA:163,11,1,12
BRDA:172,12,0,20
BRDA:172,12,1,12
BRDA:173,13,0,1
BRDA:173,13,1,1
BRDA:175,14,0,20
BRDA:175,14,1,5
BRDA:175,14,2,5
BRDA:176,15,0,1
BRDA:176,15,1,19
BRDA:176,16,0,5
BRDA:176,16,1,15
BRDA:176,17,0,5
BRDA:176,17,1,5
BRDA:176,18,0,5
BRDA:176,18,1,5
BRDA:183,19,0,5
BRDA:183,19,1,5
BRDA:190,20,0,5
BRDA:190,20,1,5
BRDA:197,21,0,5
BRDA:197,21,1,5
BRDA:201,22,0,5
BRDA:201,22,1,5
BRDA:202,23,0,1
BRDA:202,23,1,1
BRF:49
BRH:45
end_of_record
TN:
SF:src/views/ProfileView.vue
FN:10,(anonymous_0)
FN:22,(anonymous_1)
FN:26,(anonymous_2)
FN:32,(anonymous_3)
FN:36,(anonymous_4)
FN:41,(anonymous_5)
FN:57,_toConsumableArray
FN:58,_nonIterableSpread
FN:59,_unsupportedIterableToArray
FN:60,_iterableToArray
FN:61,_arrayWithoutHoles
FN:62,_arrayLikeToArray
FN:105,render
FN:130,(anonymous_13)
FN:140,(anonymous_14)
FN:150,(anonymous_15)
FN:160,(anonymous_16)
FN:167,(anonymous_17)
FN:173,(anonymous_18)
FNF:19
FNH:12
FNDA:8,(anonymous_0)
FNDA:1,(anonymous_1)
FNDA:1,(anonymous_2)
FNDA:1,(anonymous_3)
FNDA:1,(anonymous_4)
FNDA:2,(anonymous_5)
FNDA:11,_toConsumableArray
FNDA:0,_nonIterableSpread
FNDA:0,_unsupportedIterableToArray
FNDA:0,_iterableToArray
FNDA:11,_arrayWithoutHoles
FNDA:11,_arrayLikeToArray
FNDA:12,render
FNDA:0,(anonymous_13)
FNDA:0,(anonymous_14)
FNDA:0,(anonymous_15)
FNDA:0,(anonymous_16)
FNDA:1,(anonymous_17)
FNDA:2,(anonymous_18)
DA:4,2
DA:7,2
DA:8,2
DA:11,8
DA:23,1
DA:24,1
DA:25,1
DA:26,1
DA:27,1
DA:29,1
DA:33,1
DA:36,1
DA:37,1
DA:38,1
DA:42,2
DA:44,1
DA:45,1
DA:50,2
DA:52,2
DA:55,2
DA:56,2
DA:57,11
DA:58,0
DA:59,0
DA:60,0
DA:61,11
DA:62,11
DA:63,2
DA:66,2
DA:69,2
DA:72,2
DA:75,2
DA:78,2
DA:81,2
DA:82,2
DA:86,2
DA:89,2
DA:92,2
DA:95,2
DA:98,2
DA:101,2
DA:104,2
DA:106,12
DA:131,0
DA:141,0
DA:151,0
DA:161,0
DA:168,1
DA:174,2
DA:177,2
LF:50
LH:43
BRDA:24,0,0,1
BRDA:24,0,1,0
BRDA:42,1,0,1
BRDA:42,1,1,1
BRDA:57,2,0,11
BRDA:57,2,1,0
BRDA:57,2,2,0
BRDA:57,2,3,0
BRDA:59,3,0,0
BRDA:59,3,1,0
BRDA:59,4,0,0
BRDA:59,4,1,0
BRDA:59,5,0,0
BRDA:59,5,1,0
BRDA:59,5,2,0
BRDA:59,6,0,0
BRDA:59,6,1,0
BRDA:59,7,0,0
BRDA:59,7,1,0
BRDA:59,8,0,0
BRDA:59,8,1,0
BRDA:59,9,0,0
BRDA:59,9,1,0
BRDA:60,10,0,0
BRDA:60,10,1,0
BRDA:60,11,0,0
BRDA:60,11,1,0
BRDA:60,11,2,0
BRDA:61,12,0,11
BRDA:61,12,1,0
BRDA:62,13,0,11
BRDA:62,13,1,0
BRDA:62,13,2,11
BRDA:106,14,0,12
BRDA:106,14,1,8
BRDA:108,15,0,1
BRDA:108,15,1,11
BRDA:113,16,0,11
BRDA:113,16,1,8
BRDA:125,17,0,12
BRDA:125,17,1,8
BRDA:130,18,0,12
BRDA:130,18,1,8
BRDA:131,19,0,0
BRDA:131,19,1,0
BRDA:135,20,0,12
BRDA:135,20,1,8
BRDA:140,21,0,12
BRDA:140,21,1,8
BRDA:145,22,0,12
BRDA:145,22,1,8
BRDA:150,23,0,12
BRDA:150,23,1,8
BRDA:155,24,0,12
BRDA:155,24,1,8
BRDA:160,25,0,12
BRDA:160,25,1,8
BRDA:167,26,0,12
BRDA:167,26,1,8
BRDA:168,27,0,1
BRDA:168,27,1,1
BRDA:171,28,0,1
BRDA:171,28,1,11
BRDA:173,29,0,12
BRDA:173,29,1,8
BRDA:174,30,0,2
BRDA:174,30,1,2
BRF:67
BRH:39
end_of_record
TN:
SF:src/views/RegisterView.vue
FN:10,(anonymous_0)
FN:20,(anonymous_1)
FN:48,_interopRequireDefault
FN:49,_toConsumableArray
FN:50,_nonIterableSpread
FN:51,_unsupportedIterableToArray
FN:52,_iterableToArray
FN:53,_arrayWithoutHoles
FN:54,_arrayLikeToArray
FN:82,render
FN:94,(anonymous_10)
FN:102,(anonymous_11)
FN:112,(anonymous_12)
FN:122,(anonymous_13)
FN:132,(anonymous_14)
FN:139,(anonymous_15)
FN:151,(anonymous_16)
FNF:17
FNH:9
FNDA:6,(anonymous_0)
FNDA:3,(anonymous_1)
FNDA:2,_interopRequireDefault
FNDA:11,_toConsumableArray
FNDA:0,_nonIterableSpread
FNDA:0,_unsupportedIterableToArray
FNDA:0,_iterableToArray
FNDA:11,_arrayWithoutHoles
FNDA:11,_arrayLikeToArray
FNDA:9,render
FNDA:3,(anonymous_10)
FNDA:0,(anonymous_11)
FNDA:0,(anonymous_12)
FNDA:0,(anonymous_13)
FNDA:0,(anonymous_14)
FNDA:0,(anonymous_15)
FNDA:11,(anonymous_16)
DA:4,2
DA:7,2
DA:8,2
DA:11,6
DA:21,3
DA:22,1
DA:23,1
DA:25,2
DA:26,1
DA:27,1
DA:31,1
DA:36,1
DA:40,2
DA:42,2
DA:45,2
DA:46,2
DA:47,2
DA:48,2
DA:49,11
DA:50,0
DA:51,0
DA:52,0
DA:53,11
DA:54,11
DA:55,2
DA:58,2
DA:61,2
DA:64,2
DA:67,2
DA:70,2
DA:73,2
DA:76,2
DA:79,2
DA:83,9
DA:84,9
DA:95,3
DA:103,0
DA:113,0
DA:123,0
DA:133,0
DA:140,0
DA:152,11
DA:156,2
LF:43
LH:35
BRDA:21,0,0,1
BRDA:21,0,1,2
BRDA:25,1,0,1
BRDA:25,1,1,1
BRDA:48,2,0,0
BRDA:48,2,1,2
BRDA:48,3,0,2
BRDA:48,3,1,0
BRDA:49,4,0,11
BRDA:49,4,1,0
BRDA:49,4,2,0
BRDA:49,4,3,0
BRDA:51,5,0,0
BRDA:51,5,1,0
BRDA:51,6,0,0
BRDA:51,6,1,0
BRDA:51,7,0,0
BRDA:51,7,1,0
BRDA:51,7,2,0
BRDA:51,8,0,0
BRDA:51,8,1,0
BRDA:51,9,0,0
BRDA:51,9,1,0
BRDA:51,10,0,0
BRDA:51,10,1,0
BRDA:51,11,0,0
BRDA:51,11,1,0
BRDA:52,12,0,0
BRDA:52,12,1,0
BRDA:52,13,0,0
BRDA:52,13,1,0
BRDA:52,13,2,0
BRDA:53,14,0,11
BRDA:53,14,1,0
BRDA:54,15,0,11
BRDA:54,15,1,0
BRDA:54,15,2,11
BRDA:84,16,0,9
BRDA:84,16,1,6
BRDA:90,17,0,9
BRDA:90,17,1,6
BRDA:94,18,0,9
BRDA:94,18,1,6
BRDA:95,19,0,3
BRDA:95,19,1,3
BRDA:97,20,0,9
BRDA:97,20,1,6
BRDA:102,21,0,9
BRDA:102,21,1,6
BRDA:107,22,0,9
BRDA:107,22,1,6
BRDA:112,23,0,9
BRDA:112,23,1,6
BRDA:117,24,0,9
BRDA:117,24,1,6
BRDA:122,25,0,9
BRDA:122,25,1,6
BRDA:127,26,0,9
BRDA:127,26,1,6
BRDA:132,27,0,9
BRDA:132,27,1,6
BRDA:139,28,0,9
BRDA:139,28,1,6
BRDA:142,29,0,9
BRDA:142,29,1,6
BRDA:144,30,0,9
BRDA:144,30,1,6
BRDA:144,31,0,9
BRDA:144,31,1,6
BRDA:147,32,0,9
BRDA:147,32,1,6
BRDA:152,33,0,11
BRDA:152,33,1,6
BRF:73
BRH:46
end_of_record
