TN:
SF:src/api/client.js
FN:3,request
FN:22,(anonymous_1)
FN:30,(anonymous_2)
FN:31,(anonymous_3)
FN:32,(anonymous_4)
FN:33,(anonymous_5)
FNF:6
FNH:5
FNDA:33,request
FNDA:0,(anonymous_1)
FNDA:28,(anonymous_2)
FNDA:3,(anonymous_3)
FNDA:1,(anonymous_4)
FNDA:1,(anonymous_5)
DA:1,6
DA:4,33
DA:5,33
DA:10,33
DA:11,0
DA:14,33
DA:19,33
DA:21,0
DA:22,0
DA:23,0
DA:26,0
DA:29,6
DA:30,28
DA:31,3
DA:32,1
DA:33,1
LF:16
LH:11
BRDA:3,0,0,0
BRDA:10,1,0,0
BRDA:10,1,1,33
BRDA:21,2,0,0
BRDA:21,2,1,0
BRDA:23,3,0,0
BRDA:23,3,1,0
BRF:7
BRH:1
end_of_record
TN:
SF:src/assets/logo.png
FNF:0
FNH:0
DA:1,4
LF:1
LH:1
BRF:0
BRH:0
end_of_record
TN:
SF:src/components/NavigationBar.vue
FN:19,_interopRequireDefault
FN:20,_toConsumableArray
FN:21,_nonIterableSpread
FN:22,_unsupportedIterableToArray
FN:23,_iterableToArray
FN:24,_arrayWithoutHoles
FN:25,_arrayLikeToArray
FN:32,render
FN:44,(anonymous_8)
FN:52,(anonymous_9)
FN:60,(anonymous_10)
FN:68,(anonymous_11)
FN:76,(anonymous_12)
FNF:13
FNH:10
FNDA:1,_interopRequireDefault
FNDA:31,_toConsumableArray
FNDA:0,_nonIterableSpread
FNDA:0,_unsupportedIterableToArray
FNDA:0,_iterableToArray
FNDA:31,_arrayWithoutHoles
FNDA:31,_arrayLikeToArray
FNDA:6,render
FNDA:7,(anonymous_8)
FNDA:6,(anonymous_9)
FNDA:6,(anonymous_10)
FNDA:6,(anonymous_11)
FNDA:6,(anonymous_12)
DA:4,1
DA:7,1
DA:8,1
DA:11,1
DA:13,1
DA:16,1
DA:17,1
DA:18,1
DA:19,1
DA:20,31
DA:21,0
DA:22,0
DA:23,0
DA:24,31
DA:25,31
DA:26,1
DA:29,1
DA:33,6
DA:34,6
DA:45,7
DA:53,6
DA:61,6
DA:69,6
DA:77,6
DA:81,1
LF:25
LH:22
BRDA:19,0,0,0
BRDA:19,0,1,1
BRDA:19,1,0,1
BRDA:19,1,1,0
BRDA:20,2,0,31
BRDA:20,2,1,0
BRDA:20,2,2,0
BRDA:20,2,3,0
BRDA:22,3,0,0
BRDA:22,3,1,0
BRDA:22,4,0,0
BRDA:22,4,1,0
BRDA:22,5,0,0
BRDA:22,5,1,0
BRDA:22,5,2,0
BRDA:22,6,0,0
BRDA:22,6,1,0
BRDA:22,7,0,0
BRDA:22,7,1,0
BRDA:22,8,0,0
BRDA:22,8,1,0
BRDA:22,9,0,0
BRDA:22,9,1,0
BRDA:23,10,0,0
BRDA:23,10,1,0
BRDA:23,11,0,0
BRDA:23,11,1,0
BRDA:23,11,2,0
BRDA:24,12,0,31
BRDA:24,12,1,0
BRDA:25,13,0,31
BRDA:25,13,1,0
BRDA:25,13,2,31
BRDA:34,14,0,6
BRDA:34,14,1,6
BRDA:45,15,0,7
BRDA:45,15,1,6
BRDA:53,16,0,6
BRDA:53,16,1,6
BRDA:61,17,0,6
BRDA:61,17,1,6
BRDA:69,18,0,6
BRDA:69,18,1,6
BRDA:77,19,0,6
BRDA:77,19,1,6
BRF:45
BRH:18
end_of_record
TN:
SF:src/router/index.js
FN:63,(anonymous_0)
FN:75,(anonymous_1)
FNF:2
FNH:0
FNDA:0,(anonymous_0)
FNDA:0,(anonymous_1)
DA:11,1
DA:64,0
DA:65,0
DA:70,1
DA:75,1
DA:76,0
DA:78,0
DA:79,0
DA:80,0
DA:81,0
DA:83,0
LF:11
LH:3
BRDA:78,0,0,0
BRDA:78,0,1,0
BRDA:78,1,0,0
BRDA:78,1,1,0
BRDA:80,2,0,0
BRDA:80,2,1,0
BRDA:80,3,0,0
BRDA:80,3,1,0
BRF:8
BRH:0
end_of_record
TN:
SF:src/views/ForgotView.vue
FN:51,_toConsumableArray
FN:52,_nonIterableSpread
FN:53,_unsupportedIterableToArray
FN:54,_iterableToArray
FN:55,_arrayWithoutHoles
FN:56,_arrayLikeToArray
FN:78,render
FN:85,(anonymous_7)
FN:94,(anonymous_8)
FN:108,(anonymous_9)
FNF:10
FNH:0
FNDA:0,_toConsumableArray
FNDA:0,_nonIterableSpread
FNDA:0,_unsupportedIterableToArray
FNDA:0,_iterableToArray
FNDA:0,_arrayWithoutHoles
FNDA:0,_arrayLikeToArray
FNDA:0,render
FNDA:0,(anonymous_7)
FNDA:0,(anonymous_8)
FNDA:0,(anonymous_9)
DA:4,1
DA:7,1
DA:44,1
DA:46,1
DA:49,1
DA:50,1
DA:51,0
DA:52,0
DA:53,0
DA:54,0
DA:55,0
DA:56,0
DA:57,1
DA:60,1
DA:63,1
DA:66,1
DA:70,1
DA:74,1
DA:75,1
DA:79,0
DA:80,0
DA:86,0
DA:95,0
DA:109,0
DA:113,1
LF:25
LH:14
BRDA:51,0,0,0
BRDA:51,0,1,0
BRDA:51,0,2,0
BRDA:51,0,3,0
BRDA:53,1,0,0
BRDA:53,1,1,0
BRDA:53,2,0,0
BRDA:53,2,1,0
BRDA:53,3,0,0
BRDA:53,3,1,0
BRDA:53,3,2,0
BRDA:53,4,0,0
BRDA:53,4,1,0
BRDA:53,5,0,0
BRDA:53,5,1,0
BRDA:53,6,0,0
BRDA:53,6,1,0
BRDA:53,7,0,0
BRDA:53,7,1,0
BRDA:54,8,0,0
BRDA:54,8,1,0
BRDA:54,9,0,0
BRDA:54,9,1,0
BRDA:54,9,2,0
BRDA:55,10,0,0
BRDA:55,10,1,0
BRDA:56,11,0,0
BRDA:56,11,1,0
BRDA:56,11,2,0
BRDA:80,12,0,0
BRDA:80,12,1,0
BRDA:82,13,0,0
BRDA:82,13,1,0
BRDA:85,14,0,0
BRDA:85,14,1,0
BRDA:86,15,0,0
BRDA:86,15,1,0
BRDA:89,16,0,0
BRDA:89,16,1,0
BRDA:94,17,0,0
BRDA:94,17,1,0
BRDA:100,18,0,0
BRDA:100,18,1,0
BRDA:100,19,0,0
BRDA:100,19,1,0
BRDA:104,20,0,0
BRDA:104,20,1,0
BRDA:109,21,0,0
BRDA:109,21,1,0
BRF:49
BRH:0
end_of_record
TN:
SF:src/views/HistoryView.vue
FN:97,render
FN:100,(anonymous_1)
FNF:2
FNH:1
FNDA:8,render
FNDA:0,(anonymous_1)
DA:4,2
DA:7,2
DA:58,2
DA:60,2
DA:63,2
DA:64,2
DA:65,2
DA:68,2
DA:71,2
DA:74,2
DA:77,2
DA:80,2
DA:83,2
DA:87,2
DA:91,2
DA:94,2
DA:98,8
DA:101,0
DA:107,2
LF:19
LH:18
BRDA:98,0,0,8
BRDA:98,0,1,8
BRDA:100,1,0,8
BRDA:100,1,1,8
BRDA:103,2,0,0
BRDA:103,2,1,0
BRDA:104,3,0,8
BRDA:104,3,1,8
BRF:8
BRH:6
end_of_record
TN:
SF:src/views/HomeView.vue
FN:21,render
FNF:1
FNH:1
FNDA:6,render
DA:4,2
DA:7,2
DA:8,2
DA:11,2
DA:13,2
DA:16,2
DA:17,2
DA:18,2
DA:22,6
DA:23,2
LF:10
LH:10
BRDA:22,0,0,6
BRDA:22,0,1,6
BRF:2
BRH:2
end_of_record
TN:
SF:src/views/LoginView.vue
FN:50,_interopRequireDefault
FN:51,_toConsumableArray
FN:52,_nonIterableSpread
FN:53,_unsupportedIterableToArray
FN:54,_iterableToArray
FN:55,_arrayWithoutHoles
FN:56,_arrayLikeToArray
FN:82,render
FN:94,(anonymous_8)
FN:102,(anonymous_9)
FN:112,(anonymous_10)
FN:119,(anonymous_11)
FN:128,(anonymous_12)
FN:139,(anonymous_13)
FNF:14
FNH:8
FNDA:2,_interopRequireDefault
FNDA:10,_toConsumableArray
FNDA:0,_nonIterableSpread
FNDA:0,_unsupportedIterableToArray
FNDA:0,_iterableToArray
FNDA:10,_arrayWithoutHoles
FNDA:10,_arrayLikeToArray
FNDA:7,render
FNDA:1,(anonymous_8)
FNDA:0,(anonymous_9)
FNDA:0,(anonymous_10)
FNDA:0,(anonymous_11)
FNDA:5,(anonymous_12)
FNDA:5,(anonymous_13)
DA:4,2
DA:7,2
DA:42,2
DA:44,2
DA:47,2
DA:48,2
DA:49,2
DA:50,2
DA:51,10
DA:52,0
DA:53,0
DA:54,0
DA:55,10
DA:56,10
DA:57,2
DA:60,2
DA:63,2
DA:67,2
DA:70,2
DA:73,2
DA:76,2
DA:79,2
DA:83,7
DA:84,7
DA:95,1
DA:103,0
DA:113,0
DA:120,0
DA:129,5
DA:140,5
DA:144,2
LF:31
LH:25
BRDA:50,0,0,0
BRDA:50,0,1,2
BRDA:50,1,0,2
BRDA:50,1,1,0
BRDA:51,2,0,10
BRDA:51,2,1,0
BRDA:51,2,2,0
BRDA:51,2,3,0
BRDA:53,3,0,0
BRDA:53,3,1,0
BRDA:53,4,0,0
BRDA:53,4,1,0
BRDA:53,5,0,0
BRDA:53,5,1,0
BRDA:53,5,2,0
BRDA:53,6,0,0
BRDA:53,6,1,0
BRDA:53,7,0,0
BRDA:53,7,1,0
BRDA:53,8,0,0
BRDA:53,8,1,0
BRDA:53,9,0,0
BRDA:53,9,1,0
BRDA:54,10,0,0
BRDA:54,10,1,0
BRDA:54,11,0,0
BRDA:54,11,1,0
BRDA:54,11,2,0
BRDA:55,12,0,10
BRDA:55,12,1,0
BRDA:56,13,0,10
BRDA:56,13,1,0
BRDA:56,13,2,10
BRDA:84,14,0,7
BRDA:84,14,1,5
BRDA:90,15,0,7
BRDA:90,15,1,5
BRDA:92,16,0,1
BRDA:92,16,1,6
BRDA:94,17,0,7
BRDA:94,17,1,5
BRDA:95,18,0,1
BRDA:95,18,1,1
BRDA:97,19,0,7
BRDA:97,19,1,5
BRDA:102,20,0,7
BRDA:102,20,1,5
BRDA:107,21,0,7
BRDA:107,21,1,5
BRDA:112,22,0,7
BRDA:112,22,1,5
BRDA:119,23,0,7
BRDA:119,23,1,5
BRDA:122,24,0,7
BRDA:122,24,1,5
BRDA:124,25,0,7
BRDA:124,25,1,5
BRDA:129,26,0,5
BRDA:129,26,1,5
BRDA:132,27,0,7
BRDA:132,27,1,5
BRDA:135,28,0,7
BRDA:135,28,1,5
BRDA:140,29,0,5
BRDA:140,29,1,5
BRF:65
BRH:38
end_of_record
TN:
SF:src/views/PredictionView.vue
FN:164,render
FN:169,(anonymous_1)
FN:175,(anonymous_2)
FN:186,(anonymous_3)
FN:192,(anonymous_4)
FN:199,(anonymous_5)
FN:228,(anonymous_6)
FNF:7
FNH:3
FNDA:33,render
FNDA:0,(anonymous_1)
FNDA:0,(anonymous_2)
FNDA:0,(anonymous_3)
FNDA:0,(anonymous_4)
FNDA:1,(anonymous_5)
FNDA:1,(anonymous_6)
DA:4,2
DA:7,2
DA:87,2
DA:89,2
DA:92,2
DA:93,2
DA:94,2
DA:97,2
DA:100,2
DA:109,2
DA:112,2
DA:115,2
DA:118,2
DA:119,2
DA:122,2
DA:123,2
DA:124,2
DA:128,2
DA:131,2
DA:134,2
DA:137,2
DA:140,2
DA:143,2
DA:146,2
DA:149,2
DA:152,2
DA:155,2
DA:158,2
DA:161,2
DA:165,33
DA:170,0
DA:176,0
DA:187,0
DA:193,0
DA:200,1
DA:229,1
DA:232,2
LF:37
LH:33
BRDA:165,0,0,20
BRDA:165,0,1,13
BRDA:165,1,0,33
BRDA:165,1,1,12
BRDA:169,2,0,33
BRDA:169,2,1,12
BRDA:173,3,0,33
BRDA:173,3,1,12
BRDA:180,4,0,33
BRDA:180,4,1,12
BRDA:182,5,0,33
BRDA:182,5,1,12
BRDA:186,6,0,33
BRDA:186,6,1,12
BRDA:190,7,0,33
BRDA:190,7,1,12
BRDA:199,8,0,33
BRDA:199,8,1,12
BRDA:200,9,0,1
BRDA:200,9,1,1
BRDA:202,10,0,33
BRDA:202,10,1,6
BRDA:202,10,2,6
BRDA:203,11,0,1
BRDA:203,11,1,32
BRDA:203,12,0,5
BRDA:203,12,1,28
BRDA:203,13,0,5
BRDA:203,13,1,5
BRDA:203,14,0,5
BRDA:203,14,1,5
BRDA:210,15,0,5
BRDA:210,15,1,5
BRDA:217,16,0,5
BRDA:217,16,1,5
BRDA:224,17,0,5
BRDA:224,17,1,5
BRDA:228,18,0,5
BRDA:228,18,1,5
BRDA:229,19,0,1
BRDA:229,19,1,1
BRF:41
BRH:41
end_of_record
TN:
SF:src/views/ProfileView.vue
FN:95,_toConsumableArray
FN:96,_nonIterableSpread
FN:97,_unsupportedIterableToArray
FN:98,_iterableToArray
FN:99,_arrayWithoutHoles
FN:100,_arrayLikeToArray
FN:143,render
FN:168,(anonymous_7)
FN:178,(anonymous_8)
FN:188,(anonymous_9)
FN:198,(anonymous_10)
FN:205,(anonymous_11)
FN:211,(anonymous_12)
FNF:13
FNH:6
FNDA:11,_toConsumableArray
FNDA:0,_nonIterableSpread
FNDA:0,_unsupportedIterableToArray
FNDA:0,_iterableToArray
FNDA:11,_arrayWithoutHoles
FNDA:11,_arrayLikeToArray
FNDA:12,render
FNDA:0,(anonymous_7)
FNDA:0,(anonymous_8)
FNDA:0,(anonymous_9)
FNDA:0,(anonymous_10)
FNDA:1,(anonymous_11)
FNDA:2,(anonymous_12)
DA:4,2
DA:7,2
DA:88,2
DA:90,2
DA:93,2
DA:94,2
DA:95,11
DA:96,0
DA:97,0
DA:98,0
DA:99,11
DA:100,11
DA:101,2
DA:104,2
DA:107,2
DA:110,2
DA:113,2
DA:116,2
DA:119,2
DA:120,2
DA:124,2
DA:127,2
DA:130,2
DA:133,2
DA:136,2
DA:139,2
DA:142,2
DA:144,12
DA:169,0
DA:179,0
DA:189,0
DA:199,0
DA:206,1
DA:212,2
DA:215,2
LF:35
LH:28
BRDA:95,0,0,11
BRDA:95,0,1,0
BRDA:95,0,2,0
BRDA:95,0,3,0
BRDA:97,1,0,0
BRDA:97,1,1,0
BRDA:97,2,0,0
BRDA:97,2,1,0
BRDA:97,3,0,0
BRDA:97,3,1,0
BRDA:97,3,2,0
BRDA:97,4,0,0
BRDA:97,4,1,0
BRDA:97,5,0,0
BRDA:97,5,1,0
BRDA:97,6,0,0
BRDA:97,6,1,0
BRDA:97,7,0,0
BRDA:97,7,1,0
BRDA:98,8,0,0
BRDA:98,8,1,0
BRDA:98,9,0,0
BRDA:98,9,1,0
BRDA:98,9,2,0
BRDA:99,10,0,11
BRDA:99,10,1,0
BRDA:100,11,0,11
BRDA:100,11,1,0
BRDA:100,11,2,11
BRDA:144,12,0,12
BRDA:144,12,1,8
BRDA:146,13,0,1
BRDA:146,13,1,11
BRDA:151,14,0,11
BRDA:151,14,1,8
BRDA:163,15,0,12
BRDA:163,15,1,8
BRDA:168,16,0,12
BRDA:168,16,1,8
BRDA:169,17,0,0
BRDA:169,17,1,0
BRDA:173,18,0,12
BRDA:173,18,1,8
BRDA:178,19,0,12
BRDA:178,19,1,8
BRDA:183,20,0,12
BRDA:183,20,1,8
BRDA:188,21,0,12
BRDA:188,21,1,8
BRDA:193,22,0,12
BRDA:193,22,1,8
BRDA:198,23,0,12
BRDA:198,23,1,8
BRDA:205,24,0,12
BRDA:205,24,1,8
BRDA:206,25,0,1
BRDA:206,25,1,1
BRDA:209,26,0,1
BRDA:209,26,1,11
BRDA:211,27,0,12
BRDA:211,27,1,8
BRDA:212,28,0,2
BRDA:212,28,1,2
BRF:63
BRH:36
end_of_record
TN:
SF:src/views/RegisterView.vue
FN:60,_interopRequireDefault
FN:61,_toConsumableArray
FN:62,_nonIterableSpread
FN:63,_unsupportedIterableToArray
FN:64,_iterableToArray
FN:65,_arrayWithoutHoles
FN:66,_arrayLikeToArray
FN:98,render
FN:110,(anonymous_8)
FN:118,(anonymous_9)
FN:128,(anonymous_10)
FN:138,(anonymous_11)
FN:148,(anonymous_12)
FN:155,(anonymous_13)
FN:167,(anonymous_14)
FNF:15
FNH:7
FNDA:2,_interopRequireDefault
FNDA:6,_toConsumableArray
FNDA:0,_nonIterableSpread
FNDA:0,_unsupportedIterableToArray
FNDA:0,_iterableToArray
FNDA:6,_arrayWithoutHoles
FNDA:6,_arrayLikeToArray
FNDA:12,render
FNDA:3,(anonymous_8)
FNDA:0,(anonymous_9)
FNDA:0,(anonymous_10)
FNDA:0,(anonymous_11)
FNDA:0,(anonymous_12)
FNDA:0,(anonymous_13)
FNDA:6,(anonymous_14)
DA:4,2
DA:7,2
DA:52,2
DA:54,2
DA:57,2
DA:58,2
DA:59,2
DA:60,2
DA:61,6
DA:62,0
DA:63,0
DA:64,0
DA:65,6
DA:66,6
DA:67,2
DA:70,2
DA:73,2
DA:77,2
DA:80,2
DA:83,2
DA:86,2
DA:89,2
DA:92,2
DA:95,2
DA:99,12
DA:100,12
DA:111,3
DA:119,0
DA:129,0
DA:139,0
DA:149,0
DA:156,0
DA:168,6
DA:172,2
LF:34
LH:26
BRDA:60,0,0,0
BRDA:60,0,1,2
BRDA:60,1,0,2
BRDA:60,1,1,0
BRDA:61,2,0,6
BRDA:61,2,1,0
BRDA:61,2,2,0
BRDA:61,2,3,0
BRDA:63,3,0,0
BRDA:63,3,1,0
BRDA:63,4,0,0
BRDA:63,4,1,0
BRDA:63,5,0,0
BRDA:63,5,1,0
BRDA:63,5,2,0
BRDA:63,6,0,0
BRDA:63,6,1,0
BRDA:63,7,0,0
BRDA:63,7,1,0
BRDA:63,8,0,0
BRDA:63,8,1,0
BRDA:63,9,0,0
BRDA:63,9,1,0
BRDA:64,10,0,0
BRDA:64,10,1,0
BRDA:64,11,0,0
BRDA:64,11,1,0
BRDA:64,11,2,0
BRDA:65,12,0,6
BRDA:65,12,1,0
BRDA:66,13,0,6
BRDA:66,13,1,0
BRDA:66,13,2,6
BRDA:100,14,0,12
BRDA:100,14,1,6
BRDA:106,15,0,12
BRDA:106,15,1,6
BRDA:108,16,0,3
BRDA:108,16,1,9
BRDA:110,17,0,12
BRDA:110,17,1,6
BRDA:111,18,0,3
BRDA:111,18,1,3
BRDA:113,19,0,12
BRDA:113,19,1,6
BRDA:118,20,0,12
BRDA:118,20,1,6
BRDA:123,21,0,12
BRDA:123,21,1,6
BRDA:128,22,0,12
BRDA:128,22,1,6
BRDA:133,23,0,12
BRDA:133,23,1,6
BRDA:138,24,0,12
BRDA:138,24,1,6
BRDA:143,25,0,12
BRDA:143,25,1,6
BRDA:148,26,0,12
BRDA:148,26,1,6
BRDA:155,27,0,12
BRDA:155,27,1,6
BRDA:158,28,0,12
BRDA:158,28,1,6
BRDA:160,29,0,12
BRDA:160,29,1,6
BRDA:160,30,0,12
BRDA:160,30,1,6
BRDA:163,31,0,12
BRDA:163,31,1,6
BRDA:168,32,0,6
BRDA:168,32,1,6
BRF:71
BRH:44
end_of_record
TN:
SF:src/views/ResetView.vue
FN:88,render
FN:94,(anonymous_1)
FN:103,(anonymous_2)
FN:114,(anonymous_3)
FNF:4
FNH:0
FNDA:0,render
FNDA:0,(anonymous_1)
FNDA:0,(anonymous_2)
FNDA:0,(anonymous_3)
DA:4,1
DA:7,1
DA:60,1
DA:62,1
DA:65,1
DA:66,1
DA:67,1
DA:70,1
DA:73,1
DA:76,1
DA:79,1
DA:83,1
DA:87,1
DA:89,0
DA:95,0
DA:104,0
DA:115,0
DA:125,1
LF:18
LH:14
BRDA:89,0,0,0
BRDA:89,0,1,0
BRDA:91,1,0,0
BRDA:91,1,1,0
BRDA:94,2,0,0
BRDA:94,2,1,0
BRDA:95,3,0,0
BRDA:95,3,1,0
BRDA:98,4,0,0
BRDA:98,4,1,0
BRDA:103,5,0,0
BRDA:103,5,1,0
BRDA:109,6,0,0
BRDA:109,6,1,0
BRDA:114,7,0,0
BRDA:114,7,1,0
BRDA:120,8,0,0
BRDA:120,8,1,0
BRDA:120,9,0,0
BRDA:120,9,1,0
BRDA:124,10,0,0
BRDA:124,10,1,0
BRF:22
BRH:0
end_of_record
